2020-04-27 16:39:32.876 [main] INFO  cn.enjoy.PayServiceApp - The following profiles are active: beta
2020-04-27 16:39:33.892 [main] WARN  o.springframework.boot.actuate.endpoint.EndpointId - Endpoint ID 'service-registry' contains invalid characters, please migrate to a valid format.
2020-04-27 16:39:33.906 [main] WARN  o.springframework.boot.actuate.endpoint.EndpointId - Endpoint ID 'hystrix.stream' contains invalid characters, please migrate to a valid format.
2020-04-27 16:39:34.017 [main] INFO  o.springframework.cloud.context.scope.GenericScope - BeanFactory id=9f56705f-9461-30dd-ae58-bcecc5cce8f2
2020-04-27 16:39:34.083 [main] INFO  o.s.c.s.PostProcessorRegistrationDelegate$BeanPostProcessorChecker - Bean 'cn.enjoy.mall.feign.IPayServiceClient' of type [org.springframework.cloud.openfeign.FeignClientFactoryBean] is not eligible for getting processed by all BeanPostProcessors (for example: not eligible for auto-proxying)
2020-04-27 16:39:34.524 [main] INFO  o.s.boot.web.embedded.tomcat.TomcatWebServer - Tomcat initialized with port(s): 8188 (http)
2020-04-27 16:39:34.535 [main] INFO  org.apache.coyote.http11.Http11NioProtocol - Initializing ProtocolHandler ["http-nio-8188"]
2020-04-27 16:39:34.536 [main] INFO  org.apache.catalina.core.StandardService - Starting service [Tomcat]
2020-04-27 16:39:34.536 [main] INFO  org.apache.catalina.core.StandardEngine - Starting Servlet engine: [Apache Tomcat/9.0.29]
2020-04-27 16:39:34.790 [main] INFO  o.a.c.core.ContainerBase.[Tomcat].[localhost].[/] - Initializing Spring embedded WebApplicationContext
2020-04-27 16:39:34.790 [main] INFO  org.springframework.web.context.ContextLoader - Root WebApplicationContext: initialization completed in 1890 ms
2020-04-27 16:39:34.893 [main] WARN  com.netflix.config.sources.URLConfigurationSource - No URLs will be polled as dynamic configuration sources.
2020-04-27 16:39:34.894 [main] INFO  com.netflix.config.sources.URLConfigurationSource - To enable URLs as dynamic configuration sources, define System property archaius.configurationSource.additionalUrls or make config.properties available on classpath.
2020-04-27 16:39:34.905 [main] INFO  com.netflix.config.DynamicPropertyFactory - DynamicPropertyFactory is initialized with configuration sources: com.netflix.config.ConcurrentCompositeConfiguration@3e1f1046
2020-04-27 16:39:36.444 [main] INFO  org.springframework.cloud.commons.util.InetUtils - Cannot determine local hostname
2020-04-27 16:39:36.813 [main] WARN  com.netflix.config.sources.URLConfigurationSource - No URLs will be polled as dynamic configuration sources.
2020-04-27 16:39:36.813 [main] INFO  com.netflix.config.sources.URLConfigurationSource - To enable URLs as dynamic configuration sources, define System property archaius.configurationSource.additionalUrls or make config.properties available on classpath.
2020-04-27 16:39:36.962 [main] INFO  o.s.scheduling.concurrent.ThreadPoolTaskExecutor - Initializing ExecutorService 'applicationTaskExecutor'
2020-04-27 16:39:38.513 [main] INFO  org.springframework.cloud.commons.util.InetUtils - Cannot determine local hostname
2020-04-27 16:39:39.836 [main] INFO  org.springframework.cloud.commons.util.InetUtils - Cannot determine local hostname
2020-04-27 16:39:39.888 [main] WARN  o.s.c.l.c.BlockingLoadBalancerClientAutoConfiguration$BlockingLoadBalancerClientRibbonWarnLogger - You already have RibbonLoadBalancerClient on your classpath. It will be used by default. As Spring Cloud Ribbon is in maintenance mode. We recommend switching to BlockingLoadBalancerClient instead. In order to use it, set the value of `spring.cloud.loadbalancer.ribbon.enabled` to `false` or remove spring-cloud-starter-netflix-ribbon from your project.
2020-04-27 16:39:39.969 [main] INFO  o.s.b.actuate.endpoint.web.EndpointLinksResolver - Exposing 2 endpoint(s) beneath base path '/actuator'
2020-04-27 16:39:40.005 [main] INFO  o.s.cloud.netflix.eureka.InstanceInfoFactory - Setting initial instance status as: STARTING
2020-04-27 16:39:40.047 [main] INFO  com.netflix.discovery.DiscoveryClient - Initializing Eureka in region us-east-1
2020-04-27 16:39:40.202 [main] INFO  c.n.discovery.provider.DiscoveryJerseyProvider - Using JSON encoding codec LegacyJacksonJson
2020-04-27 16:39:40.202 [main] INFO  c.n.discovery.provider.DiscoveryJerseyProvider - Using JSON decoding codec LegacyJacksonJson
2020-04-27 16:39:40.352 [main] INFO  c.n.discovery.provider.DiscoveryJerseyProvider - Using XML encoding codec XStreamXml
2020-04-27 16:39:40.352 [main] INFO  c.n.discovery.provider.DiscoveryJerseyProvider - Using XML decoding codec XStreamXml
2020-04-27 16:39:40.552 [main] INFO  c.n.d.shared.resolver.aws.ConfigClusterResolver - Resolving eureka endpoints via configuration
2020-04-27 16:39:40.769 [main] INFO  com.netflix.discovery.DiscoveryClient - Disable delta property : false
2020-04-27 16:39:40.769 [main] INFO  com.netflix.discovery.DiscoveryClient - Single vip registry refresh property : null
2020-04-27 16:39:40.769 [main] INFO  com.netflix.discovery.DiscoveryClient - Force full registry fetch : false
2020-04-27 16:39:40.769 [main] INFO  com.netflix.discovery.DiscoveryClient - Application is null : false
2020-04-27 16:39:40.769 [main] INFO  com.netflix.discovery.DiscoveryClient - Registered Applications size is zero : true
2020-04-27 16:39:40.769 [main] INFO  com.netflix.discovery.DiscoveryClient - Application version is -1: true
2020-04-27 16:39:40.769 [main] INFO  com.netflix.discovery.DiscoveryClient - Getting all instance registry info from the eureka server
2020-04-27 16:39:41.008 [main] INFO  com.netflix.discovery.DiscoveryClient - The response status is 200
2020-04-27 16:39:41.011 [main] INFO  com.netflix.discovery.DiscoveryClient - Starting heartbeat executor: renew interval is: 30
2020-04-27 16:39:41.013 [main] INFO  com.netflix.discovery.InstanceInfoReplicator - InstanceInfoReplicator onDemand update allowed rate per min is 4
2020-04-27 16:39:41.016 [main] INFO  com.netflix.discovery.DiscoveryClient - Discovery Client initialized at timestamp 1587976781016 with initial instances count: 4
2020-04-27 16:39:41.018 [main] INFO  o.s.c.n.e.serviceregistry.EurekaServiceRegistry - Registering application MALL-PAY-SERVICE with eureka with status UP
2020-04-27 16:39:41.019 [main] INFO  com.netflix.discovery.DiscoveryClient - Saw local status change event StatusChangeEvent [timestamp=1587976781019, current=UP, previous=STARTING]
2020-04-27 16:39:41.021 [DiscoveryClient-InstanceInfoReplicator-0] INFO  com.netflix.discovery.DiscoveryClient - DiscoveryClient_MALL-PAY-SERVICE/localhost:mall-pay-service:8188: registering service...
2020-04-27 16:39:41.034 [main] INFO  org.apache.coyote.http11.Http11NioProtocol - Starting ProtocolHandler ["http-nio-8188"]
2020-04-27 16:39:41.055 [DiscoveryClient-InstanceInfoReplicator-0] INFO  com.netflix.discovery.DiscoveryClient - DiscoveryClient_MALL-PAY-SERVICE/localhost:mall-pay-service:8188 - registration status: 204
2020-04-27 16:39:41.059 [main] INFO  o.s.boot.web.embedded.tomcat.TomcatWebServer - Tomcat started on port(s): 8188 (http) with context path ''
2020-04-27 16:39:41.060 [main] INFO  o.s.c.n.e.s.EurekaAutoServiceRegistration - Updating port to 8188
2020-04-27 16:39:42.367 [main] INFO  org.springframework.cloud.commons.util.InetUtils - Cannot determine local hostname
2020-04-27 16:39:42.368 [main] INFO  cn.enjoy.PayServiceApp - Started PayServiceApp in 13.397 seconds (JVM running for 14.883)
2020-04-27 16:40:16.139 [http-nio-8188-exec-1] INFO  o.a.c.core.ContainerBase.[Tomcat].[localhost].[/] - Initializing Spring DispatcherServlet 'dispatcherServlet'
2020-04-27 16:40:16.139 [http-nio-8188-exec-1] INFO  org.springframework.web.servlet.DispatcherServlet - Initializing Servlet 'dispatcherServlet'
2020-04-27 16:40:16.148 [http-nio-8188-exec-1] INFO  org.springframework.web.servlet.DispatcherServlet - Completed initialization in 9 ms
2020-04-27 16:44:40.772 [AsyncResolver-bootstrap-executor-0] INFO  c.n.d.shared.resolver.aws.ConfigClusterResolver - Resolving eureka endpoints via configuration
2020-04-27 16:49:40.774 [AsyncResolver-bootstrap-executor-0] INFO  c.n.d.shared.resolver.aws.ConfigClusterResolver - Resolving eureka endpoints via configuration
2020-04-27 16:54:40.775 [AsyncResolver-bootstrap-executor-0] INFO  c.n.d.shared.resolver.aws.ConfigClusterResolver - Resolving eureka endpoints via configuration
2020-04-27 16:59:40.788 [AsyncResolver-bootstrap-executor-0] INFO  c.n.d.shared.resolver.aws.ConfigClusterResolver - Resolving eureka endpoints via configuration
2020-04-27 17:04:40.789 [AsyncResolver-bootstrap-executor-0] INFO  c.n.d.shared.resolver.aws.ConfigClusterResolver - Resolving eureka endpoints via configuration
2020-04-27 17:09:40.790 [AsyncResolver-bootstrap-executor-0] INFO  c.n.d.shared.resolver.aws.ConfigClusterResolver - Resolving eureka endpoints via configuration
2020-04-27 17:14:40.790 [AsyncResolver-bootstrap-executor-0] INFO  c.n.d.shared.resolver.aws.ConfigClusterResolver - Resolving eureka endpoints via configuration
2020-04-27 17:19:40.792 [AsyncResolver-bootstrap-executor-0] INFO  c.n.d.shared.resolver.aws.ConfigClusterResolver - Resolving eureka endpoints via configuration
2020-04-27 17:24:40.792 [AsyncResolver-bootstrap-executor-0] INFO  c.n.d.shared.resolver.aws.ConfigClusterResolver - Resolving eureka endpoints via configuration
2020-04-27 17:29:40.794 [AsyncResolver-bootstrap-executor-0] INFO  c.n.d.shared.resolver.aws.ConfigClusterResolver - Resolving eureka endpoints via configuration
2020-04-27 17:34:40.795 [AsyncResolver-bootstrap-executor-0] INFO  c.n.d.shared.resolver.aws.ConfigClusterResolver - Resolving eureka endpoints via configuration
2020-04-27 17:39:40.796 [AsyncResolver-bootstrap-executor-0] INFO  c.n.d.shared.resolver.aws.ConfigClusterResolver - Resolving eureka endpoints via configuration
2020-04-27 17:44:40.798 [AsyncResolver-bootstrap-executor-0] INFO  c.n.d.shared.resolver.aws.ConfigClusterResolver - Resolving eureka endpoints via configuration
2020-04-27 17:49:40.799 [AsyncResolver-bootstrap-executor-0] INFO  c.n.d.shared.resolver.aws.ConfigClusterResolver - Resolving eureka endpoints via configuration
2020-04-27 17:54:40.800 [AsyncResolver-bootstrap-executor-0] INFO  c.n.d.shared.resolver.aws.ConfigClusterResolver - Resolving eureka endpoints via configuration
2020-04-27 17:59:40.802 [AsyncResolver-bootstrap-executor-0] INFO  c.n.d.shared.resolver.aws.ConfigClusterResolver - Resolving eureka endpoints via configuration
