2020-04-23 17:35:52.129 [main] INFO  cn.enjoy.FrontApp - The following profiles are active: beta
2020-04-23 17:35:53.459 [main] INFO  o.s.d.r.config.RepositoryConfigurationDelegate - Multiple Spring Data modules found, entering strict repository configuration mode!
2020-04-23 17:35:53.461 [main] INFO  o.s.d.r.config.RepositoryConfigurationDelegate - Bootstrapping Spring Data Redis repositories in DEFAULT mode.
2020-04-23 17:35:53.533 [main] INFO  o.s.d.r.config.RepositoryConfigurationDelegate - Finished Spring Data repository scanning in 57ms. Found 0 Redis repository interfaces.
2020-04-23 17:35:53.619 [main] WARN  o.springframework.boot.actuate.endpoint.EndpointId - Endpoint ID 'service-registry' contains invalid characters, please migrate to a valid format.
2020-04-23 17:35:53.640 [main] WARN  o.springframework.boot.actuate.endpoint.EndpointId - Endpoint ID 'hystrix.stream' contains invalid characters, please migrate to a valid format.
2020-04-23 17:35:53.780 [main] INFO  o.springframework.cloud.context.scope.GenericScope - BeanFactory id=4baae3a0-84eb-3920-9367-13af363e702f
2020-04-23 17:35:53.879 [main] INFO  o.s.c.s.PostProcessorRegistrationDelegate$BeanPostProcessorChecker - Bean 'cn.enjoy.mall.web.feign.IGoodsCategoryServiceClient' of type [org.springframework.cloud.openfeign.FeignClientFactoryBean] is not eligible for getting processed by all BeanPostProcessors (for example: not eligible for auto-proxying)
2020-04-23 17:35:53.880 [main] INFO  o.s.c.s.PostProcessorRegistrationDelegate$BeanPostProcessorChecker - Bean 'cn.enjoy.mall.web.feign.IGoodsServiceClient' of type [org.springframework.cloud.openfeign.FeignClientFactoryBean] is not eligible for getting processed by all BeanPostProcessors (for example: not eligible for auto-proxying)
2020-04-23 17:35:53.881 [main] INFO  o.s.c.s.PostProcessorRegistrationDelegate$BeanPostProcessorChecker - Bean 'cn.enjoy.mall.web.feign.IKillSpecManageServiceClient' of type [org.springframework.cloud.openfeign.FeignClientFactoryBean] is not eligible for getting processed by all BeanPostProcessors (for example: not eligible for auto-proxying)
2020-04-23 17:35:53.883 [main] INFO  o.s.c.s.PostProcessorRegistrationDelegate$BeanPostProcessorChecker - Bean 'cn.enjoy.mall.web.feign.IOrderServiceClient' of type [org.springframework.cloud.openfeign.FeignClientFactoryBean] is not eligible for getting processed by all BeanPostProcessors (for example: not eligible for auto-proxying)
2020-04-23 17:35:53.884 [main] INFO  o.s.c.s.PostProcessorRegistrationDelegate$BeanPostProcessorChecker - Bean 'cn.enjoy.mall.web.feign.IPayServiceClient' of type [org.springframework.cloud.openfeign.FeignClientFactoryBean] is not eligible for getting processed by all BeanPostProcessors (for example: not eligible for auto-proxying)
2020-04-23 17:35:53.885 [main] INFO  o.s.c.s.PostProcessorRegistrationDelegate$BeanPostProcessorChecker - Bean 'cn.enjoy.mall.web.feign.IShoppingCartServiceClient' of type [org.springframework.cloud.openfeign.FeignClientFactoryBean] is not eligible for getting processed by all BeanPostProcessors (for example: not eligible for auto-proxying)
2020-04-23 17:35:53.886 [main] INFO  o.s.c.s.PostProcessorRegistrationDelegate$BeanPostProcessorChecker - Bean 'cn.enjoy.mall.web.feign.IUserAddressServiceClient' of type [org.springframework.cloud.openfeign.FeignClientFactoryBean] is not eligible for getting processed by all BeanPostProcessors (for example: not eligible for auto-proxying)
2020-04-23 17:35:53.887 [main] INFO  o.s.c.s.PostProcessorRegistrationDelegate$BeanPostProcessorChecker - Bean 'cn.enjoy.sys.feign.IAuthorizeServiceClient' of type [org.springframework.cloud.openfeign.FeignClientFactoryBean] is not eligible for getting processed by all BeanPostProcessors (for example: not eligible for auto-proxying)
2020-04-23 17:35:53.889 [main] INFO  o.s.c.s.PostProcessorRegistrationDelegate$BeanPostProcessorChecker - Bean 'cn.enjoy.sys.feign.IDepartmentServiceClient' of type [org.springframework.cloud.openfeign.FeignClientFactoryBean] is not eligible for getting processed by all BeanPostProcessors (for example: not eligible for auto-proxying)
2020-04-23 17:35:53.890 [main] INFO  o.s.c.s.PostProcessorRegistrationDelegate$BeanPostProcessorChecker - Bean 'cn.enjoy.sys.feign.IDictDataServiceClient' of type [org.springframework.cloud.openfeign.FeignClientFactoryBean] is not eligible for getting processed by all BeanPostProcessors (for example: not eligible for auto-proxying)
2020-04-23 17:35:53.891 [main] INFO  o.s.c.s.PostProcessorRegistrationDelegate$BeanPostProcessorChecker - Bean 'cn.enjoy.sys.feign.IDictTypeServiceClient' of type [org.springframework.cloud.openfeign.FeignClientFactoryBean] is not eligible for getting processed by all BeanPostProcessors (for example: not eligible for auto-proxying)
2020-04-23 17:35:53.892 [main] INFO  o.s.c.s.PostProcessorRegistrationDelegate$BeanPostProcessorChecker - Bean 'cn.enjoy.sys.feign.ILoginServiceClient' of type [org.springframework.cloud.openfeign.FeignClientFactoryBean] is not eligible for getting processed by all BeanPostProcessors (for example: not eligible for auto-proxying)
2020-04-23 17:35:53.894 [main] INFO  o.s.c.s.PostProcessorRegistrationDelegate$BeanPostProcessorChecker - Bean 'cn.enjoy.sys.feign.IResourceServiceClient' of type [org.springframework.cloud.openfeign.FeignClientFactoryBean] is not eligible for getting processed by all BeanPostProcessors (for example: not eligible for auto-proxying)
2020-04-23 17:35:53.895 [main] INFO  o.s.c.s.PostProcessorRegistrationDelegate$BeanPostProcessorChecker - Bean 'cn.enjoy.sys.feign.IRoleServiceClient' of type [org.springframework.cloud.openfeign.FeignClientFactoryBean] is not eligible for getting processed by all BeanPostProcessors (for example: not eligible for auto-proxying)
2020-04-23 17:35:53.896 [main] INFO  o.s.c.s.PostProcessorRegistrationDelegate$BeanPostProcessorChecker - Bean 'cn.enjoy.sys.feign.IUserServiceClient' of type [org.springframework.cloud.openfeign.FeignClientFactoryBean] is not eligible for getting processed by all BeanPostProcessors (for example: not eligible for auto-proxying)
2020-04-23 17:35:53.977 [main] INFO  o.s.c.s.PostProcessorRegistrationDelegate$BeanPostProcessorChecker - Bean 'cn.enjoy.config.ShiroOauth2Configuration' of type [cn.enjoy.config.ShiroOauth2Configuration] is not eligible for getting processed by all BeanPostProcessors (for example: not eligible for auto-proxying)
2020-04-23 17:35:54.083 [main] INFO  o.s.c.s.PostProcessorRegistrationDelegate$BeanPostProcessorChecker - Bean 'cacheManager' of type [org.crazycake.shiro.RedisCacheManager] is not eligible for getting processed by all BeanPostProcessors (for example: not eligible for auto-proxying)
2020-04-23 17:35:54.085 [main] INFO  o.s.c.s.PostProcessorRegistrationDelegate$BeanPostProcessorChecker - Bean 'shiroCacheUtil' of type [cn.enjoy.util.ShiroCacheUtil] is not eligible for getting processed by all BeanPostProcessors (for example: not eligible for auto-proxying)
2020-04-23 17:35:54.540 [main] INFO  o.s.boot.web.embedded.tomcat.TomcatWebServer - Tomcat initialized with port(s): 8186 (http)
2020-04-23 17:35:54.551 [main] INFO  org.apache.coyote.http11.Http11NioProtocol - Initializing ProtocolHandler ["http-nio-8186"]
2020-04-23 17:35:54.551 [main] INFO  org.apache.catalina.core.StandardService - Starting service [Tomcat]
2020-04-23 17:35:54.551 [main] INFO  org.apache.catalina.core.StandardEngine - Starting Servlet engine: [Apache Tomcat/9.0.29]
2020-04-23 17:35:54.719 [main] INFO  o.a.c.c.ContainerBase.[Tomcat].[localhost].[/mall] - Initializing Spring embedded WebApplicationContext
2020-04-23 17:35:54.719 [main] INFO  org.springframework.web.context.ContextLoader - Root WebApplicationContext: initialization completed in 2459 ms
2020-04-23 17:35:54.811 [main] WARN  com.netflix.config.sources.URLConfigurationSource - No URLs will be polled as dynamic configuration sources.
2020-04-23 17:35:54.811 [main] INFO  com.netflix.config.sources.URLConfigurationSource - To enable URLs as dynamic configuration sources, define System property archaius.configurationSource.additionalUrls or make config.properties available on classpath.
2020-04-23 17:35:54.821 [main] INFO  com.netflix.config.DynamicPropertyFactory - DynamicPropertyFactory is initialized with configuration sources: com.netflix.config.ConcurrentCompositeConfiguration@2e7bb00e
2020-04-23 17:35:56.631 [main] INFO  org.springframework.cloud.commons.util.InetUtils - Cannot determine local hostname
2020-04-23 17:35:57.387 [main] INFO  io.lettuce.core.EpollProvider - Starting without optional epoll library
2020-04-23 17:35:57.389 [main] INFO  io.lettuce.core.KqueueProvider - Starting without optional kqueue library
2020-04-23 17:35:58.081 [main] WARN  com.netflix.config.sources.URLConfigurationSource - No URLs will be polled as dynamic configuration sources.
2020-04-23 17:35:58.081 [main] INFO  com.netflix.config.sources.URLConfigurationSource - To enable URLs as dynamic configuration sources, define System property archaius.configurationSource.additionalUrls or make config.properties available on classpath.
2020-04-23 17:35:58.216 [main] INFO  o.s.scheduling.concurrent.ThreadPoolTaskExecutor - Initializing ExecutorService 'applicationTaskExecutor'
2020-04-23 17:35:58.313 [main] INFO  o.s.b.a.web.servlet.WelcomePageHandlerMapping - Adding welcome page: class path resource [static/index.html]
2020-04-23 17:35:59.876 [main] INFO  org.springframework.cloud.commons.util.InetUtils - Cannot determine local hostname
2020-04-23 17:36:01.235 [main] INFO  org.springframework.cloud.commons.util.InetUtils - Cannot determine local hostname
2020-04-23 17:36:01.265 [main] WARN  o.s.c.l.c.BlockingLoadBalancerClientAutoConfiguration$BlockingLoadBalancerClientRibbonWarnLogger - You already have RibbonLoadBalancerClient on your classpath. It will be used by default. As Spring Cloud Ribbon is in maintenance mode. We recommend switching to BlockingLoadBalancerClient instead. In order to use it, set the value of `spring.cloud.loadbalancer.ribbon.enabled` to `false` or remove spring-cloud-starter-netflix-ribbon from your project.
2020-04-23 17:36:01.318 [main] INFO  o.s.b.actuate.endpoint.web.EndpointLinksResolver - Exposing 2 endpoint(s) beneath base path '/actuator'
2020-04-23 17:36:01.354 [main] INFO  o.s.cloud.netflix.eureka.InstanceInfoFactory - Setting initial instance status as: STARTING
2020-04-23 17:36:01.386 [main] INFO  com.netflix.discovery.DiscoveryClient - Initializing Eureka in region us-east-1
2020-04-23 17:36:01.475 [main] INFO  c.n.discovery.provider.DiscoveryJerseyProvider - Using JSON encoding codec LegacyJacksonJson
2020-04-23 17:36:01.476 [main] INFO  c.n.discovery.provider.DiscoveryJerseyProvider - Using JSON decoding codec LegacyJacksonJson
2020-04-23 17:36:01.726 [main] INFO  c.n.discovery.provider.DiscoveryJerseyProvider - Using XML encoding codec XStreamXml
2020-04-23 17:36:01.726 [main] INFO  c.n.discovery.provider.DiscoveryJerseyProvider - Using XML decoding codec XStreamXml
2020-04-23 17:36:01.908 [main] INFO  c.n.d.shared.resolver.aws.ConfigClusterResolver - Resolving eureka endpoints via configuration
2020-04-23 17:36:02.124 [main] INFO  com.netflix.discovery.DiscoveryClient - Disable delta property : false
2020-04-23 17:36:02.125 [main] INFO  com.netflix.discovery.DiscoveryClient - Single vip registry refresh property : null
2020-04-23 17:36:02.125 [main] INFO  com.netflix.discovery.DiscoveryClient - Force full registry fetch : false
2020-04-23 17:36:02.125 [main] INFO  com.netflix.discovery.DiscoveryClient - Application is null : false
2020-04-23 17:36:02.125 [main] INFO  com.netflix.discovery.DiscoveryClient - Registered Applications size is zero : true
2020-04-23 17:36:02.125 [main] INFO  com.netflix.discovery.DiscoveryClient - Application version is -1: true
2020-04-23 17:36:02.125 [main] INFO  com.netflix.discovery.DiscoveryClient - Getting all instance registry info from the eureka server
2020-04-23 17:36:02.391 [main] INFO  com.netflix.discovery.DiscoveryClient - The response status is 200
2020-04-23 17:36:02.393 [main] INFO  com.netflix.discovery.DiscoveryClient - Starting heartbeat executor: renew interval is: 30
2020-04-23 17:36:02.395 [main] INFO  com.netflix.discovery.InstanceInfoReplicator - InstanceInfoReplicator onDemand update allowed rate per min is 4
2020-04-23 17:36:02.398 [main] INFO  com.netflix.discovery.DiscoveryClient - Discovery Client initialized at timestamp 1587634562397 with initial instances count: 2
2020-04-23 17:36:02.400 [main] INFO  o.s.c.n.e.serviceregistry.EurekaServiceRegistry - Registering application MALL-WEB-ORDER with eureka with status UP
2020-04-23 17:36:02.401 [main] INFO  com.netflix.discovery.DiscoveryClient - Saw local status change event StatusChangeEvent [timestamp=1587634562401, current=UP, previous=STARTING]
2020-04-23 17:36:02.403 [DiscoveryClient-InstanceInfoReplicator-0] INFO  com.netflix.discovery.DiscoveryClient - DiscoveryClient_MALL-WEB-ORDER/localhost:mall-web-order:8186: registering service...
2020-04-23 17:36:02.439 [DiscoveryClient-InstanceInfoReplicator-0] INFO  com.netflix.discovery.DiscoveryClient - DiscoveryClient_MALL-WEB-ORDER/localhost:mall-web-order:8186 - registration status: 204
2020-04-23 17:36:02.975 [main] INFO  o.s.s.a.ScheduledAnnotationBeanPostProcessor - No TaskScheduler/ScheduledExecutorService bean found for scheduled processing
2020-04-23 17:36:02.982 [main] INFO  org.apache.coyote.http11.Http11NioProtocol - Starting ProtocolHandler ["http-nio-8186"]
2020-04-23 17:36:02.997 [main] INFO  o.s.boot.web.embedded.tomcat.TomcatWebServer - Tomcat started on port(s): 8186 (http) with context path '/mall'
2020-04-23 17:36:02.998 [main] INFO  o.s.c.n.e.s.EurekaAutoServiceRegistration - Updating port to 8186
2020-04-23 17:36:04.300 [main] INFO  org.springframework.cloud.commons.util.InetUtils - Cannot determine local hostname
2020-04-23 17:36:04.302 [main] INFO  cn.enjoy.FrontApp - Started FrontApp in 15.522 seconds (JVM running for 16.834)
2020-04-23 17:36:48.987 [http-nio-8186-exec-1] INFO  o.a.c.c.ContainerBase.[Tomcat].[localhost].[/mall] - Initializing Spring DispatcherServlet 'dispatcherServlet'
2020-04-23 17:36:48.987 [http-nio-8186-exec-1] INFO  org.springframework.web.servlet.DispatcherServlet - Initializing Servlet 'dispatcherServlet'
2020-04-23 17:36:48.997 [http-nio-8186-exec-1] INFO  org.springframework.web.servlet.DispatcherServlet - Completed initialization in 10 ms
2020-04-23 17:36:49.018 [http-nio-8186-exec-1] INFO  o.a.s.session.mgt.AbstractValidatingSessionManager - Enabling session validation scheduler...
2020-04-23 17:36:49.056 [http-nio-8186-exec-1] INFO  o.s.a.rabbit.connection.CachingConnectionFactory - Attempting to connect to: [94.191.83.120:5672]
2020-04-23 17:36:49.235 [http-nio-8186-exec-1] INFO  o.s.a.rabbit.connection.CachingConnectionFactory - Created new connection: connectionFactory#4392362c:0/SimpleConnection@11e7642e [delegate=amqp://admin@94.191.83.120:5672/, localPort= 60086]
2020-04-23 17:41:02.127 [AsyncResolver-bootstrap-executor-0] INFO  c.n.d.shared.resolver.aws.ConfigClusterResolver - Resolving eureka endpoints via configuration
2020-04-23 17:46:02.130 [AsyncResolver-bootstrap-executor-0] INFO  c.n.d.shared.resolver.aws.ConfigClusterResolver - Resolving eureka endpoints via configuration
2020-04-23 17:51:02.132 [AsyncResolver-bootstrap-executor-0] INFO  c.n.d.shared.resolver.aws.ConfigClusterResolver - Resolving eureka endpoints via configuration
2020-04-23 17:56:02.133 [AsyncResolver-bootstrap-executor-0] INFO  c.n.d.shared.resolver.aws.ConfigClusterResolver - Resolving eureka endpoints via configuration
2020-04-23 18:01:02.134 [AsyncResolver-bootstrap-executor-0] INFO  c.n.d.shared.resolver.aws.ConfigClusterResolver - Resolving eureka endpoints via configuration
2020-04-23 18:06:02.135 [AsyncResolver-bootstrap-executor-0] INFO  c.n.d.shared.resolver.aws.ConfigClusterResolver - Resolving eureka endpoints via configuration
2020-04-23 18:11:02.136 [AsyncResolver-bootstrap-executor-0] INFO  c.n.d.shared.resolver.aws.ConfigClusterResolver - Resolving eureka endpoints via configuration
2020-04-23 18:16:02.137 [AsyncResolver-bootstrap-executor-0] INFO  c.n.d.shared.resolver.aws.ConfigClusterResolver - Resolving eureka endpoints via configuration
2020-04-23 18:21:02.138 [AsyncResolver-bootstrap-executor-0] INFO  c.n.d.shared.resolver.aws.ConfigClusterResolver - Resolving eureka endpoints via configuration
2020-04-23 18:26:02.138 [AsyncResolver-bootstrap-executor-0] INFO  c.n.d.shared.resolver.aws.ConfigClusterResolver - Resolving eureka endpoints via configuration
2020-04-23 18:31:02.139 [AsyncResolver-bootstrap-executor-0] INFO  c.n.d.shared.resolver.aws.ConfigClusterResolver - Resolving eureka endpoints via configuration
