2020-04-23 17:35:27.955 [main] INFO  cn.enjoy.AccountApp - The following profiles are active: beta
2020-04-23 17:35:29.287 [main] INFO  o.s.d.r.config.RepositoryConfigurationDelegate - Multiple Spring Data modules found, entering strict repository configuration mode!
2020-04-23 17:35:29.289 [main] INFO  o.s.d.r.config.RepositoryConfigurationDelegate - Bootstrapping Spring Data Redis repositories in DEFAULT mode.
2020-04-23 17:35:29.350 [main] INFO  o.s.d.r.config.RepositoryConfigurationDelegate - Finished Spring Data repository scanning in 43ms. Found 0 Redis repository interfaces.
2020-04-23 17:35:29.445 [main] WARN  o.springframework.boot.actuate.endpoint.EndpointId - Endpoint ID 'service-registry' contains invalid characters, please migrate to a valid format.
2020-04-23 17:35:29.457 [main] WARN  o.springframework.boot.actuate.endpoint.EndpointId - Endpoint ID 'hystrix.stream' contains invalid characters, please migrate to a valid format.
2020-04-23 17:35:29.590 [main] INFO  o.springframework.cloud.context.scope.GenericScope - BeanFactory id=fbd5fb8f-e326-3865-9a23-4857fc9801ad
2020-04-23 17:35:29.725 [main] INFO  o.s.c.s.PostProcessorRegistrationDelegate$BeanPostProcessorChecker - Bean 'cn.enjoy.sys.feign.IAuthorizeServiceClient' of type [org.springframework.cloud.openfeign.FeignClientFactoryBean] is not eligible for getting processed by all BeanPostProcessors (for example: not eligible for auto-proxying)
2020-04-23 17:35:29.726 [main] INFO  o.s.c.s.PostProcessorRegistrationDelegate$BeanPostProcessorChecker - Bean 'cn.enjoy.sys.feign.IDepartmentServiceClient' of type [org.springframework.cloud.openfeign.FeignClientFactoryBean] is not eligible for getting processed by all BeanPostProcessors (for example: not eligible for auto-proxying)
2020-04-23 17:35:29.728 [main] INFO  o.s.c.s.PostProcessorRegistrationDelegate$BeanPostProcessorChecker - Bean 'cn.enjoy.sys.feign.IDictDataServiceClient' of type [org.springframework.cloud.openfeign.FeignClientFactoryBean] is not eligible for getting processed by all BeanPostProcessors (for example: not eligible for auto-proxying)
2020-04-23 17:35:29.729 [main] INFO  o.s.c.s.PostProcessorRegistrationDelegate$BeanPostProcessorChecker - Bean 'cn.enjoy.sys.feign.ILoginServiceClient' of type [org.springframework.cloud.openfeign.FeignClientFactoryBean] is not eligible for getting processed by all BeanPostProcessors (for example: not eligible for auto-proxying)
2020-04-23 17:35:29.731 [main] INFO  o.s.c.s.PostProcessorRegistrationDelegate$BeanPostProcessorChecker - Bean 'cn.enjoy.sys.feign.IResourceServiceClient' of type [org.springframework.cloud.openfeign.FeignClientFactoryBean] is not eligible for getting processed by all BeanPostProcessors (for example: not eligible for auto-proxying)
2020-04-23 17:35:29.732 [main] INFO  o.s.c.s.PostProcessorRegistrationDelegate$BeanPostProcessorChecker - Bean 'cn.enjoy.sys.feign.IRoleServiceClient' of type [org.springframework.cloud.openfeign.FeignClientFactoryBean] is not eligible for getting processed by all BeanPostProcessors (for example: not eligible for auto-proxying)
2020-04-23 17:35:29.733 [main] INFO  o.s.c.s.PostProcessorRegistrationDelegate$BeanPostProcessorChecker - Bean 'cn.enjoy.sys.feign.IUserServiceClient' of type [org.springframework.cloud.openfeign.FeignClientFactoryBean] is not eligible for getting processed by all BeanPostProcessors (for example: not eligible for auto-proxying)
2020-04-23 17:35:29.801 [main] INFO  o.s.c.s.PostProcessorRegistrationDelegate$BeanPostProcessorChecker - Bean 'shiroConfiguration' of type [cn.enjoy.config.ShiroConfiguration$$EnhancerBySpringCGLIB$$920f4a92] is not eligible for getting processed by all BeanPostProcessors (for example: not eligible for auto-proxying)
2020-04-23 17:35:30.095 [main] INFO  o.s.c.s.PostProcessorRegistrationDelegate$BeanPostProcessorChecker - Bean 'default.cn.enjoy.AccountApp.FeignClientSpecification' of type [org.springframework.cloud.openfeign.FeignClientSpecification] is not eligible for getting processed by all BeanPostProcessors (for example: not eligible for auto-proxying)
2020-04-23 17:35:30.098 [main] INFO  o.s.c.s.PostProcessorRegistrationDelegate$BeanPostProcessorChecker - Bean 'MALL-USER-SERVICE.FeignClientSpecification' of type [org.springframework.cloud.openfeign.FeignClientSpecification] is not eligible for getting processed by all BeanPostProcessors (for example: not eligible for auto-proxying)
2020-04-23 17:35:30.098 [main] INFO  o.s.c.s.PostProcessorRegistrationDelegate$BeanPostProcessorChecker - Bean 'org.springframework.cloud.openfeign.FeignAutoConfiguration' of type [org.springframework.cloud.openfeign.FeignAutoConfiguration] is not eligible for getting processed by all BeanPostProcessors (for example: not eligible for auto-proxying)
2020-04-23 17:35:30.100 [main] INFO  o.s.c.s.PostProcessorRegistrationDelegate$BeanPostProcessorChecker - Bean 'feignContext' of type [org.springframework.cloud.openfeign.FeignContext] is not eligible for getting processed by all BeanPostProcessors (for example: not eligible for auto-proxying)
2020-04-23 17:35:30.123 [main] INFO  o.s.c.s.PostProcessorRegistrationDelegate$BeanPostProcessorChecker - Bean 'spring.data.web-org.springframework.boot.autoconfigure.data.web.SpringDataWebProperties' of type [org.springframework.boot.autoconfigure.data.web.SpringDataWebProperties] is not eligible for getting processed by all BeanPostProcessors (for example: not eligible for auto-proxying)
2020-04-23 17:35:30.164 [main] INFO  o.s.c.s.PostProcessorRegistrationDelegate$BeanPostProcessorChecker - Bean 'feign.client-org.springframework.cloud.openfeign.FeignClientProperties' of type [org.springframework.cloud.openfeign.FeignClientProperties] is not eligible for getting processed by all BeanPostProcessors (for example: not eligible for auto-proxying)
2020-04-23 17:35:30.167 [main] INFO  o.s.c.s.PostProcessorRegistrationDelegate$BeanPostProcessorChecker - Bean 'feignErrMessageFilter' of type [cn.enjoy.sys.exceptionHandler.FeignErrMessageFilter$$EnhancerBySpringCGLIB$$7913cb46] is not eligible for getting processed by all BeanPostProcessors (for example: not eligible for auto-proxying)
2020-04-23 17:35:30.169 [main] INFO  o.s.c.s.PostProcessorRegistrationDelegate$BeanPostProcessorChecker - Bean 'errorDecoder' of type [cn.enjoy.sys.exceptionHandler.FeignErrMessageFilter$FeignErrorDecoder] is not eligible for getting processed by all BeanPostProcessors (for example: not eligible for auto-proxying)
2020-04-23 17:35:30.171 [main] INFO  o.s.c.s.PostProcessorRegistrationDelegate$BeanPostProcessorChecker - Bean 'org.springframework.cloud.openfeign.ribbon.FeignRibbonClientAutoConfiguration' of type [org.springframework.cloud.openfeign.ribbon.FeignRibbonClientAutoConfiguration] is not eligible for getting processed by all BeanPostProcessors (for example: not eligible for auto-proxying)
2020-04-23 17:35:30.172 [main] INFO  o.s.c.s.PostProcessorRegistrationDelegate$BeanPostProcessorChecker - Bean 'feignRequestOptions' of type [feign.Request$Options] is not eligible for getting processed by all BeanPostProcessors (for example: not eligible for auto-proxying)
2020-04-23 17:35:30.175 [main] INFO  o.s.c.s.PostProcessorRegistrationDelegate$BeanPostProcessorChecker - Bean 'org.springframework.cloud.openfeign.ribbon.DefaultFeignLoadBalancedConfiguration' of type [org.springframework.cloud.openfeign.ribbon.DefaultFeignLoadBalancedConfiguration] is not eligible for getting processed by all BeanPostProcessors (for example: not eligible for auto-proxying)
2020-04-23 17:35:30.178 [main] INFO  o.s.c.s.PostProcessorRegistrationDelegate$BeanPostProcessorChecker - Bean 'default.org.springframework.cloud.netflix.ribbon.RibbonAutoConfiguration.RibbonClientSpecification' of type [org.springframework.cloud.netflix.ribbon.RibbonClientSpecification] is not eligible for getting processed by all BeanPostProcessors (for example: not eligible for auto-proxying)
2020-04-23 17:35:30.178 [main] INFO  o.s.c.s.PostProcessorRegistrationDelegate$BeanPostProcessorChecker - Bean 'default.org.springframework.cloud.netflix.ribbon.eureka.RibbonEurekaAutoConfiguration.RibbonClientSpecification' of type [org.springframework.cloud.netflix.ribbon.RibbonClientSpecification] is not eligible for getting processed by all BeanPostProcessors (for example: not eligible for auto-proxying)
2020-04-23 17:35:30.180 [main] INFO  o.s.c.s.PostProcessorRegistrationDelegate$BeanPostProcessorChecker - Bean 'ribbon.eager-load-org.springframework.cloud.netflix.ribbon.RibbonEagerLoadProperties' of type [org.springframework.cloud.netflix.ribbon.RibbonEagerLoadProperties] is not eligible for getting processed by all BeanPostProcessors (for example: not eligible for auto-proxying)
2020-04-23 17:35:30.181 [main] INFO  o.s.c.s.PostProcessorRegistrationDelegate$BeanPostProcessorChecker - Bean 'org.springframework.cloud.netflix.ribbon.RibbonAutoConfiguration' of type [org.springframework.cloud.netflix.ribbon.RibbonAutoConfiguration$$EnhancerBySpringCGLIB$$da48aafc] is not eligible for getting processed by all BeanPostProcessors (for example: not eligible for auto-proxying)
2020-04-23 17:35:30.186 [main] INFO  o.s.c.s.PostProcessorRegistrationDelegate$BeanPostProcessorChecker - Bean 'springClientFactory' of type [org.springframework.cloud.netflix.ribbon.SpringClientFactory] is not eligible for getting processed by all BeanPostProcessors (for example: not eligible for auto-proxying)
2020-04-23 17:35:30.188 [main] INFO  o.s.c.s.PostProcessorRegistrationDelegate$BeanPostProcessorChecker - Bean 'cachingLBClientFactory' of type [org.springframework.cloud.openfeign.ribbon.CachingSpringLoadBalancerFactory] is not eligible for getting processed by all BeanPostProcessors (for example: not eligible for auto-proxying)
2020-04-23 17:35:30.189 [main] INFO  o.s.c.s.PostProcessorRegistrationDelegate$BeanPostProcessorChecker - Bean 'feignClient' of type [org.springframework.cloud.openfeign.ribbon.LoadBalancerFeignClient] is not eligible for getting processed by all BeanPostProcessors (for example: not eligible for auto-proxying)
2020-04-23 17:35:30.191 [main] INFO  o.s.c.s.PostProcessorRegistrationDelegate$BeanPostProcessorChecker - Bean 'org.springframework.cloud.openfeign.FeignAutoConfiguration$HystrixFeignTargeterConfiguration' of type [org.springframework.cloud.openfeign.FeignAutoConfiguration$HystrixFeignTargeterConfiguration] is not eligible for getting processed by all BeanPostProcessors (for example: not eligible for auto-proxying)
2020-04-23 17:35:30.192 [main] INFO  o.s.c.s.PostProcessorRegistrationDelegate$BeanPostProcessorChecker - Bean 'feignTargeter' of type [org.springframework.cloud.openfeign.HystrixTargeter] is not eligible for getting processed by all BeanPostProcessors (for example: not eligible for auto-proxying)
2020-04-23 17:35:30.217 [main] INFO  o.s.c.s.PostProcessorRegistrationDelegate$BeanPostProcessorChecker - Bean 'cn.enjoy.sys.feign.ILoginServiceClient' of type [com.sun.proxy.$Proxy111] is not eligible for getting processed by all BeanPostProcessors (for example: not eligible for auto-proxying)
2020-04-23 17:35:30.218 [main] INFO  o.s.c.s.PostProcessorRegistrationDelegate$BeanPostProcessorChecker - Bean 'ShiroRealmImpl' of type [cn.enjoy.sys.security.ShiroRealm] is not eligible for getting processed by all BeanPostProcessors (for example: not eligible for auto-proxying)
2020-04-23 17:35:30.226 [main] INFO  o.s.c.s.PostProcessorRegistrationDelegate$BeanPostProcessorChecker - Bean 'redisManager' of type [org.crazycake.shiro.RedisManager] is not eligible for getting processed by all BeanPostProcessors (for example: not eligible for auto-proxying)
2020-04-23 17:35:30.228 [main] INFO  o.s.c.s.PostProcessorRegistrationDelegate$BeanPostProcessorChecker - Bean 'cacheManager' of type [org.crazycake.shiro.RedisCacheManager] is not eligible for getting processed by all BeanPostProcessors (for example: not eligible for auto-proxying)
2020-04-23 17:35:30.232 [main] INFO  o.s.c.s.PostProcessorRegistrationDelegate$BeanPostProcessorChecker - Bean 'rememberMeCookie' of type [org.apache.shiro.web.servlet.SimpleCookie] is not eligible for getting processed by all BeanPostProcessors (for example: not eligible for auto-proxying)
2020-04-23 17:35:30.235 [main] INFO  o.s.c.s.PostProcessorRegistrationDelegate$BeanPostProcessorChecker - Bean 'rememberMeManager' of type [org.apache.shiro.web.mgt.CookieRememberMeManager] is not eligible for getting processed by all BeanPostProcessors (for example: not eligible for auto-proxying)
2020-04-23 17:35:30.237 [main] INFO  o.s.c.s.PostProcessorRegistrationDelegate$BeanPostProcessorChecker - Bean 'simpleCookie' of type [org.apache.shiro.web.servlet.SimpleCookie] is not eligible for getting processed by all BeanPostProcessors (for example: not eligible for auto-proxying)
2020-04-23 17:35:30.238 [main] INFO  o.s.c.s.PostProcessorRegistrationDelegate$BeanPostProcessorChecker - Bean 'sessionIdGenerator' of type [org.apache.shiro.session.mgt.eis.JavaUuidSessionIdGenerator] is not eligible for getting processed by all BeanPostProcessors (for example: not eligible for auto-proxying)
2020-04-23 17:35:30.240 [main] INFO  o.s.c.s.PostProcessorRegistrationDelegate$BeanPostProcessorChecker - Bean 'sessionDAO' of type [org.crazycake.shiro.RedisSessionDAO] is not eligible for getting processed by all BeanPostProcessors (for example: not eligible for auto-proxying)
2020-04-23 17:35:30.244 [main] INFO  o.s.c.s.PostProcessorRegistrationDelegate$BeanPostProcessorChecker - Bean 'org.springframework.boot.autoconfigure.data.redis.RedisAutoConfiguration' of type [org.springframework.boot.autoconfigure.data.redis.RedisAutoConfiguration] is not eligible for getting processed by all BeanPostProcessors (for example: not eligible for auto-proxying)
2020-04-23 17:35:30.247 [main] INFO  o.s.c.s.PostProcessorRegistrationDelegate$BeanPostProcessorChecker - Bean 'spring.redis-org.springframework.boot.autoconfigure.data.redis.RedisProperties' of type [org.springframework.boot.autoconfigure.data.redis.RedisProperties] is not eligible for getting processed by all BeanPostProcessors (for example: not eligible for auto-proxying)
2020-04-23 17:35:30.250 [main] INFO  o.s.c.s.PostProcessorRegistrationDelegate$BeanPostProcessorChecker - Bean 'org.springframework.boot.autoconfigure.data.redis.LettuceConnectionConfiguration' of type [org.springframework.boot.autoconfigure.data.redis.LettuceConnectionConfiguration] is not eligible for getting processed by all BeanPostProcessors (for example: not eligible for auto-proxying)
2020-04-23 17:35:30.337 [main] INFO  o.s.c.s.PostProcessorRegistrationDelegate$BeanPostProcessorChecker - Bean 'lettuceClientResources' of type [io.lettuce.core.resource.DefaultClientResources] is not eligible for getting processed by all BeanPostProcessors (for example: not eligible for auto-proxying)
2020-04-23 17:35:30.420 [main] INFO  o.s.c.s.PostProcessorRegistrationDelegate$BeanPostProcessorChecker - Bean 'redisConnectionFactory' of type [org.springframework.data.redis.connection.lettuce.LettuceConnectionFactory] is not eligible for getting processed by all BeanPostProcessors (for example: not eligible for auto-proxying)
2020-04-23 17:35:30.493 [main] INFO  o.s.c.s.PostProcessorRegistrationDelegate$BeanPostProcessorChecker - Bean 'redisTemplate' of type [org.springframework.data.redis.core.RedisTemplate] is not eligible for getting processed by all BeanPostProcessors (for example: not eligible for auto-proxying)
2020-04-23 17:35:30.510 [main] INFO  o.s.c.s.PostProcessorRegistrationDelegate$BeanPostProcessorChecker - Bean 'cn.enjoy.sys.feign.IAuthorizeServiceClient' of type [com.sun.proxy.$Proxy116] is not eligible for getting processed by all BeanPostProcessors (for example: not eligible for auto-proxying)
2020-04-23 17:35:30.511 [main] INFO  o.s.c.s.PostProcessorRegistrationDelegate$BeanPostProcessorChecker - Bean 'sessionListener' of type [cn.enjoy.sys.security.MySessionListener] is not eligible for getting processed by all BeanPostProcessors (for example: not eligible for auto-proxying)
2020-04-23 17:35:30.513 [main] INFO  o.s.c.s.PostProcessorRegistrationDelegate$BeanPostProcessorChecker - Bean 'sessionManager' of type [org.apache.shiro.web.session.mgt.DefaultWebSessionManager] is not eligible for getting processed by all BeanPostProcessors (for example: not eligible for auto-proxying)
2020-04-23 17:35:30.515 [main] INFO  o.s.c.s.PostProcessorRegistrationDelegate$BeanPostProcessorChecker - Bean 'securityManager' of type [org.apache.shiro.web.mgt.DefaultWebSecurityManager] is not eligible for getting processed by all BeanPostProcessors (for example: not eligible for auto-proxying)
2020-04-23 17:35:30.517 [main] INFO  o.s.c.s.PostProcessorRegistrationDelegate$BeanPostProcessorChecker - Bean 'authorizationAttributeSourceAdvisor' of type [org.apache.shiro.spring.security.interceptor.AuthorizationAttributeSourceAdvisor] is not eligible for getting processed by all BeanPostProcessors (for example: not eligible for auto-proxying)
2020-04-23 17:35:30.519 [main] INFO  o.s.c.s.PostProcessorRegistrationDelegate$BeanPostProcessorChecker - Bean 'getAuthorizationAttributeSourceAdvisor' of type [org.apache.shiro.spring.security.interceptor.AuthorizationAttributeSourceAdvisor] is not eligible for getting processed by all BeanPostProcessors (for example: not eligible for auto-proxying)
2020-04-23 17:35:30.544 [main] INFO  o.s.c.s.PostProcessorRegistrationDelegate$BeanPostProcessorChecker - Bean 'cn.enjoy.sys.feign.IResourceServiceClient' of type [com.sun.proxy.$Proxy117] is not eligible for getting processed by all BeanPostProcessors (for example: not eligible for auto-proxying)
2020-04-23 17:35:30.547 [main] INFO  o.s.c.s.PostProcessorRegistrationDelegate$BeanPostProcessorChecker - Bean 'getShiroAuthFilter' of type [cn.enjoy.sys.security.ShiroAuthFilter] is not eligible for getting processed by all BeanPostProcessors (for example: not eligible for auto-proxying)
2020-04-23 17:35:30.812 [main] INFO  o.s.boot.web.embedded.tomcat.TomcatWebServer - Tomcat initialized with port(s): 8180 (http)
2020-04-23 17:35:30.821 [main] INFO  org.apache.coyote.http11.Http11NioProtocol - Initializing ProtocolHandler ["http-nio-8180"]
2020-04-23 17:35:30.821 [main] INFO  org.apache.catalina.core.StandardService - Starting service [Tomcat]
2020-04-23 17:35:30.821 [main] INFO  org.apache.catalina.core.StandardEngine - Starting Servlet engine: [Apache Tomcat/9.0.29]
2020-04-23 17:35:30.997 [main] INFO  o.a.c.c.C.[Tomcat].[localhost].[/mall-account] - Initializing Spring embedded WebApplicationContext
2020-04-23 17:35:30.997 [main] INFO  org.springframework.web.context.ContextLoader - Root WebApplicationContext: initialization completed in 3022 ms
2020-04-23 17:35:31.120 [main] WARN  com.netflix.config.sources.URLConfigurationSource - No URLs will be polled as dynamic configuration sources.
2020-04-23 17:35:31.120 [main] INFO  com.netflix.config.sources.URLConfigurationSource - To enable URLs as dynamic configuration sources, define System property archaius.configurationSource.additionalUrls or make config.properties available on classpath.
2020-04-23 17:35:31.131 [main] INFO  com.netflix.config.DynamicPropertyFactory - DynamicPropertyFactory is initialized with configuration sources: com.netflix.config.ConcurrentCompositeConfiguration@6ae6d078
2020-04-23 17:35:32.633 [main] INFO  org.springframework.cloud.commons.util.InetUtils - Cannot determine local hostname
2020-04-23 17:35:33.264 [main] INFO  io.lettuce.core.EpollProvider - Starting without optional epoll library
2020-04-23 17:35:33.265 [main] INFO  io.lettuce.core.KqueueProvider - Starting without optional kqueue library
2020-04-23 17:35:33.955 [main] WARN  com.netflix.config.sources.URLConfigurationSource - No URLs will be polled as dynamic configuration sources.
2020-04-23 17:35:33.955 [main] INFO  com.netflix.config.sources.URLConfigurationSource - To enable URLs as dynamic configuration sources, define System property archaius.configurationSource.additionalUrls or make config.properties available on classpath.
2020-04-23 17:35:34.143 [main] INFO  o.s.scheduling.concurrent.ThreadPoolTaskExecutor - Initializing ExecutorService 'applicationTaskExecutor'
2020-04-23 17:35:34.250 [main] INFO  o.s.b.a.web.servlet.WelcomePageHandlerMapping - Adding welcome page: class path resource [static/index.html]
2020-04-23 17:35:34.614 [main] INFO  org.quartz.impl.StdSchedulerFactory - Using default implementation for ThreadExecutor
2020-04-23 17:35:34.626 [main] INFO  org.quartz.core.SchedulerSignalerImpl - Initialized Scheduler Signaller of type: class org.quartz.core.SchedulerSignalerImpl
2020-04-23 17:35:34.626 [main] INFO  org.quartz.core.QuartzScheduler - Quartz Scheduler v.2.3.2 created.
2020-04-23 17:35:34.627 [main] INFO  org.quartz.simpl.RAMJobStore - RAMJobStore initialized.
2020-04-23 17:35:34.627 [main] INFO  org.quartz.core.QuartzScheduler - Scheduler meta-data: Quartz Scheduler (v2.3.2) 'quartzScheduler' with instanceId 'NON_CLUSTERED'
  Scheduler class: 'org.quartz.core.QuartzScheduler' - running locally.
  NOT STARTED.
  Currently in standby mode.
  Number of jobs executed: 0
  Using thread pool 'org.quartz.simpl.SimpleThreadPool' - with 10 threads.
  Using job-store 'org.quartz.simpl.RAMJobStore' - which does not support persistence. and is not clustered.

2020-04-23 17:35:34.627 [main] INFO  org.quartz.impl.StdSchedulerFactory - Quartz scheduler 'quartzScheduler' initialized from an externally provided properties instance.
2020-04-23 17:35:34.627 [main] INFO  org.quartz.impl.StdSchedulerFactory - Quartz scheduler version: 2.3.2
2020-04-23 17:35:34.627 [main] INFO  org.quartz.core.QuartzScheduler - JobFactory set to: org.springframework.scheduling.quartz.SpringBeanJobFactory@278c67a7
2020-04-23 17:35:35.974 [main] INFO  org.springframework.cloud.commons.util.InetUtils - Cannot determine local hostname
2020-04-23 17:35:37.305 [main] INFO  org.springframework.cloud.commons.util.InetUtils - Cannot determine local hostname
2020-04-23 17:35:37.338 [main] WARN  o.s.c.l.c.BlockingLoadBalancerClientAutoConfiguration$BlockingLoadBalancerClientRibbonWarnLogger - You already have RibbonLoadBalancerClient on your classpath. It will be used by default. As Spring Cloud Ribbon is in maintenance mode. We recommend switching to BlockingLoadBalancerClient instead. In order to use it, set the value of `spring.cloud.loadbalancer.ribbon.enabled` to `false` or remove spring-cloud-starter-netflix-ribbon from your project.
2020-04-23 17:35:37.405 [main] INFO  o.s.b.actuate.endpoint.web.EndpointLinksResolver - Exposing 2 endpoint(s) beneath base path '/actuator'
2020-04-23 17:35:37.471 [main] INFO  o.s.cloud.netflix.eureka.InstanceInfoFactory - Setting initial instance status as: STARTING
2020-04-23 17:35:37.518 [main] INFO  com.netflix.discovery.DiscoveryClient - Initializing Eureka in region us-east-1
2020-04-23 17:35:37.612 [main] INFO  c.n.discovery.provider.DiscoveryJerseyProvider - Using JSON encoding codec LegacyJacksonJson
2020-04-23 17:35:37.612 [main] INFO  c.n.discovery.provider.DiscoveryJerseyProvider - Using JSON decoding codec LegacyJacksonJson
2020-04-23 17:35:37.730 [main] INFO  c.n.discovery.provider.DiscoveryJerseyProvider - Using XML encoding codec XStreamXml
2020-04-23 17:35:37.730 [main] INFO  c.n.discovery.provider.DiscoveryJerseyProvider - Using XML decoding codec XStreamXml
2020-04-23 17:35:38.085 [main] INFO  c.n.d.shared.resolver.aws.ConfigClusterResolver - Resolving eureka endpoints via configuration
2020-04-23 17:35:38.299 [main] INFO  com.netflix.discovery.DiscoveryClient - Disable delta property : false
2020-04-23 17:35:38.300 [main] INFO  com.netflix.discovery.DiscoveryClient - Single vip registry refresh property : null
2020-04-23 17:35:38.300 [main] INFO  com.netflix.discovery.DiscoveryClient - Force full registry fetch : false
2020-04-23 17:35:38.300 [main] INFO  com.netflix.discovery.DiscoveryClient - Application is null : false
2020-04-23 17:35:38.300 [main] INFO  com.netflix.discovery.DiscoveryClient - Registered Applications size is zero : true
2020-04-23 17:35:38.300 [main] INFO  com.netflix.discovery.DiscoveryClient - Application version is -1: true
2020-04-23 17:35:38.300 [main] INFO  com.netflix.discovery.DiscoveryClient - Getting all instance registry info from the eureka server
2020-04-23 17:35:38.549 [main] INFO  com.netflix.discovery.DiscoveryClient - The response status is 200
2020-04-23 17:35:38.551 [main] INFO  com.netflix.discovery.DiscoveryClient - Starting heartbeat executor: renew interval is: 30
2020-04-23 17:35:38.553 [main] INFO  com.netflix.discovery.InstanceInfoReplicator - InstanceInfoReplicator onDemand update allowed rate per min is 4
2020-04-23 17:35:38.558 [main] INFO  com.netflix.discovery.DiscoveryClient - Discovery Client initialized at timestamp 1587634538557 with initial instances count: 1
2020-04-23 17:35:38.564 [main] INFO  o.s.c.n.e.serviceregistry.EurekaServiceRegistry - Registering application MALL-ACCOUNT with eureka with status UP
2020-04-23 17:35:38.564 [main] INFO  com.netflix.discovery.DiscoveryClient - Saw local status change event StatusChangeEvent [timestamp=1587634538564, current=UP, previous=STARTING]
2020-04-23 17:35:38.566 [DiscoveryClient-InstanceInfoReplicator-0] INFO  com.netflix.discovery.DiscoveryClient - DiscoveryClient_MALL-ACCOUNT/localhost:mall-account:8180: registering service...
2020-04-23 17:35:38.605 [DiscoveryClient-InstanceInfoReplicator-0] INFO  com.netflix.discovery.DiscoveryClient - DiscoveryClient_MALL-ACCOUNT/localhost:mall-account:8180 - registration status: 204
2020-04-23 17:35:39.127 [main] INFO  o.s.scheduling.quartz.SchedulerFactoryBean - Starting Quartz Scheduler now
2020-04-23 17:35:39.128 [main] INFO  org.quartz.core.QuartzScheduler - Scheduler quartzScheduler_$_NON_CLUSTERED started.
2020-04-23 17:35:39.147 [main] INFO  o.s.s.a.ScheduledAnnotationBeanPostProcessor - No TaskScheduler/ScheduledExecutorService bean found for scheduled processing
2020-04-23 17:35:39.154 [main] INFO  org.apache.coyote.http11.Http11NioProtocol - Starting ProtocolHandler ["http-nio-8180"]
2020-04-23 17:35:39.168 [main] INFO  o.s.boot.web.embedded.tomcat.TomcatWebServer - Tomcat started on port(s): 8180 (http) with context path '/mall-account'
2020-04-23 17:35:39.169 [main] INFO  o.s.c.n.e.s.EurekaAutoServiceRegistration - Updating port to 8180
2020-04-23 17:35:40.523 [main] INFO  org.springframework.cloud.commons.util.InetUtils - Cannot determine local hostname
2020-04-23 17:35:40.525 [main] INFO  cn.enjoy.AccountApp - Started AccountApp in 15.919 seconds (JVM running for 17.285)
2020-04-23 17:36:18.971 [http-nio-8180-exec-1] INFO  o.a.c.c.C.[Tomcat].[localhost].[/mall-account] - Initializing Spring DispatcherServlet 'dispatcherServlet'
2020-04-23 17:36:18.971 [http-nio-8180-exec-1] INFO  org.springframework.web.servlet.DispatcherServlet - Initializing Servlet 'dispatcherServlet'
2020-04-23 17:36:18.985 [http-nio-8180-exec-1] INFO  org.springframework.web.servlet.DispatcherServlet - Completed initialization in 14 ms
2020-04-23 17:36:19.012 [http-nio-8180-exec-1] INFO  o.a.s.session.mgt.AbstractValidatingSessionManager - Enabling session validation scheduler...
2020-04-23 17:40:38.302 [AsyncResolver-bootstrap-executor-0] INFO  c.n.d.shared.resolver.aws.ConfigClusterResolver - Resolving eureka endpoints via configuration
2020-04-23 17:45:38.303 [AsyncResolver-bootstrap-executor-0] INFO  c.n.d.shared.resolver.aws.ConfigClusterResolver - Resolving eureka endpoints via configuration
2020-04-23 17:50:38.304 [AsyncResolver-bootstrap-executor-0] INFO  c.n.d.shared.resolver.aws.ConfigClusterResolver - Resolving eureka endpoints via configuration
2020-04-23 17:55:38.305 [AsyncResolver-bootstrap-executor-0] INFO  c.n.d.shared.resolver.aws.ConfigClusterResolver - Resolving eureka endpoints via configuration
2020-04-23 18:00:38.306 [AsyncResolver-bootstrap-executor-0] INFO  c.n.d.shared.resolver.aws.ConfigClusterResolver - Resolving eureka endpoints via configuration
2020-04-23 18:05:38.307 [AsyncResolver-bootstrap-executor-0] INFO  c.n.d.shared.resolver.aws.ConfigClusterResolver - Resolving eureka endpoints via configuration
2020-04-23 18:10:38.307 [AsyncResolver-bootstrap-executor-0] INFO  c.n.d.shared.resolver.aws.ConfigClusterResolver - Resolving eureka endpoints via configuration
2020-04-23 18:15:38.309 [AsyncResolver-bootstrap-executor-0] INFO  c.n.d.shared.resolver.aws.ConfigClusterResolver - Resolving eureka endpoints via configuration
2020-04-23 18:20:38.310 [AsyncResolver-bootstrap-executor-0] INFO  c.n.d.shared.resolver.aws.ConfigClusterResolver - Resolving eureka endpoints via configuration
2020-04-23 18:25:38.311 [AsyncResolver-bootstrap-executor-0] INFO  c.n.d.shared.resolver.aws.ConfigClusterResolver - Resolving eureka endpoints via configuration
2020-04-23 18:30:38.312 [AsyncResolver-bootstrap-executor-0] INFO  c.n.d.shared.resolver.aws.ConfigClusterResolver - Resolving eureka endpoints via configuration
2020-04-23 18:35:38.313 [AsyncResolver-bootstrap-executor-0] INFO  c.n.d.shared.resolver.aws.ConfigClusterResolver - Resolving eureka endpoints via configuration
