2020-06-11 12:22:58.318 [main] INFO  cn.enjoy.users.UserServiceApp - The following profiles are active: test
2020-06-11 12:22:59.372 [main] INFO  o.s.d.r.config.RepositoryConfigurationDelegate - Multiple Spring Data modules found, entering strict repository configuration mode!
2020-06-11 12:22:59.373 [main] INFO  o.s.d.r.config.RepositoryConfigurationDelegate - Bootstrapping Spring Data MongoDB repositories in DEFAULT mode.
2020-06-11 12:22:59.397 [main] INFO  o.s.d.r.config.RepositoryConfigurationDelegate - Finished Spring Data repository scanning in 19ms. Found 0 MongoDB repository interfaces.
2020-06-11 12:22:59.407 [main] INFO  o.s.d.r.config.RepositoryConfigurationDelegate - Multiple Spring Data modules found, entering strict repository configuration mode!
2020-06-11 12:22:59.408 [main] INFO  o.s.d.r.config.RepositoryConfigurationDelegate - Bootstrapping Spring Data Redis repositories in DEFAULT mode.
2020-06-11 12:22:59.422 [main] INFO  o.s.d.r.config.RepositoryConfigurationDelegate - Finished Spring Data repository scanning in 5ms. Found 0 Redis repository interfaces.
2020-06-11 12:22:59.515 [main] WARN  o.springframework.boot.actuate.endpoint.EndpointId - Endpoint ID 'service-registry' contains invalid characters, please migrate to a valid format.
2020-06-11 12:22:59.924 [main] INFO  o.springframework.cloud.context.scope.GenericScope - BeanFactory id=a1e3fe8c-a6bf-3fcb-845c-cf1926669a1b
2020-06-11 12:23:00.186 [main] INFO  o.s.c.s.PostProcessorRegistrationDelegate$BeanPostProcessorChecker - Bean 'org.springframework.transaction.annotation.ProxyTransactionManagementConfiguration' of type [org.springframework.transaction.annotation.ProxyTransactionManagementConfiguration] is not eligible for getting processed by all BeanPostProcessors (for example: not eligible for auto-proxying)
2020-06-11 12:23:01.110 [main] INFO  o.s.boot.web.embedded.tomcat.TomcatWebServer - Tomcat initialized with port(s): 8184 (http)
2020-06-11 12:23:01.120 [main] INFO  org.apache.coyote.http11.Http11NioProtocol - Initializing ProtocolHandler ["http-nio-8184"]
2020-06-11 12:23:01.121 [main] INFO  org.apache.catalina.core.StandardService - Starting service [Tomcat]
2020-06-11 12:23:01.121 [main] INFO  org.apache.catalina.core.StandardEngine - Starting Servlet engine: [Apache Tomcat/9.0.29]
2020-06-11 12:23:01.274 [main] INFO  o.a.c.core.ContainerBase.[Tomcat].[localhost].[/] - Initializing Spring embedded WebApplicationContext
2020-06-11 12:23:01.274 [main] INFO  org.springframework.web.context.ContextLoader - Root WebApplicationContext: initialization completed in 2940 ms
2020-06-11 12:23:01.619 [main] WARN  com.netflix.config.sources.URLConfigurationSource - No URLs will be polled as dynamic configuration sources.
2020-06-11 12:23:01.619 [main] INFO  com.netflix.config.sources.URLConfigurationSource - To enable URLs as dynamic configuration sources, define System property archaius.configurationSource.additionalUrls or make config.properties available on classpath.
2020-06-11 12:23:01.638 [main] INFO  com.netflix.config.DynamicPropertyFactory - DynamicPropertyFactory is initialized with configuration sources: com.netflix.config.ConcurrentCompositeConfiguration@20914835
2020-06-11 12:23:02.483 [main] INFO  org.mongodb.driver.cluster - Cluster created with settings {hosts=[94.191.83.120:27017], mode=SINGLE, requiredClusterType=UNKNOWN, serverSelectionTimeout='30000 ms', maxWaitQueueSize=500}
2020-06-11 12:23:02.736 [cluster-ClusterId{value='5ee1b1a6950f881b10a2e6ca', description='null'}-94.191.83.120:27017] INFO  org.mongodb.driver.connection - Opened connection [connectionId{localValue:1, serverValue:7}] to 94.191.83.120:27017
2020-06-11 12:23:02.779 [cluster-ClusterId{value='5ee1b1a6950f881b10a2e6ca', description='null'}-94.191.83.120:27017] INFO  org.mongodb.driver.cluster - Monitor thread successfully connected to server with description ServerDescription{address=94.191.83.120:27017, type=STANDALONE, state=CONNECTED, ok=true, version=ServerVersion{versionList=[4, 2, 5]}, minWireVersion=0, maxWireVersion=8, maxDocumentSize=16777216, logicalSessionTimeoutMinutes=30, roundTripTimeNanos=40389083}
2020-06-11 12:23:05.665 [main] INFO  org.springframework.cloud.commons.util.InetUtils - Cannot determine local hostname
2020-06-11 12:23:08.202 [main] WARN  com.netflix.config.sources.URLConfigurationSource - No URLs will be polled as dynamic configuration sources.
2020-06-11 12:23:08.202 [main] INFO  com.netflix.config.sources.URLConfigurationSource - To enable URLs as dynamic configuration sources, define System property archaius.configurationSource.additionalUrls or make config.properties available on classpath.
2020-06-11 12:23:09.461 [main] INFO  o.s.scheduling.concurrent.ThreadPoolTaskExecutor - Initializing ExecutorService 'applicationTaskExecutor'
2020-06-11 12:23:13.058 [main] INFO  org.springframework.cloud.commons.util.InetUtils - Cannot determine local hostname
2020-06-11 12:23:14.391 [main] INFO  org.springframework.cloud.commons.util.InetUtils - Cannot determine local hostname
2020-06-11 12:23:14.476 [main] WARN  o.s.c.l.c.BlockingLoadBalancerClientAutoConfiguration$BlockingLoadBalancerClientRibbonWarnLogger - You already have RibbonLoadBalancerClient on your classpath. It will be used by default. As Spring Cloud Ribbon is in maintenance mode. We recommend switching to BlockingLoadBalancerClient instead. In order to use it, set the value of `spring.cloud.loadbalancer.ribbon.enabled` to `false` or remove spring-cloud-starter-netflix-ribbon from your project.
2020-06-11 12:23:14.642 [main] INFO  o.s.b.actuate.endpoint.web.EndpointLinksResolver - Exposing 2 endpoint(s) beneath base path '/actuator'
2020-06-11 12:23:14.770 [main] INFO  o.s.cloud.netflix.eureka.InstanceInfoFactory - Setting initial instance status as: STARTING
2020-06-11 12:23:14.816 [main] INFO  com.netflix.discovery.DiscoveryClient - Initializing Eureka in region us-east-1
2020-06-11 12:23:14.887 [main] INFO  c.n.discovery.provider.DiscoveryJerseyProvider - Using JSON encoding codec LegacyJacksonJson
2020-06-11 12:23:14.887 [main] INFO  c.n.discovery.provider.DiscoveryJerseyProvider - Using JSON decoding codec LegacyJacksonJson
2020-06-11 12:23:15.169 [main] INFO  c.n.discovery.provider.DiscoveryJerseyProvider - Using XML encoding codec XStreamXml
2020-06-11 12:23:15.169 [main] INFO  c.n.discovery.provider.DiscoveryJerseyProvider - Using XML decoding codec XStreamXml
2020-06-11 12:23:15.462 [main] INFO  c.n.d.shared.resolver.aws.ConfigClusterResolver - Resolving eureka endpoints via configuration
2020-06-11 12:23:15.711 [main] INFO  com.netflix.discovery.DiscoveryClient - Disable delta property : false
2020-06-11 12:23:15.711 [main] INFO  com.netflix.discovery.DiscoveryClient - Single vip registry refresh property : null
2020-06-11 12:23:15.711 [main] INFO  com.netflix.discovery.DiscoveryClient - Force full registry fetch : false
2020-06-11 12:23:15.711 [main] INFO  com.netflix.discovery.DiscoveryClient - Application is null : false
2020-06-11 12:23:15.711 [main] INFO  com.netflix.discovery.DiscoveryClient - Registered Applications size is zero : true
2020-06-11 12:23:15.711 [main] INFO  com.netflix.discovery.DiscoveryClient - Application version is -1: true
2020-06-11 12:23:15.711 [main] INFO  com.netflix.discovery.DiscoveryClient - Getting all instance registry info from the eureka server
2020-06-11 12:23:16.119 [main] INFO  com.netflix.discovery.DiscoveryClient - The response status is 200
2020-06-11 12:23:16.121 [main] INFO  com.netflix.discovery.DiscoveryClient - Starting heartbeat executor: renew interval is: 30
2020-06-11 12:23:16.122 [main] INFO  com.netflix.discovery.InstanceInfoReplicator - InstanceInfoReplicator onDemand update allowed rate per min is 4
2020-06-11 12:23:16.126 [main] INFO  com.netflix.discovery.DiscoveryClient - Discovery Client initialized at timestamp 1591849396125 with initial instances count: 0
2020-06-11 12:23:16.248 [main] INFO  o.s.c.n.e.serviceregistry.EurekaServiceRegistry - Registering application MALL-USER-SERVICE with eureka with status UP
2020-06-11 12:23:16.249 [main] INFO  com.netflix.discovery.DiscoveryClient - Saw local status change event StatusChangeEvent [timestamp=1591849396249, current=UP, previous=STARTING]
2020-06-11 12:23:16.250 [DiscoveryClient-InstanceInfoReplicator-0] INFO  com.netflix.discovery.DiscoveryClient - DiscoveryClient_MALL-USER-SERVICE/localhost:mall-user-service:8184: registering service...
2020-06-11 12:23:16.263 [main] INFO  org.apache.coyote.http11.Http11NioProtocol - Starting ProtocolHandler ["http-nio-8184"]
2020-06-11 12:23:16.293 [main] INFO  o.s.boot.web.embedded.tomcat.TomcatWebServer - Tomcat started on port(s): 8184 (http) with context path ''
2020-06-11 12:23:16.294 [main] INFO  o.s.c.n.e.s.EurekaAutoServiceRegistration - Updating port to 8184
2020-06-11 12:23:16.342 [DiscoveryClient-InstanceInfoReplicator-0] INFO  com.netflix.discovery.DiscoveryClient - DiscoveryClient_MALL-USER-SERVICE/localhost:mall-user-service:8184 - registration status: 204
2020-06-11 12:23:17.640 [main] INFO  org.springframework.cloud.commons.util.InetUtils - Cannot determine local hostname
2020-06-11 12:23:17.642 [main] INFO  cn.enjoy.users.UserServiceApp - Started UserServiceApp in 22.657 seconds (JVM running for 24.353)
2020-06-11 12:23:17.936 [RMI TCP Connection(4)-192.168.67.1] INFO  o.a.c.core.ContainerBase.[Tomcat].[localhost].[/] - Initializing Spring DispatcherServlet 'dispatcherServlet'
2020-06-11 12:23:17.936 [RMI TCP Connection(4)-192.168.67.1] INFO  org.springframework.web.servlet.DispatcherServlet - Initializing Servlet 'dispatcherServlet'
2020-06-11 12:23:17.968 [RMI TCP Connection(4)-192.168.67.1] INFO  org.springframework.web.servlet.DispatcherServlet - Completed initialization in 32 ms
2020-06-11 12:23:18.091 [RMI TCP Connection(3)-192.168.67.1] INFO  org.mongodb.driver.connection - Opened connection [connectionId{localValue:2, serverValue:8}] to 94.191.83.120:27017
2020-06-11 12:23:18.316 [boundedElastic-1] INFO  io.lettuce.core.EpollProvider - Starting without optional epoll library
2020-06-11 12:23:18.319 [boundedElastic-1] INFO  io.lettuce.core.KqueueProvider - Starting without optional kqueue library
2020-06-11 12:23:46.121 [DiscoveryClient-CacheRefreshExecutor-0] INFO  com.netflix.discovery.DiscoveryClient - Disable delta property : false
2020-06-11 12:23:46.122 [DiscoveryClient-CacheRefreshExecutor-0] INFO  com.netflix.discovery.DiscoveryClient - Single vip registry refresh property : null
2020-06-11 12:23:46.122 [DiscoveryClient-CacheRefreshExecutor-0] INFO  com.netflix.discovery.DiscoveryClient - Force full registry fetch : false
2020-06-11 12:23:46.122 [DiscoveryClient-CacheRefreshExecutor-0] INFO  com.netflix.discovery.DiscoveryClient - Application is null : false
2020-06-11 12:23:46.122 [DiscoveryClient-CacheRefreshExecutor-0] INFO  com.netflix.discovery.DiscoveryClient - Registered Applications size is zero : true
2020-06-11 12:23:46.122 [DiscoveryClient-CacheRefreshExecutor-0] INFO  com.netflix.discovery.DiscoveryClient - Application version is -1: false
2020-06-11 12:23:46.122 [DiscoveryClient-CacheRefreshExecutor-0] INFO  com.netflix.discovery.DiscoveryClient - Getting all instance registry info from the eureka server
2020-06-11 12:23:46.177 [DiscoveryClient-CacheRefreshExecutor-0] INFO  com.netflix.discovery.DiscoveryClient - The response status is 200
2020-06-11 12:23:53.069 [http-nio-8184-exec-1] INFO  com.alibaba.druid.pool.DruidDataSource - {dataSource-1} inited
2020-06-11 12:23:55.063 [http-nio-8184-exec-1] DEBUG cn.enjoy.users.dao.SysUserMapper.getUserByAccount - ==>  Preparing: select id, user_name, password, password_rand, real_name, mobile, email, org_code, identity_code, sys_code, status, validate_code, activated_time, create_time, create_user, update_time, update_user, birthday, captcha, captcha_time,qq,wx,icon,position_level,(select cname from sys_dict_data d where d.`code` =position_level and d.type='POSITION_LEVEL') position_level_str from sys_user where 1=1 and ( email =? or mobile =? or user_name =? ) and status=1
2020-06-11 12:23:55.105 [http-nio-8184-exec-1] DEBUG cn.enjoy.users.dao.SysUserMapper.getUserByAccount - ==> Parameters: admin(String), admin(String), admin(String)
2020-06-11 12:23:55.181 [http-nio-8184-exec-1] DEBUG cn.enjoy.users.dao.SysUserMapper.getUserByAccount - <==      Total: 1
2020-06-11 12:23:55.185 [http-nio-8184-exec-1] DEBUG c.e.users.dao.SysRoleMapper.queryUserRoleByUserId - ==>  Preparing: select r.id, r.role_name, r.role_code, r.role_desc, r.sys_code, r.create_time, r.create_user, r.update_user, r.update_time, r.isDefault from sys_role r,sys_user_role ur where r.id=ur.role_id and ur.user_id = ?
2020-06-11 12:23:55.187 [http-nio-8184-exec-1] DEBUG c.e.users.dao.SysRoleMapper.queryUserRoleByUserId - ==> Parameters: b9eabb3b63a24e1faa1d4a75262c1e99(String)
2020-06-11 12:23:55.243 [http-nio-8184-exec-1] DEBUG c.e.users.dao.SysRoleMapper.queryUserRoleByUserId - <==      Total: 1
2020-06-11 12:23:55.245 [http-nio-8184-exec-1] DEBUG c.e.u.dao.SysUserMapper.getUserByAccountWithLogin - ==>  Preparing: SELECT u.id, u.user_name, u.real_name, u.mobile, u.email, u.create_time, u.create_user, u.update_time, u.update_user, u.birthday, u.icon, u.qq, u.wx, u.position_level, (SELECT min(dd.cname) from sys_dict_data dd where dd.type='POSITION_LEVEL' and dd.code=u.position_level) AS position, GROUP_CONCAT(d.department_name) department_name FROM sys_user u LEFT JOIN user_department_info udi on u.id = udi.user_id LEFT JOIN department_info d on d.ID = udi.department_id WHERE 1 = 1 and ( u.email =? or u.mobile =? or u.user_name =? ) and u.status=1 group by u.id, u.user_name, u.real_name, u.mobile, u.email, u.create_time, u.create_user, u.update_time, u.update_user, u.birthday, u.qq, u.wx, u.position_level
2020-06-11 12:23:55.252 [http-nio-8184-exec-1] DEBUG c.e.u.dao.SysUserMapper.getUserByAccountWithLogin - ==> Parameters: admin(String), admin(String), admin(String)
2020-06-11 12:23:55.305 [http-nio-8184-exec-1] DEBUG c.e.u.dao.SysUserMapper.getUserByAccountWithLogin - <==      Total: 1
2020-06-11 12:23:55.389 [http-nio-8184-exec-2] INFO  com.alibaba.druid.pool.DruidDataSource - {dataSource-2} inited
2020-06-11 12:23:56.834 [http-nio-8184-exec-2] DEBUG cn.enjoy.users.dao.SysResourceMapper.queryMenus - ==>  Preparing: SELECT r.id, r.name AS title, r.`code`, r.url, r.icon FROM sys_resource r WHERE r. STATUS = 1 AND r.type = 0 AND (r.parent_id IS NULL OR r.parent_id = '') AND r.id IN ( SELECT rr.resource_id FROM sys_role_resource rr, sys_role sr, sys_user_role ur, sys_user u WHERE rr.role_id = sr.id AND sr.id = ur.role_id and ur.user_id = u.id AND ur.user_id = ? ) ORDER BY r.sort_no
2020-06-11 12:23:56.840 [http-nio-8184-exec-2] DEBUG cn.enjoy.users.dao.SysResourceMapper.queryMenus - ==> Parameters: b9eabb3b63a24e1faa1d4a75262c1e99(String)
2020-06-11 12:23:56.901 [http-nio-8184-exec-2] DEBUG cn.enjoy.users.dao.SysResourceMapper.queryMenus - <==      Total: 0
2020-06-11 12:23:56.926 [http-nio-8184-exec-6] DEBUG c.e.u.dao.SysResourceMapper.queryPermissionList - ==>  Preparing: SELECT DISTINCT r.id, r.name AS title, r.`code`, r.url, r.icon FROM sys_resource r JOIN sys_role_resource rr ON (r.parent_id = rr.resource_id AND r.type =2) or r.id = rr.resource_id JOIN sys_role sr ON sr.id = rr.role_id JOIN sys_user_role ur ON sr.id = ur.role_id JOIN sys_user u on ur.user_id = u.id WHERE 1=1 AND ur.user_id = ?
2020-06-11 12:23:56.927 [http-nio-8184-exec-6] DEBUG c.e.u.dao.SysResourceMapper.queryPermissionList - ==> Parameters: b9eabb3b63a24e1faa1d4a75262c1e99(String)
2020-06-11 12:23:56.967 [http-nio-8184-exec-6] DEBUG c.e.u.dao.SysResourceMapper.queryPermissionList - <==      Total: 21
2020-06-11 12:23:56.977 [http-nio-8184-exec-5] DEBUG cn.enjoy.users.dao.DepartmentMapper.selectByUserId - ==>  Preparing: select i.id, i.department_name, i.department_code from department_info i,user_department_info di where i.ID = di.department_id and di.user_id=?
2020-06-11 12:23:56.978 [http-nio-8184-exec-5] DEBUG cn.enjoy.users.dao.DepartmentMapper.selectByUserId - ==> Parameters: b9eabb3b63a24e1faa1d4a75262c1e99(String)
2020-06-11 12:23:57.021 [http-nio-8184-exec-5] DEBUG cn.enjoy.users.dao.DepartmentMapper.selectByUserId - <==      Total: 0
2020-06-11 12:23:59.628 [http-nio-8184-exec-4] DEBUG c.e.users.dao.SysResourceMapper.queryResourceByUrl - ==>  Preparing: select id, name, code, parent_id, identifying, url, icon, type, sort_no, status, create_user, create_time, update_user, update_time from sys_resource where url like CONCAT('%',?,'%') and status = '1'
2020-06-11 12:23:59.630 [http-nio-8184-exec-4] DEBUG c.e.users.dao.SysResourceMapper.queryResourceByUrl - ==> Parameters: /api/personal/getPersonalInfo(String)
2020-06-11 12:23:59.666 [http-nio-8184-exec-4] DEBUG c.e.users.dao.SysResourceMapper.queryResourceByUrl - <==      Total: 0
2020-06-11 12:23:59.679 [http-nio-8184-exec-3] DEBUG c.enjoy.users.dao.SysUserMapper.selectByPrimaryKey - ==>  Preparing: select id, user_name, password, password_rand, real_name, mobile, email, org_code, identity_code, sys_code, status, validate_code, activated_time, create_time, create_user, update_time, update_user, birthday, captcha, captcha_time,qq,wx,icon,position_level,(select cname from sys_dict_data d where d.`code` =position_level and d.type='POSITION_LEVEL') position_level_str from sys_user where id = ?
2020-06-11 12:23:59.680 [http-nio-8184-exec-3] DEBUG c.enjoy.users.dao.SysUserMapper.selectByPrimaryKey - ==> Parameters: b9eabb3b63a24e1faa1d4a75262c1e99(String)
2020-06-11 12:23:59.725 [http-nio-8184-exec-3] DEBUG c.enjoy.users.dao.SysUserMapper.selectByPrimaryKey - <==      Total: 1
2020-06-11 12:23:59.738 [http-nio-8184-exec-7] DEBUG cn.enjoy.users.dao.DepartmentMapper.selectByUserId - ==>  Preparing: select i.id, i.department_name, i.department_code from department_info i,user_department_info di where i.ID = di.department_id and di.user_id=?
2020-06-11 12:23:59.738 [http-nio-8184-exec-7] DEBUG cn.enjoy.users.dao.DepartmentMapper.selectByUserId - ==> Parameters: b9eabb3b63a24e1faa1d4a75262c1e99(String)
2020-06-11 12:23:59.776 [http-nio-8184-exec-7] DEBUG cn.enjoy.users.dao.DepartmentMapper.selectByUserId - <==      Total: 0
2020-06-11 12:23:59.779 [http-nio-8184-exec-8] DEBUG c.e.u.dao.SysResourceMapper.queryPermissionList - ==>  Preparing: SELECT DISTINCT r.id, r.name AS title, r.`code`, r.url, r.icon FROM sys_resource r JOIN sys_role_resource rr ON (r.parent_id = rr.resource_id AND r.type =2) or r.id = rr.resource_id JOIN sys_role sr ON sr.id = rr.role_id JOIN sys_user_role ur ON sr.id = ur.role_id JOIN sys_user u on ur.user_id = u.id WHERE 1=1 AND ur.user_id = ?
2020-06-11 12:23:59.780 [http-nio-8184-exec-8] DEBUG c.e.u.dao.SysResourceMapper.queryPermissionList - ==> Parameters: b9eabb3b63a24e1faa1d4a75262c1e99(String)
2020-06-11 12:23:59.818 [http-nio-8184-exec-8] DEBUG c.e.u.dao.SysResourceMapper.queryPermissionList - <==      Total: 21
2020-06-11 12:28:15.714 [AsyncResolver-bootstrap-executor-0] INFO  c.n.d.shared.resolver.aws.ConfigClusterResolver - Resolving eureka endpoints via configuration
2020-06-11 12:33:15.716 [AsyncResolver-bootstrap-executor-0] INFO  c.n.d.shared.resolver.aws.ConfigClusterResolver - Resolving eureka endpoints via configuration
2020-06-11 12:38:15.717 [AsyncResolver-bootstrap-executor-0] INFO  c.n.d.shared.resolver.aws.ConfigClusterResolver - Resolving eureka endpoints via configuration
2020-06-11 12:43:15.718 [AsyncResolver-bootstrap-executor-0] INFO  c.n.d.shared.resolver.aws.ConfigClusterResolver - Resolving eureka endpoints via configuration
2020-06-11 12:48:15.719 [AsyncResolver-bootstrap-executor-0] INFO  c.n.d.shared.resolver.aws.ConfigClusterResolver - Resolving eureka endpoints via configuration
2020-06-11 12:53:15.721 [AsyncResolver-bootstrap-executor-0] INFO  c.n.d.shared.resolver.aws.ConfigClusterResolver - Resolving eureka endpoints via configuration
2020-06-11 12:58:15.723 [AsyncResolver-bootstrap-executor-0] INFO  c.n.d.shared.resolver.aws.ConfigClusterResolver - Resolving eureka endpoints via configuration
2020-06-11 13:03:15.724 [AsyncResolver-bootstrap-executor-0] INFO  c.n.d.shared.resolver.aws.ConfigClusterResolver - Resolving eureka endpoints via configuration
2020-06-11 13:08:15.725 [AsyncResolver-bootstrap-executor-0] INFO  c.n.d.shared.resolver.aws.ConfigClusterResolver - Resolving eureka endpoints via configuration
2020-06-11 13:13:15.726 [AsyncResolver-bootstrap-executor-0] INFO  c.n.d.shared.resolver.aws.ConfigClusterResolver - Resolving eureka endpoints via configuration
2020-06-11 13:18:15.727 [AsyncResolver-bootstrap-executor-0] INFO  c.n.d.shared.resolver.aws.ConfigClusterResolver - Resolving eureka endpoints via configuration
2020-06-11 13:23:15.728 [AsyncResolver-bootstrap-executor-0] INFO  c.n.d.shared.resolver.aws.ConfigClusterResolver - Resolving eureka endpoints via configuration
2020-06-11 13:28:15.729 [AsyncResolver-bootstrap-executor-0] INFO  c.n.d.shared.resolver.aws.ConfigClusterResolver - Resolving eureka endpoints via configuration
2020-06-11 13:33:15.731 [AsyncResolver-bootstrap-executor-0] INFO  c.n.d.shared.resolver.aws.ConfigClusterResolver - Resolving eureka endpoints via configuration
2020-06-11 13:38:15.733 [AsyncResolver-bootstrap-executor-0] INFO  c.n.d.shared.resolver.aws.ConfigClusterResolver - Resolving eureka endpoints via configuration
2020-06-11 13:43:15.736 [AsyncResolver-bootstrap-executor-0] INFO  c.n.d.shared.resolver.aws.ConfigClusterResolver - Resolving eureka endpoints via configuration
2020-06-11 13:48:15.736 [AsyncResolver-bootstrap-executor-0] INFO  c.n.d.shared.resolver.aws.ConfigClusterResolver - Resolving eureka endpoints via configuration
2020-06-11 13:53:15.738 [AsyncResolver-bootstrap-executor-0] INFO  c.n.d.shared.resolver.aws.ConfigClusterResolver - Resolving eureka endpoints via configuration
2020-06-11 13:58:15.740 [AsyncResolver-bootstrap-executor-0] INFO  c.n.d.shared.resolver.aws.ConfigClusterResolver - Resolving eureka endpoints via configuration
2020-06-11 14:03:15.742 [AsyncResolver-bootstrap-executor-0] INFO  c.n.d.shared.resolver.aws.ConfigClusterResolver - Resolving eureka endpoints via configuration
2020-06-11 14:08:15.743 [AsyncResolver-bootstrap-executor-0] INFO  c.n.d.shared.resolver.aws.ConfigClusterResolver - Resolving eureka endpoints via configuration
2020-06-11 14:13:15.745 [AsyncResolver-bootstrap-executor-0] INFO  c.n.d.shared.resolver.aws.ConfigClusterResolver - Resolving eureka endpoints via configuration
2020-06-11 14:18:15.747 [AsyncResolver-bootstrap-executor-0] INFO  c.n.d.shared.resolver.aws.ConfigClusterResolver - Resolving eureka endpoints via configuration
2020-06-11 14:23:15.749 [AsyncResolver-bootstrap-executor-0] INFO  c.n.d.shared.resolver.aws.ConfigClusterResolver - Resolving eureka endpoints via configuration
2020-06-11 14:28:15.749 [AsyncResolver-bootstrap-executor-0] INFO  c.n.d.shared.resolver.aws.ConfigClusterResolver - Resolving eureka endpoints via configuration
2020-06-11 14:33:15.750 [AsyncResolver-bootstrap-executor-0] INFO  c.n.d.shared.resolver.aws.ConfigClusterResolver - Resolving eureka endpoints via configuration
2020-06-11 14:38:15.751 [AsyncResolver-bootstrap-executor-0] INFO  c.n.d.shared.resolver.aws.ConfigClusterResolver - Resolving eureka endpoints via configuration
2020-06-11 14:43:15.753 [AsyncResolver-bootstrap-executor-0] INFO  c.n.d.shared.resolver.aws.ConfigClusterResolver - Resolving eureka endpoints via configuration
2020-06-11 14:48:15.755 [AsyncResolver-bootstrap-executor-0] INFO  c.n.d.shared.resolver.aws.ConfigClusterResolver - Resolving eureka endpoints via configuration
2020-06-11 14:53:15.757 [AsyncResolver-bootstrap-executor-0] INFO  c.n.d.shared.resolver.aws.ConfigClusterResolver - Resolving eureka endpoints via configuration
2020-06-11 14:58:15.759 [AsyncResolver-bootstrap-executor-0] INFO  c.n.d.shared.resolver.aws.ConfigClusterResolver - Resolving eureka endpoints via configuration
2020-06-11 15:03:15.759 [AsyncResolver-bootstrap-executor-0] INFO  c.n.d.shared.resolver.aws.ConfigClusterResolver - Resolving eureka endpoints via configuration
2020-06-11 15:08:15.760 [AsyncResolver-bootstrap-executor-0] INFO  c.n.d.shared.resolver.aws.ConfigClusterResolver - Resolving eureka endpoints via configuration
2020-06-11 15:13:15.761 [AsyncResolver-bootstrap-executor-0] INFO  c.n.d.shared.resolver.aws.ConfigClusterResolver - Resolving eureka endpoints via configuration
2020-06-11 15:18:15.762 [AsyncResolver-bootstrap-executor-0] INFO  c.n.d.shared.resolver.aws.ConfigClusterResolver - Resolving eureka endpoints via configuration
2020-06-11 15:23:15.763 [AsyncResolver-bootstrap-executor-0] INFO  c.n.d.shared.resolver.aws.ConfigClusterResolver - Resolving eureka endpoints via configuration
2020-06-11 15:28:15.764 [AsyncResolver-bootstrap-executor-0] INFO  c.n.d.shared.resolver.aws.ConfigClusterResolver - Resolving eureka endpoints via configuration
2020-06-11 15:33:15.765 [AsyncResolver-bootstrap-executor-0] INFO  c.n.d.shared.resolver.aws.ConfigClusterResolver - Resolving eureka endpoints via configuration
2020-06-11 15:38:15.766 [AsyncResolver-bootstrap-executor-0] INFO  c.n.d.shared.resolver.aws.ConfigClusterResolver - Resolving eureka endpoints via configuration
2020-06-11 15:43:15.767 [AsyncResolver-bootstrap-executor-0] INFO  c.n.d.shared.resolver.aws.ConfigClusterResolver - Resolving eureka endpoints via configuration
2020-06-11 15:48:15.769 [AsyncResolver-bootstrap-executor-0] INFO  c.n.d.shared.resolver.aws.ConfigClusterResolver - Resolving eureka endpoints via configuration
2020-06-11 15:53:15.770 [AsyncResolver-bootstrap-executor-0] INFO  c.n.d.shared.resolver.aws.ConfigClusterResolver - Resolving eureka endpoints via configuration
2020-06-11 15:58:15.772 [AsyncResolver-bootstrap-executor-0] INFO  c.n.d.shared.resolver.aws.ConfigClusterResolver - Resolving eureka endpoints via configuration
2020-06-11 16:03:15.773 [AsyncResolver-bootstrap-executor-0] INFO  c.n.d.shared.resolver.aws.ConfigClusterResolver - Resolving eureka endpoints via configuration
2020-06-11 16:08:15.774 [AsyncResolver-bootstrap-executor-0] INFO  c.n.d.shared.resolver.aws.ConfigClusterResolver - Resolving eureka endpoints via configuration
2020-06-11 16:13:15.774 [AsyncResolver-bootstrap-executor-0] INFO  c.n.d.shared.resolver.aws.ConfigClusterResolver - Resolving eureka endpoints via configuration
2020-06-11 16:18:15.775 [AsyncResolver-bootstrap-executor-0] INFO  c.n.d.shared.resolver.aws.ConfigClusterResolver - Resolving eureka endpoints via configuration
2020-06-11 16:23:15.776 [AsyncResolver-bootstrap-executor-0] INFO  c.n.d.shared.resolver.aws.ConfigClusterResolver - Resolving eureka endpoints via configuration
2020-06-11 16:28:15.777 [AsyncResolver-bootstrap-executor-0] INFO  c.n.d.shared.resolver.aws.ConfigClusterResolver - Resolving eureka endpoints via configuration
2020-06-11 16:33:15.779 [AsyncResolver-bootstrap-executor-0] INFO  c.n.d.shared.resolver.aws.ConfigClusterResolver - Resolving eureka endpoints via configuration
2020-06-11 16:38:15.781 [AsyncResolver-bootstrap-executor-0] INFO  c.n.d.shared.resolver.aws.ConfigClusterResolver - Resolving eureka endpoints via configuration
2020-06-11 16:43:15.782 [AsyncResolver-bootstrap-executor-0] INFO  c.n.d.shared.resolver.aws.ConfigClusterResolver - Resolving eureka endpoints via configuration
2020-06-11 16:48:15.783 [AsyncResolver-bootstrap-executor-0] INFO  c.n.d.shared.resolver.aws.ConfigClusterResolver - Resolving eureka endpoints via configuration
2020-06-11 16:53:15.784 [AsyncResolver-bootstrap-executor-0] INFO  c.n.d.shared.resolver.aws.ConfigClusterResolver - Resolving eureka endpoints via configuration
2020-06-11 16:58:15.785 [AsyncResolver-bootstrap-executor-0] INFO  c.n.d.shared.resolver.aws.ConfigClusterResolver - Resolving eureka endpoints via configuration
2020-06-11 17:03:15.786 [AsyncResolver-bootstrap-executor-0] INFO  c.n.d.shared.resolver.aws.ConfigClusterResolver - Resolving eureka endpoints via configuration
2020-06-11 17:08:15.788 [AsyncResolver-bootstrap-executor-0] INFO  c.n.d.shared.resolver.aws.ConfigClusterResolver - Resolving eureka endpoints via configuration
2020-06-11 17:13:15.789 [AsyncResolver-bootstrap-executor-0] INFO  c.n.d.shared.resolver.aws.ConfigClusterResolver - Resolving eureka endpoints via configuration
2020-06-11 17:18:15.790 [AsyncResolver-bootstrap-executor-0] INFO  c.n.d.shared.resolver.aws.ConfigClusterResolver - Resolving eureka endpoints via configuration
2020-06-11 17:23:15.793 [AsyncResolver-bootstrap-executor-0] INFO  c.n.d.shared.resolver.aws.ConfigClusterResolver - Resolving eureka endpoints via configuration
2020-06-11 17:28:15.794 [AsyncResolver-bootstrap-executor-0] INFO  c.n.d.shared.resolver.aws.ConfigClusterResolver - Resolving eureka endpoints via configuration
2020-06-11 17:33:15.796 [AsyncResolver-bootstrap-executor-0] INFO  c.n.d.shared.resolver.aws.ConfigClusterResolver - Resolving eureka endpoints via configuration
2020-06-11 17:38:15.798 [AsyncResolver-bootstrap-executor-0] INFO  c.n.d.shared.resolver.aws.ConfigClusterResolver - Resolving eureka endpoints via configuration
2020-06-11 17:43:15.799 [AsyncResolver-bootstrap-executor-0] INFO  c.n.d.shared.resolver.aws.ConfigClusterResolver - Resolving eureka endpoints via configuration
2020-06-11 17:48:15.800 [AsyncResolver-bootstrap-executor-0] INFO  c.n.d.shared.resolver.aws.ConfigClusterResolver - Resolving eureka endpoints via configuration
2020-06-11 17:52:46.356 [SpringContextShutdownHook] INFO  o.s.c.n.e.serviceregistry.EurekaServiceRegistry - Unregistering application MALL-USER-SERVICE with eureka with status DOWN
2020-06-11 17:52:46.357 [SpringContextShutdownHook] WARN  com.netflix.discovery.DiscoveryClient - Saw local status change event StatusChangeEvent [timestamp=1591869166357, current=DOWN, previous=UP]
2020-06-11 17:52:46.357 [DiscoveryClient-InstanceInfoReplicator-0] INFO  com.netflix.discovery.DiscoveryClient - DiscoveryClient_MALL-USER-SERVICE/localhost:mall-user-service:8184: registering service...
2020-06-11 17:52:46.370 [DiscoveryClient-InstanceInfoReplicator-0] INFO  com.netflix.discovery.DiscoveryClient - DiscoveryClient_MALL-USER-SERVICE/localhost:mall-user-service:8184 - registration status: 204
2020-06-11 17:52:46.390 [SpringContextShutdownHook] INFO  o.s.scheduling.concurrent.ThreadPoolTaskExecutor - Shutting down ExecutorService 'applicationTaskExecutor'
2020-06-11 17:52:46.718 [SpringContextShutdownHook] INFO  org.mongodb.driver.connection - Closed connection [connectionId{localValue:2, serverValue:8}] to 94.191.83.120:27017 because the pool has been closed.
2020-06-11 17:52:46.721 [SpringContextShutdownHook] INFO  com.netflix.discovery.DiscoveryClient - Shutting down DiscoveryClient ...
2020-06-11 17:52:49.722 [SpringContextShutdownHook] INFO  com.netflix.discovery.DiscoveryClient - Unregistering ...
2020-06-11 17:52:49.722 [DiscoveryClient-0] WARN  com.netflix.discovery.TimedSupervisorTask - task supervisor shutting down, can't accept the task
2020-06-11 17:52:49.727 [SpringContextShutdownHook] INFO  com.netflix.discovery.DiscoveryClient - DiscoveryClient_MALL-USER-SERVICE/localhost:mall-user-service:8184 - deregister  status: 200
2020-06-11 17:52:49.733 [SpringContextShutdownHook] INFO  com.netflix.discovery.DiscoveryClient - Completed shut down of DiscoveryClient
2020-06-11 17:53:34.674 [main] INFO  cn.enjoy.users.UserServiceApp - The following profiles are active: beta
2020-06-11 17:53:35.405 [main] INFO  o.s.d.r.config.RepositoryConfigurationDelegate - Multiple Spring Data modules found, entering strict repository configuration mode!
2020-06-11 17:53:35.405 [main] INFO  o.s.d.r.config.RepositoryConfigurationDelegate - Bootstrapping Spring Data MongoDB repositories in DEFAULT mode.
2020-06-11 17:53:35.434 [main] INFO  o.s.d.r.config.RepositoryConfigurationDelegate - Finished Spring Data repository scanning in 24ms. Found 0 MongoDB repository interfaces.
2020-06-11 17:53:35.442 [main] INFO  o.s.d.r.config.RepositoryConfigurationDelegate - Multiple Spring Data modules found, entering strict repository configuration mode!
2020-06-11 17:53:35.443 [main] INFO  o.s.d.r.config.RepositoryConfigurationDelegate - Bootstrapping Spring Data Redis repositories in DEFAULT mode.
2020-06-11 17:53:35.462 [main] INFO  o.s.d.r.config.RepositoryConfigurationDelegate - Finished Spring Data repository scanning in 10ms. Found 0 Redis repository interfaces.
2020-06-11 17:53:35.557 [main] WARN  o.springframework.boot.actuate.endpoint.EndpointId - Endpoint ID 'service-registry' contains invalid characters, please migrate to a valid format.
2020-06-11 17:53:35.715 [main] INFO  o.springframework.cloud.context.scope.GenericScope - BeanFactory id=a1e3fe8c-a6bf-3fcb-845c-cf1926669a1b
2020-06-11 17:53:35.877 [main] INFO  o.s.c.s.PostProcessorRegistrationDelegate$BeanPostProcessorChecker - Bean 'org.springframework.transaction.annotation.ProxyTransactionManagementConfiguration' of type [org.springframework.transaction.annotation.ProxyTransactionManagementConfiguration] is not eligible for getting processed by all BeanPostProcessors (for example: not eligible for auto-proxying)
2020-06-11 17:53:36.663 [main] INFO  o.s.boot.web.embedded.tomcat.TomcatWebServer - Tomcat initialized with port(s): 8184 (http)
2020-06-11 17:53:36.672 [main] INFO  org.apache.coyote.http11.Http11NioProtocol - Initializing ProtocolHandler ["http-nio-8184"]
2020-06-11 17:53:36.672 [main] INFO  org.apache.catalina.core.StandardService - Starting service [Tomcat]
2020-06-11 17:53:36.672 [main] INFO  org.apache.catalina.core.StandardEngine - Starting Servlet engine: [Apache Tomcat/9.0.29]
2020-06-11 17:53:36.816 [main] INFO  o.a.c.core.ContainerBase.[Tomcat].[localhost].[/] - Initializing Spring embedded WebApplicationContext
2020-06-11 17:53:36.816 [main] INFO  org.springframework.web.context.ContextLoader - Root WebApplicationContext: initialization completed in 2126 ms
2020-06-11 17:53:37.122 [main] WARN  com.netflix.config.sources.URLConfigurationSource - No URLs will be polled as dynamic configuration sources.
2020-06-11 17:53:37.122 [main] INFO  com.netflix.config.sources.URLConfigurationSource - To enable URLs as dynamic configuration sources, define System property archaius.configurationSource.additionalUrls or make config.properties available on classpath.
2020-06-11 17:53:37.132 [main] INFO  com.netflix.config.DynamicPropertyFactory - DynamicPropertyFactory is initialized with configuration sources: com.netflix.config.ConcurrentCompositeConfiguration@20914835
2020-06-11 17:53:37.549 [main] INFO  org.mongodb.driver.cluster - Cluster created with settings {hosts=[94.191.83.120:27017], mode=SINGLE, requiredClusterType=UNKNOWN, serverSelectionTimeout='30000 ms', maxWaitQueueSize=500}
2020-06-11 17:53:37.713 [cluster-ClusterId{value='5ee1ff21b9df4b5c32b8ecfb', description='null'}-94.191.83.120:27017] INFO  org.mongodb.driver.connection - Opened connection [connectionId{localValue:1, serverValue:16}] to 94.191.83.120:27017
2020-06-11 17:53:37.752 [cluster-ClusterId{value='5ee1ff21b9df4b5c32b8ecfb', description='null'}-94.191.83.120:27017] INFO  org.mongodb.driver.cluster - Monitor thread successfully connected to server with description ServerDescription{address=94.191.83.120:27017, type=STANDALONE, state=CONNECTED, ok=true, version=ServerVersion{versionList=[4, 2, 5]}, minWireVersion=0, maxWireVersion=8, maxDocumentSize=16777216, logicalSessionTimeoutMinutes=30, roundTripTimeNanos=37542476}
2020-06-11 17:53:40.324 [main] INFO  org.springframework.cloud.commons.util.InetUtils - Cannot determine local hostname
2020-06-11 17:53:41.939 [main] WARN  com.netflix.config.sources.URLConfigurationSource - No URLs will be polled as dynamic configuration sources.
2020-06-11 17:53:41.940 [main] INFO  com.netflix.config.sources.URLConfigurationSource - To enable URLs as dynamic configuration sources, define System property archaius.configurationSource.additionalUrls or make config.properties available on classpath.
2020-06-11 17:53:43.120 [main] INFO  o.s.scheduling.concurrent.ThreadPoolTaskExecutor - Initializing ExecutorService 'applicationTaskExecutor'
2020-06-11 17:53:46.327 [main] INFO  org.springframework.cloud.commons.util.InetUtils - Cannot determine local hostname
2020-06-11 17:53:47.642 [main] INFO  org.springframework.cloud.commons.util.InetUtils - Cannot determine local hostname
2020-06-11 17:53:47.718 [main] WARN  o.s.c.l.c.BlockingLoadBalancerClientAutoConfiguration$BlockingLoadBalancerClientRibbonWarnLogger - You already have RibbonLoadBalancerClient on your classpath. It will be used by default. As Spring Cloud Ribbon is in maintenance mode. We recommend switching to BlockingLoadBalancerClient instead. In order to use it, set the value of `spring.cloud.loadbalancer.ribbon.enabled` to `false` or remove spring-cloud-starter-netflix-ribbon from your project.
2020-06-11 17:53:47.899 [main] INFO  o.s.b.actuate.endpoint.web.EndpointLinksResolver - Exposing 2 endpoint(s) beneath base path '/actuator'
2020-06-11 17:53:48.012 [main] INFO  o.s.cloud.netflix.eureka.InstanceInfoFactory - Setting initial instance status as: STARTING
2020-06-11 17:53:48.052 [main] INFO  com.netflix.discovery.DiscoveryClient - Initializing Eureka in region us-east-1
2020-06-11 17:53:48.114 [main] INFO  c.n.discovery.provider.DiscoveryJerseyProvider - Using JSON encoding codec LegacyJacksonJson
2020-06-11 17:53:48.114 [main] INFO  c.n.discovery.provider.DiscoveryJerseyProvider - Using JSON decoding codec LegacyJacksonJson
2020-06-11 17:53:48.351 [main] INFO  c.n.discovery.provider.DiscoveryJerseyProvider - Using XML encoding codec XStreamXml
2020-06-11 17:53:48.351 [main] INFO  c.n.discovery.provider.DiscoveryJerseyProvider - Using XML decoding codec XStreamXml
2020-06-11 17:53:48.568 [main] INFO  c.n.d.shared.resolver.aws.ConfigClusterResolver - Resolving eureka endpoints via configuration
2020-06-11 17:53:48.780 [main] INFO  com.netflix.discovery.DiscoveryClient - Disable delta property : false
2020-06-11 17:53:48.780 [main] INFO  com.netflix.discovery.DiscoveryClient - Single vip registry refresh property : null
2020-06-11 17:53:48.780 [main] INFO  com.netflix.discovery.DiscoveryClient - Force full registry fetch : false
2020-06-11 17:53:48.780 [main] INFO  com.netflix.discovery.DiscoveryClient - Application is null : false
2020-06-11 17:53:48.780 [main] INFO  com.netflix.discovery.DiscoveryClient - Registered Applications size is zero : true
2020-06-11 17:53:48.780 [main] INFO  com.netflix.discovery.DiscoveryClient - Application version is -1: true
2020-06-11 17:53:48.780 [main] INFO  com.netflix.discovery.DiscoveryClient - Getting all instance registry info from the eureka server
2020-06-11 17:53:49.140 [main] INFO  com.netflix.discovery.DiscoveryClient - The response status is 200
2020-06-11 17:53:49.142 [main] INFO  com.netflix.discovery.DiscoveryClient - Starting heartbeat executor: renew interval is: 30
2020-06-11 17:53:49.144 [main] INFO  com.netflix.discovery.InstanceInfoReplicator - InstanceInfoReplicator onDemand update allowed rate per min is 4
2020-06-11 17:53:49.148 [main] INFO  com.netflix.discovery.DiscoveryClient - Discovery Client initialized at timestamp 1591869229147 with initial instances count: 5
2020-06-11 17:53:49.263 [main] INFO  o.s.c.n.e.serviceregistry.EurekaServiceRegistry - Registering application MALL-USER-SERVICE with eureka with status UP
2020-06-11 17:53:49.264 [main] INFO  com.netflix.discovery.DiscoveryClient - Saw local status change event StatusChangeEvent [timestamp=1591869229264, current=UP, previous=STARTING]
2020-06-11 17:53:49.266 [DiscoveryClient-InstanceInfoReplicator-0] INFO  com.netflix.discovery.DiscoveryClient - DiscoveryClient_MALL-USER-SERVICE/119.45.45.184:mall-user-service:8184: registering service...
2020-06-11 17:53:49.279 [main] INFO  org.apache.coyote.http11.Http11NioProtocol - Starting ProtocolHandler ["http-nio-8184"]
2020-06-11 17:53:49.302 [main] INFO  o.s.boot.web.embedded.tomcat.TomcatWebServer - Tomcat started on port(s): 8184 (http) with context path ''
2020-06-11 17:53:49.303 [main] INFO  o.s.c.n.e.s.EurekaAutoServiceRegistration - Updating port to 8184
2020-06-11 17:53:49.331 [DiscoveryClient-InstanceInfoReplicator-0] INFO  com.netflix.discovery.DiscoveryClient - DiscoveryClient_MALL-USER-SERVICE/119.45.45.184:mall-user-service:8184 - registration status: 204
2020-06-11 17:53:50.620 [main] INFO  org.springframework.cloud.commons.util.InetUtils - Cannot determine local hostname
2020-06-11 17:53:50.622 [main] INFO  cn.enjoy.users.UserServiceApp - Started UserServiceApp in 19.26 seconds (JVM running for 20.539)
2020-06-11 17:53:50.795 [RMI TCP Connection(3)-192.168.67.1] INFO  org.mongodb.driver.connection - Opened connection [connectionId{localValue:2, serverValue:17}] to 94.191.83.120:27017
2020-06-11 17:53:50.944 [boundedElastic-1] INFO  io.lettuce.core.EpollProvider - Starting without optional epoll library
2020-06-11 17:53:50.945 [boundedElastic-1] INFO  io.lettuce.core.KqueueProvider - Starting without optional kqueue library
2020-06-11 17:53:51.058 [RMI TCP Connection(5)-192.168.67.1] INFO  o.a.c.core.ContainerBase.[Tomcat].[localhost].[/] - Initializing Spring DispatcherServlet 'dispatcherServlet'
2020-06-11 17:53:51.058 [RMI TCP Connection(5)-192.168.67.1] INFO  org.springframework.web.servlet.DispatcherServlet - Initializing Servlet 'dispatcherServlet'
2020-06-11 17:53:51.083 [RMI TCP Connection(5)-192.168.67.1] INFO  org.springframework.web.servlet.DispatcherServlet - Completed initialization in 25 ms
2020-06-11 17:55:12.176 [SpringContextShutdownHook] INFO  o.s.c.n.e.serviceregistry.EurekaServiceRegistry - Unregistering application MALL-USER-SERVICE with eureka with status DOWN
2020-06-11 17:55:12.176 [SpringContextShutdownHook] WARN  com.netflix.discovery.DiscoveryClient - Saw local status change event StatusChangeEvent [timestamp=1591869312176, current=DOWN, previous=UP]
2020-06-11 17:55:12.176 [DiscoveryClient-InstanceInfoReplicator-0] INFO  com.netflix.discovery.DiscoveryClient - DiscoveryClient_MALL-USER-SERVICE/119.45.45.184:mall-user-service:8184: registering service...
2020-06-11 17:55:12.180 [SpringContextShutdownHook] INFO  o.s.scheduling.concurrent.ThreadPoolTaskExecutor - Shutting down ExecutorService 'applicationTaskExecutor'
2020-06-11 17:55:12.214 [DiscoveryClient-InstanceInfoReplicator-0] INFO  com.netflix.discovery.DiscoveryClient - DiscoveryClient_MALL-USER-SERVICE/119.45.45.184:mall-user-service:8184 - registration status: 204
2020-06-11 17:55:12.398 [SpringContextShutdownHook] INFO  org.mongodb.driver.connection - Closed connection [connectionId{localValue:2, serverValue:17}] to 94.191.83.120:27017 because the pool has been closed.
2020-06-11 17:55:12.400 [SpringContextShutdownHook] INFO  com.netflix.discovery.DiscoveryClient - Shutting down DiscoveryClient ...
2020-06-11 17:55:15.401 [SpringContextShutdownHook] INFO  com.netflix.discovery.DiscoveryClient - Unregistering ...
2020-06-11 17:55:15.440 [SpringContextShutdownHook] INFO  com.netflix.discovery.DiscoveryClient - DiscoveryClient_MALL-USER-SERVICE/119.45.45.184:mall-user-service:8184 - deregister  status: 200
2020-06-11 17:55:15.446 [SpringContextShutdownHook] INFO  com.netflix.discovery.DiscoveryClient - Completed shut down of DiscoveryClient
