2020-04-25 21:45:09.820 [main] INFO  cn.enjoy.users.UserServiceApp - The following profiles are active: beta
2020-04-25 21:45:10.710 [main] INFO  o.s.d.r.config.RepositoryConfigurationDelegate - Multiple Spring Data modules found, entering strict repository configuration mode!
2020-04-25 21:45:10.711 [main] INFO  o.s.d.r.config.RepositoryConfigurationDelegate - Bootstrapping Spring Data MongoDB repositories in DEFAULT mode.
2020-04-25 21:45:10.735 [main] INFO  o.s.d.r.config.RepositoryConfigurationDelegate - Finished Spring Data repository scanning in 18ms. Found 0 MongoDB repository interfaces.
2020-04-25 21:45:10.745 [main] INFO  o.s.d.r.config.RepositoryConfigurationDelegate - Multiple Spring Data modules found, entering strict repository configuration mode!
2020-04-25 21:45:10.746 [main] INFO  o.s.d.r.config.RepositoryConfigurationDelegate - Bootstrapping Spring Data Redis repositories in DEFAULT mode.
2020-04-25 21:45:10.761 [main] INFO  o.s.d.r.config.RepositoryConfigurationDelegate - Finished Spring Data repository scanning in 6ms. Found 0 Redis repository interfaces.
2020-04-25 21:45:10.853 [main] WARN  o.springframework.boot.actuate.endpoint.EndpointId - Endpoint ID 'service-registry' contains invalid characters, please migrate to a valid format.
2020-04-25 21:45:11.019 [main] INFO  o.springframework.cloud.context.scope.GenericScope - BeanFactory id=16561e5d-3300-3c16-a1fd-e7355042ef67
2020-04-25 21:45:11.213 [main] INFO  o.s.c.s.PostProcessorRegistrationDelegate$BeanPostProcessorChecker - Bean 'org.springframework.transaction.annotation.ProxyTransactionManagementConfiguration' of type [org.springframework.transaction.annotation.ProxyTransactionManagementConfiguration] is not eligible for getting processed by all BeanPostProcessors (for example: not eligible for auto-proxying)
2020-04-25 21:45:12.091 [main] INFO  o.s.boot.web.embedded.tomcat.TomcatWebServer - Tomcat initialized with port(s): 8184 (http)
2020-04-25 21:45:12.099 [main] INFO  org.apache.coyote.http11.Http11NioProtocol - Initializing ProtocolHandler ["http-nio-8184"]
2020-04-25 21:45:12.100 [main] INFO  org.apache.catalina.core.StandardService - Starting service [Tomcat]
2020-04-25 21:45:12.100 [main] INFO  org.apache.catalina.core.StandardEngine - Starting Servlet engine: [Apache Tomcat/9.0.29]
2020-04-25 21:45:12.247 [main] INFO  o.a.c.core.ContainerBase.[Tomcat].[localhost].[/] - Initializing Spring embedded WebApplicationContext
2020-04-25 21:45:12.247 [main] INFO  org.springframework.web.context.ContextLoader - Root WebApplicationContext: initialization completed in 2410 ms
2020-04-25 21:45:12.565 [main] WARN  com.netflix.config.sources.URLConfigurationSource - No URLs will be polled as dynamic configuration sources.
2020-04-25 21:45:12.565 [main] INFO  com.netflix.config.sources.URLConfigurationSource - To enable URLs as dynamic configuration sources, define System property archaius.configurationSource.additionalUrls or make config.properties available on classpath.
2020-04-25 21:45:12.574 [main] INFO  com.netflix.config.DynamicPropertyFactory - DynamicPropertyFactory is initialized with configuration sources: com.netflix.config.ConcurrentCompositeConfiguration@23f8036d
2020-04-25 21:45:13.047 [main] INFO  org.mongodb.driver.cluster - Cluster created with settings {hosts=[94.191.83.120:27017], mode=SINGLE, requiredClusterType=UNKNOWN, serverSelectionTimeout='30000 ms', maxWaitQueueSize=500}
2020-04-25 21:45:13.241 [cluster-ClusterId{value='5ea43ee95916334bdd3037df', description='null'}-94.191.83.120:27017] INFO  org.mongodb.driver.connection - Opened connection [connectionId{localValue:1, serverValue:321}] to 94.191.83.120:27017
2020-04-25 21:45:13.302 [cluster-ClusterId{value='5ea43ee95916334bdd3037df', description='null'}-94.191.83.120:27017] INFO  org.mongodb.driver.cluster - Monitor thread successfully connected to server with description ServerDescription{address=94.191.83.120:27017, type=STANDALONE, state=CONNECTED, ok=true, version=ServerVersion{versionList=[4, 2, 5]}, minWireVersion=0, maxWireVersion=8, maxDocumentSize=16777216, logicalSessionTimeoutMinutes=30, roundTripTimeNanos=55914744}
2020-04-25 21:45:16.316 [main] WARN  com.netflix.config.sources.URLConfigurationSource - No URLs will be polled as dynamic configuration sources.
2020-04-25 21:45:16.316 [main] INFO  com.netflix.config.sources.URLConfigurationSource - To enable URLs as dynamic configuration sources, define System property archaius.configurationSource.additionalUrls or make config.properties available on classpath.
2020-04-25 21:45:17.460 [main] INFO  o.s.scheduling.concurrent.ThreadPoolTaskExecutor - Initializing ExecutorService 'applicationTaskExecutor'
2020-04-25 21:45:19.893 [main] WARN  o.s.c.l.c.BlockingLoadBalancerClientAutoConfiguration$BlockingLoadBalancerClientRibbonWarnLogger - You already have RibbonLoadBalancerClient on your classpath. It will be used by default. As Spring Cloud Ribbon is in maintenance mode. We recommend switching to BlockingLoadBalancerClient instead. In order to use it, set the value of `spring.cloud.loadbalancer.ribbon.enabled` to `false` or remove spring-cloud-starter-netflix-ribbon from your project.
2020-04-25 21:45:20.041 [main] INFO  o.s.b.actuate.endpoint.web.EndpointLinksResolver - Exposing 2 endpoint(s) beneath base path '/actuator'
2020-04-25 21:45:20.117 [main] INFO  o.s.cloud.netflix.eureka.InstanceInfoFactory - Setting initial instance status as: STARTING
2020-04-25 21:45:20.156 [main] INFO  com.netflix.discovery.DiscoveryClient - Initializing Eureka in region us-east-1
2020-04-25 21:45:20.221 [main] INFO  c.n.discovery.provider.DiscoveryJerseyProvider - Using JSON encoding codec LegacyJacksonJson
2020-04-25 21:45:20.221 [main] INFO  c.n.discovery.provider.DiscoveryJerseyProvider - Using JSON decoding codec LegacyJacksonJson
2020-04-25 21:45:20.471 [main] INFO  c.n.discovery.provider.DiscoveryJerseyProvider - Using XML encoding codec XStreamXml
2020-04-25 21:45:20.471 [main] INFO  c.n.discovery.provider.DiscoveryJerseyProvider - Using XML decoding codec XStreamXml
2020-04-25 21:45:20.687 [main] INFO  c.n.d.shared.resolver.aws.ConfigClusterResolver - Resolving eureka endpoints via configuration
2020-04-25 21:45:20.911 [main] INFO  com.netflix.discovery.DiscoveryClient - Disable delta property : false
2020-04-25 21:45:20.911 [main] INFO  com.netflix.discovery.DiscoveryClient - Single vip registry refresh property : null
2020-04-25 21:45:20.911 [main] INFO  com.netflix.discovery.DiscoveryClient - Force full registry fetch : false
2020-04-25 21:45:20.911 [main] INFO  com.netflix.discovery.DiscoveryClient - Application is null : false
2020-04-25 21:45:20.911 [main] INFO  com.netflix.discovery.DiscoveryClient - Registered Applications size is zero : true
2020-04-25 21:45:20.911 [main] INFO  com.netflix.discovery.DiscoveryClient - Application version is -1: true
2020-04-25 21:45:20.911 [main] INFO  com.netflix.discovery.DiscoveryClient - Getting all instance registry info from the eureka server
2020-04-25 21:45:21.279 [main] INFO  com.netflix.discovery.DiscoveryClient - The response status is 200
2020-04-25 21:45:21.281 [main] INFO  com.netflix.discovery.DiscoveryClient - Starting heartbeat executor: renew interval is: 30
2020-04-25 21:45:21.283 [main] INFO  com.netflix.discovery.InstanceInfoReplicator - InstanceInfoReplicator onDemand update allowed rate per min is 4
2020-04-25 21:45:21.286 [main] INFO  com.netflix.discovery.DiscoveryClient - Discovery Client initialized at timestamp 1587822321285 with initial instances count: 0
2020-04-25 21:45:21.399 [main] INFO  o.s.c.n.e.serviceregistry.EurekaServiceRegistry - Registering application MALL-USER-SERVICE with eureka with status UP
2020-04-25 21:45:21.400 [main] INFO  com.netflix.discovery.DiscoveryClient - Saw local status change event StatusChangeEvent [timestamp=1587822321400, current=UP, previous=STARTING]
2020-04-25 21:45:21.402 [DiscoveryClient-InstanceInfoReplicator-0] INFO  com.netflix.discovery.DiscoveryClient - DiscoveryClient_MALL-USER-SERVICE/192.168.0.104:mall-user-service:8184: registering service...
2020-04-25 21:45:21.414 [main] INFO  org.apache.coyote.http11.Http11NioProtocol - Starting ProtocolHandler ["http-nio-8184"]
2020-04-25 21:45:21.440 [main] INFO  o.s.boot.web.embedded.tomcat.TomcatWebServer - Tomcat started on port(s): 8184 (http) with context path ''
2020-04-25 21:45:21.441 [main] INFO  o.s.c.n.e.s.EurekaAutoServiceRegistration - Updating port to 8184
2020-04-25 21:45:21.490 [DiscoveryClient-InstanceInfoReplicator-0] INFO  com.netflix.discovery.DiscoveryClient - DiscoveryClient_MALL-USER-SERVICE/192.168.0.104:mall-user-service:8184 - registration status: 204
2020-04-25 21:45:21.770 [main] INFO  cn.enjoy.users.UserServiceApp - Started UserServiceApp in 13.264 seconds (JVM running for 14.502)
2020-04-25 21:45:51.282 [DiscoveryClient-CacheRefreshExecutor-0] INFO  com.netflix.discovery.DiscoveryClient - Disable delta property : false
2020-04-25 21:45:51.282 [DiscoveryClient-CacheRefreshExecutor-0] INFO  com.netflix.discovery.DiscoveryClient - Single vip registry refresh property : null
2020-04-25 21:45:51.282 [DiscoveryClient-CacheRefreshExecutor-0] INFO  com.netflix.discovery.DiscoveryClient - Force full registry fetch : false
2020-04-25 21:45:51.282 [DiscoveryClient-CacheRefreshExecutor-0] INFO  com.netflix.discovery.DiscoveryClient - Application is null : false
2020-04-25 21:45:51.282 [DiscoveryClient-CacheRefreshExecutor-0] INFO  com.netflix.discovery.DiscoveryClient - Registered Applications size is zero : true
2020-04-25 21:45:51.282 [DiscoveryClient-CacheRefreshExecutor-0] INFO  com.netflix.discovery.DiscoveryClient - Application version is -1: false
2020-04-25 21:45:51.282 [DiscoveryClient-CacheRefreshExecutor-0] INFO  com.netflix.discovery.DiscoveryClient - Getting all instance registry info from the eureka server
2020-04-25 21:45:51.320 [DiscoveryClient-CacheRefreshExecutor-0] INFO  com.netflix.discovery.DiscoveryClient - The response status is 200
2020-04-25 21:47:03.052 [http-nio-8184-exec-1] INFO  o.a.c.core.ContainerBase.[Tomcat].[localhost].[/] - Initializing Spring DispatcherServlet 'dispatcherServlet'
2020-04-25 21:47:03.053 [http-nio-8184-exec-1] INFO  org.springframework.web.servlet.DispatcherServlet - Initializing Servlet 'dispatcherServlet'
2020-04-25 21:47:03.076 [http-nio-8184-exec-1] INFO  org.springframework.web.servlet.DispatcherServlet - Completed initialization in 23 ms
2020-04-25 21:47:03.188 [http-nio-8184-exec-1] INFO  com.alibaba.druid.pool.DruidDataSource - {dataSource-1} inited
2020-04-25 21:47:04.907 [http-nio-8184-exec-1] DEBUG cn.enjoy.users.dao.SysUserMapper.getUserByAccount - ==>  Preparing: select id, user_name, password, password_rand, real_name, mobile, email, org_code, identity_code, sys_code, status, validate_code, activated_time, create_time, create_user, update_time, update_user, birthday, captcha, captcha_time,qq,wx,icon,position_level,(select cname from sys_dict_data d where d.`code` =position_level and d.type='POSITION_LEVEL') position_level_str from sys_user where 1=1 and ( email =? or mobile =? or user_name =? ) and status=1 
2020-04-25 21:47:04.949 [http-nio-8184-exec-1] DEBUG cn.enjoy.users.dao.SysUserMapper.getUserByAccount - ==> Parameters: admin(String), admin(String), admin(String)
2020-04-25 21:47:05.009 [http-nio-8184-exec-1] DEBUG cn.enjoy.users.dao.SysUserMapper.getUserByAccount - <==      Total: 1
2020-04-25 21:47:05.013 [http-nio-8184-exec-1] DEBUG c.e.users.dao.SysRoleMapper.queryUserRoleByUserId - ==>  Preparing: select r.id, r.role_name, r.role_code, r.role_desc, r.sys_code, r.create_time, r.create_user, r.update_user, r.update_time, r.isDefault from sys_role r,sys_user_role ur where r.id=ur.role_id and ur.user_id = ? 
2020-04-25 21:47:05.015 [http-nio-8184-exec-1] DEBUG c.e.users.dao.SysRoleMapper.queryUserRoleByUserId - ==> Parameters: b9eabb3b63a24e1faa1d4a75262c1e99(String)
2020-04-25 21:47:05.060 [http-nio-8184-exec-1] DEBUG c.e.users.dao.SysRoleMapper.queryUserRoleByUserId - <==      Total: 1
2020-04-25 21:47:05.060 [http-nio-8184-exec-1] DEBUG c.e.u.dao.SysUserMapper.getUserByAccountWithLogin - ==>  Preparing: SELECT u.id, u.user_name, u.real_name, u.mobile, u.email, u.create_time, u.create_user, u.update_time, u.update_user, u.birthday, u.icon, u.qq, u.wx, u.position_level, (SELECT min(dd.cname) from sys_dict_data dd where dd.type='POSITION_LEVEL' and dd.code=u.position_level) AS position, GROUP_CONCAT(d.department_name) department_name FROM sys_user u LEFT JOIN user_department_info udi on u.id = udi.user_id LEFT JOIN department_info d on d.ID = udi.department_id WHERE 1 = 1 and ( u.email =? or u.mobile =? or u.user_name =? ) and u.status=1 group by u.id, u.user_name, u.real_name, u.mobile, u.email, u.create_time, u.create_user, u.update_time, u.update_user, u.birthday, u.qq, u.wx, u.position_level 
2020-04-25 21:47:05.064 [http-nio-8184-exec-1] DEBUG c.e.u.dao.SysUserMapper.getUserByAccountWithLogin - ==> Parameters: admin(String), admin(String), admin(String)
2020-04-25 21:47:05.110 [http-nio-8184-exec-1] DEBUG c.e.u.dao.SysUserMapper.getUserByAccountWithLogin - <==      Total: 1
2020-04-25 21:47:05.206 [http-nio-8184-exec-2] INFO  com.alibaba.druid.pool.DruidDataSource - {dataSource-2} inited
2020-04-25 21:47:05.754 [http-nio-8184-exec-2] DEBUG cn.enjoy.users.dao.SysResourceMapper.queryMenus - ==>  Preparing: SELECT r.id, r.name AS title, r.`code`, r.url, r.icon FROM sys_resource r WHERE r. STATUS = 1 AND r.type = 0 AND (r.parent_id IS NULL OR r.parent_id = '') AND r.id IN ( SELECT rr.resource_id FROM sys_role_resource rr, sys_role sr, sys_user_role ur, sys_user u WHERE rr.role_id = sr.id AND sr.id = ur.role_id and ur.user_id = u.id AND ur.user_id = ? ) ORDER BY r.sort_no 
2020-04-25 21:47:05.757 [http-nio-8184-exec-2] DEBUG cn.enjoy.users.dao.SysResourceMapper.queryMenus - ==> Parameters: b9eabb3b63a24e1faa1d4a75262c1e99(String)
2020-04-25 21:47:05.811 [http-nio-8184-exec-2] DEBUG cn.enjoy.users.dao.SysResourceMapper.queryMenus - <==      Total: 0
2020-04-25 21:47:05.844 [http-nio-8184-exec-3] DEBUG c.e.u.dao.SysResourceMapper.queryPermissionList - ==>  Preparing: SELECT DISTINCT r.id, r.name AS title, r.`code`, r.url, r.icon FROM sys_resource r JOIN sys_role_resource rr ON (r.parent_id = rr.resource_id AND r.type =2) or r.id = rr.resource_id JOIN sys_role sr ON sr.id = rr.role_id JOIN sys_user_role ur ON sr.id = ur.role_id JOIN sys_user u on ur.user_id = u.id WHERE 1=1 AND ur.user_id = ? 
2020-04-25 21:47:05.845 [http-nio-8184-exec-3] DEBUG c.e.u.dao.SysResourceMapper.queryPermissionList - ==> Parameters: b9eabb3b63a24e1faa1d4a75262c1e99(String)
2020-04-25 21:47:05.896 [http-nio-8184-exec-3] DEBUG c.e.u.dao.SysResourceMapper.queryPermissionList - <==      Total: 21
2020-04-25 21:47:05.905 [http-nio-8184-exec-4] DEBUG cn.enjoy.users.dao.DepartmentMapper.selectByUserId - ==>  Preparing: select i.id, i.department_name, i.department_code from department_info i,user_department_info di where i.ID = di.department_id and di.user_id=? 
2020-04-25 21:47:05.906 [http-nio-8184-exec-4] DEBUG cn.enjoy.users.dao.DepartmentMapper.selectByUserId - ==> Parameters: b9eabb3b63a24e1faa1d4a75262c1e99(String)
2020-04-25 21:47:05.950 [http-nio-8184-exec-4] DEBUG cn.enjoy.users.dao.DepartmentMapper.selectByUserId - <==      Total: 0
2020-04-25 21:47:09.006 [http-nio-8184-exec-6] DEBUG c.e.users.dao.SysResourceMapper.queryResourceByUrl - ==>  Preparing: select id, name, code, parent_id, identifying, url, icon, type, sort_no, status, create_user, create_time, update_user, update_time from sys_resource where url like CONCAT('%',?,'%') and status = '1' 
2020-04-25 21:47:09.008 [http-nio-8184-exec-6] DEBUG c.e.users.dao.SysResourceMapper.queryResourceByUrl - ==> Parameters: /api/personal/getPersonalInfo(String)
2020-04-25 21:47:09.055 [http-nio-8184-exec-6] DEBUG c.e.users.dao.SysResourceMapper.queryResourceByUrl - <==      Total: 0
2020-04-25 21:47:09.068 [http-nio-8184-exec-5] DEBUG c.enjoy.users.dao.SysUserMapper.selectByPrimaryKey - ==>  Preparing: select id, user_name, password, password_rand, real_name, mobile, email, org_code, identity_code, sys_code, status, validate_code, activated_time, create_time, create_user, update_time, update_user, birthday, captcha, captcha_time,qq,wx,icon,position_level,(select cname from sys_dict_data d where d.`code` =position_level and d.type='POSITION_LEVEL') position_level_str from sys_user where id = ? 
2020-04-25 21:47:09.069 [http-nio-8184-exec-5] DEBUG c.enjoy.users.dao.SysUserMapper.selectByPrimaryKey - ==> Parameters: b9eabb3b63a24e1faa1d4a75262c1e99(String)
2020-04-25 21:47:09.115 [http-nio-8184-exec-5] DEBUG c.enjoy.users.dao.SysUserMapper.selectByPrimaryKey - <==      Total: 1
2020-04-25 21:47:09.128 [http-nio-8184-exec-7] DEBUG cn.enjoy.users.dao.DepartmentMapper.selectByUserId - ==>  Preparing: select i.id, i.department_name, i.department_code from department_info i,user_department_info di where i.ID = di.department_id and di.user_id=? 
2020-04-25 21:47:09.129 [http-nio-8184-exec-7] DEBUG cn.enjoy.users.dao.DepartmentMapper.selectByUserId - ==> Parameters: b9eabb3b63a24e1faa1d4a75262c1e99(String)
2020-04-25 21:47:09.176 [http-nio-8184-exec-7] DEBUG cn.enjoy.users.dao.DepartmentMapper.selectByUserId - <==      Total: 0
2020-04-25 21:47:09.180 [http-nio-8184-exec-8] DEBUG c.e.u.dao.SysResourceMapper.queryPermissionList - ==>  Preparing: SELECT DISTINCT r.id, r.name AS title, r.`code`, r.url, r.icon FROM sys_resource r JOIN sys_role_resource rr ON (r.parent_id = rr.resource_id AND r.type =2) or r.id = rr.resource_id JOIN sys_role sr ON sr.id = rr.role_id JOIN sys_user_role ur ON sr.id = ur.role_id JOIN sys_user u on ur.user_id = u.id WHERE 1=1 AND ur.user_id = ? 
2020-04-25 21:47:09.180 [http-nio-8184-exec-8] DEBUG c.e.u.dao.SysResourceMapper.queryPermissionList - ==> Parameters: b9eabb3b63a24e1faa1d4a75262c1e99(String)
2020-04-25 21:47:09.227 [http-nio-8184-exec-8] DEBUG c.e.u.dao.SysResourceMapper.queryPermissionList - <==      Total: 21
2020-04-25 21:47:45.512 [http-nio-8184-exec-9] DEBUG c.e.users.dao.SysResourceMapper.queryResourceByUrl - ==>  Preparing: select id, name, code, parent_id, identifying, url, icon, type, sort_no, status, create_user, create_time, update_user, update_time from sys_resource where url like CONCAT('%',?,'%') and status = '1' 
2020-04-25 21:47:45.513 [http-nio-8184-exec-9] DEBUG c.e.users.dao.SysResourceMapper.queryResourceByUrl - ==> Parameters: /api/personal/getPersonalInfo(String)
2020-04-25 21:47:45.558 [http-nio-8184-exec-9] DEBUG c.e.users.dao.SysResourceMapper.queryResourceByUrl - <==      Total: 0
2020-04-25 21:47:45.562 [http-nio-8184-exec-10] DEBUG c.enjoy.users.dao.SysUserMapper.selectByPrimaryKey - ==>  Preparing: select id, user_name, password, password_rand, real_name, mobile, email, org_code, identity_code, sys_code, status, validate_code, activated_time, create_time, create_user, update_time, update_user, birthday, captcha, captcha_time,qq,wx,icon,position_level,(select cname from sys_dict_data d where d.`code` =position_level and d.type='POSITION_LEVEL') position_level_str from sys_user where id = ? 
2020-04-25 21:47:45.563 [http-nio-8184-exec-10] DEBUG c.enjoy.users.dao.SysUserMapper.selectByPrimaryKey - ==> Parameters: b9eabb3b63a24e1faa1d4a75262c1e99(String)
2020-04-25 21:47:45.610 [http-nio-8184-exec-10] DEBUG c.enjoy.users.dao.SysUserMapper.selectByPrimaryKey - <==      Total: 1
2020-04-25 21:47:45.614 [http-nio-8184-exec-1] DEBUG cn.enjoy.users.dao.DepartmentMapper.selectByUserId - ==>  Preparing: select i.id, i.department_name, i.department_code from department_info i,user_department_info di where i.ID = di.department_id and di.user_id=? 
2020-04-25 21:47:45.614 [http-nio-8184-exec-1] DEBUG cn.enjoy.users.dao.DepartmentMapper.selectByUserId - ==> Parameters: b9eabb3b63a24e1faa1d4a75262c1e99(String)
2020-04-25 21:47:45.658 [http-nio-8184-exec-1] DEBUG cn.enjoy.users.dao.DepartmentMapper.selectByUserId - <==      Total: 0
2020-04-25 21:47:45.662 [http-nio-8184-exec-2] DEBUG c.e.u.dao.SysResourceMapper.queryPermissionList - ==>  Preparing: SELECT DISTINCT r.id, r.name AS title, r.`code`, r.url, r.icon FROM sys_resource r JOIN sys_role_resource rr ON (r.parent_id = rr.resource_id AND r.type =2) or r.id = rr.resource_id JOIN sys_role sr ON sr.id = rr.role_id JOIN sys_user_role ur ON sr.id = ur.role_id JOIN sys_user u on ur.user_id = u.id WHERE 1=1 AND ur.user_id = ? 
2020-04-25 21:47:45.662 [http-nio-8184-exec-2] DEBUG c.e.u.dao.SysResourceMapper.queryPermissionList - ==> Parameters: b9eabb3b63a24e1faa1d4a75262c1e99(String)
2020-04-25 21:47:45.711 [http-nio-8184-exec-2] DEBUG c.e.u.dao.SysResourceMapper.queryPermissionList - <==      Total: 21
2020-04-25 21:50:20.914 [AsyncResolver-bootstrap-executor-0] INFO  c.n.d.shared.resolver.aws.ConfigClusterResolver - Resolving eureka endpoints via configuration
2020-04-25 21:55:20.915 [AsyncResolver-bootstrap-executor-0] INFO  c.n.d.shared.resolver.aws.ConfigClusterResolver - Resolving eureka endpoints via configuration
2020-04-25 22:00:20.916 [AsyncResolver-bootstrap-executor-0] INFO  c.n.d.shared.resolver.aws.ConfigClusterResolver - Resolving eureka endpoints via configuration
2020-04-25 22:05:20.916 [AsyncResolver-bootstrap-executor-0] INFO  c.n.d.shared.resolver.aws.ConfigClusterResolver - Resolving eureka endpoints via configuration
2020-04-25 22:10:20.917 [AsyncResolver-bootstrap-executor-0] INFO  c.n.d.shared.resolver.aws.ConfigClusterResolver - Resolving eureka endpoints via configuration
2020-04-25 22:15:20.919 [AsyncResolver-bootstrap-executor-0] INFO  c.n.d.shared.resolver.aws.ConfigClusterResolver - Resolving eureka endpoints via configuration
2020-04-25 22:20:20.921 [AsyncResolver-bootstrap-executor-0] INFO  c.n.d.shared.resolver.aws.ConfigClusterResolver - Resolving eureka endpoints via configuration
2020-04-25 22:23:23.141 [http-nio-8184-exec-4] DEBUG c.e.users.dao.SysResourceMapper.queryResourceByUrl - ==>  Preparing: select id, name, code, parent_id, identifying, url, icon, type, sort_no, status, create_user, create_time, update_user, update_time from sys_resource where url like CONCAT('%',?,'%') and status = '1' 
2020-04-25 22:23:23.142 [http-nio-8184-exec-4] DEBUG c.e.users.dao.SysResourceMapper.queryResourceByUrl - ==> Parameters: /api/personal/getPersonalInfo(String)
2020-04-25 22:23:23.188 [http-nio-8184-exec-4] DEBUG c.e.users.dao.SysResourceMapper.queryResourceByUrl - <==      Total: 0
2020-04-25 22:23:23.767 [http-nio-8184-exec-6] DEBUG cn.enjoy.users.dao.SysUserMapper.getUserByAccount - ==>  Preparing: select id, user_name, password, password_rand, real_name, mobile, email, org_code, identity_code, sys_code, status, validate_code, activated_time, create_time, create_user, update_time, update_user, birthday, captcha, captcha_time,qq,wx,icon,position_level,(select cname from sys_dict_data d where d.`code` =position_level and d.type='POSITION_LEVEL') position_level_str from sys_user where 1=1 and ( email =? or mobile =? or user_name =? ) and status=1 
2020-04-25 22:23:23.768 [http-nio-8184-exec-6] DEBUG cn.enjoy.users.dao.SysUserMapper.getUserByAccount - ==> Parameters: admin(String), admin(String), admin(String)
2020-04-25 22:23:23.839 [http-nio-8184-exec-6] DEBUG cn.enjoy.users.dao.SysUserMapper.getUserByAccount - <==      Total: 1
2020-04-25 22:23:23.846 [http-nio-8184-exec-5] DEBUG cn.enjoy.users.dao.SysUserMapper.getUserByAccount - ==>  Preparing: select id, user_name, password, password_rand, real_name, mobile, email, org_code, identity_code, sys_code, status, validate_code, activated_time, create_time, create_user, update_time, update_user, birthday, captcha, captcha_time,qq,wx,icon,position_level,(select cname from sys_dict_data d where d.`code` =position_level and d.type='POSITION_LEVEL') position_level_str from sys_user where 1=1 and ( email =? or mobile =? or user_name =? ) and status=1 
2020-04-25 22:23:23.847 [http-nio-8184-exec-5] DEBUG cn.enjoy.users.dao.SysUserMapper.getUserByAccount - ==> Parameters: admin@qq.com(String), admin@qq.com(String), admin@qq.com(String)
2020-04-25 22:23:23.896 [http-nio-8184-exec-5] DEBUG cn.enjoy.users.dao.SysUserMapper.getUserByAccount - <==      Total: 1
2020-04-25 22:23:23.896 [http-nio-8184-exec-5] DEBUG c.e.users.dao.SysRoleMapper.queryUserRoleByUserId - ==>  Preparing: select r.id, r.role_name, r.role_code, r.role_desc, r.sys_code, r.create_time, r.create_user, r.update_user, r.update_time, r.isDefault from sys_role r,sys_user_role ur where r.id=ur.role_id and ur.user_id = ? 
2020-04-25 22:23:23.897 [http-nio-8184-exec-5] DEBUG c.e.users.dao.SysRoleMapper.queryUserRoleByUserId - ==> Parameters: b9eabb3b63a24e1faa1d4a75262c1e99(String)
2020-04-25 22:23:23.942 [http-nio-8184-exec-5] DEBUG c.e.users.dao.SysRoleMapper.queryUserRoleByUserId - <==      Total: 1
2020-04-25 22:23:23.942 [http-nio-8184-exec-5] DEBUG c.e.u.dao.SysUserMapper.getUserByAccountWithLogin - ==>  Preparing: SELECT u.id, u.user_name, u.real_name, u.mobile, u.email, u.create_time, u.create_user, u.update_time, u.update_user, u.birthday, u.icon, u.qq, u.wx, u.position_level, (SELECT min(dd.cname) from sys_dict_data dd where dd.type='POSITION_LEVEL' and dd.code=u.position_level) AS position, GROUP_CONCAT(d.department_name) department_name FROM sys_user u LEFT JOIN user_department_info udi on u.id = udi.user_id LEFT JOIN department_info d on d.ID = udi.department_id WHERE 1 = 1 and ( u.email =? or u.mobile =? or u.user_name =? ) and u.status=1 group by u.id, u.user_name, u.real_name, u.mobile, u.email, u.create_time, u.create_user, u.update_time, u.update_user, u.birthday, u.qq, u.wx, u.position_level 
2020-04-25 22:23:23.944 [http-nio-8184-exec-5] DEBUG c.e.u.dao.SysUserMapper.getUserByAccountWithLogin - ==> Parameters: admin@qq.com(String), admin@qq.com(String), admin@qq.com(String)
2020-04-25 22:23:23.991 [http-nio-8184-exec-5] DEBUG c.e.u.dao.SysUserMapper.getUserByAccountWithLogin - <==      Total: 1
2020-04-25 22:23:23.997 [http-nio-8184-exec-7] DEBUG cn.enjoy.users.dao.SysResourceMapper.queryMenus - ==>  Preparing: SELECT r.id, r.name AS title, r.`code`, r.url, r.icon FROM sys_resource r WHERE r. STATUS = 1 AND r.type = 0 AND (r.parent_id IS NULL OR r.parent_id = '') AND r.id IN ( SELECT rr.resource_id FROM sys_role_resource rr, sys_role sr, sys_user_role ur, sys_user u WHERE rr.role_id = sr.id AND sr.id = ur.role_id and ur.user_id = u.id AND ur.user_id = ? ) ORDER BY r.sort_no 
2020-04-25 22:23:23.998 [http-nio-8184-exec-7] DEBUG cn.enjoy.users.dao.SysResourceMapper.queryMenus - ==> Parameters: b9eabb3b63a24e1faa1d4a75262c1e99(String)
2020-04-25 22:23:24.044 [http-nio-8184-exec-7] DEBUG cn.enjoy.users.dao.SysResourceMapper.queryMenus - <==      Total: 0
2020-04-25 22:23:24.050 [http-nio-8184-exec-8] DEBUG cn.enjoy.users.dao.SysResourceMapper.queryMenus - ==>  Preparing: SELECT r.id, r.name AS title, r.`code`, r.url, r.icon FROM sys_resource r WHERE r. STATUS = 1 AND r.type = 0 AND (r.parent_id IS NULL OR r.parent_id = '') AND r.id IN ( SELECT rr.resource_id FROM sys_role_resource rr, sys_role sr, sys_user_role ur, sys_user u WHERE rr.role_id = sr.id AND sr.id = ur.role_id and ur.user_id = u.id AND ur.user_id = ? ) ORDER BY r.sort_no 
2020-04-25 22:23:24.050 [http-nio-8184-exec-8] DEBUG cn.enjoy.users.dao.SysResourceMapper.queryMenus - ==> Parameters: b9eabb3b63a24e1faa1d4a75262c1e99(String)
2020-04-25 22:23:24.096 [http-nio-8184-exec-8] DEBUG cn.enjoy.users.dao.SysResourceMapper.queryMenus - <==      Total: 0
2020-04-25 22:23:24.100 [http-nio-8184-exec-9] DEBUG c.enjoy.users.dao.SysUserMapper.selectByPrimaryKey - ==>  Preparing: select id, user_name, password, password_rand, real_name, mobile, email, org_code, identity_code, sys_code, status, validate_code, activated_time, create_time, create_user, update_time, update_user, birthday, captcha, captcha_time,qq,wx,icon,position_level,(select cname from sys_dict_data d where d.`code` =position_level and d.type='POSITION_LEVEL') position_level_str from sys_user where id = ? 
2020-04-25 22:23:24.100 [http-nio-8184-exec-9] DEBUG c.enjoy.users.dao.SysUserMapper.selectByPrimaryKey - ==> Parameters: b9eabb3b63a24e1faa1d4a75262c1e99(String)
2020-04-25 22:23:24.146 [http-nio-8184-exec-9] DEBUG c.enjoy.users.dao.SysUserMapper.selectByPrimaryKey - <==      Total: 1
2020-04-25 22:23:24.151 [http-nio-8184-exec-10] DEBUG cn.enjoy.users.dao.DepartmentMapper.selectByUserId - ==>  Preparing: select i.id, i.department_name, i.department_code from department_info i,user_department_info di where i.ID = di.department_id and di.user_id=? 
2020-04-25 22:23:24.151 [http-nio-8184-exec-10] DEBUG cn.enjoy.users.dao.DepartmentMapper.selectByUserId - ==> Parameters: b9eabb3b63a24e1faa1d4a75262c1e99(String)
2020-04-25 22:23:24.195 [http-nio-8184-exec-10] DEBUG cn.enjoy.users.dao.DepartmentMapper.selectByUserId - <==      Total: 0
2020-04-25 22:23:24.201 [http-nio-8184-exec-1] DEBUG c.e.u.dao.SysResourceMapper.queryPermissionList - ==>  Preparing: SELECT DISTINCT r.id, r.name AS title, r.`code`, r.url, r.icon FROM sys_resource r JOIN sys_role_resource rr ON (r.parent_id = rr.resource_id AND r.type =2) or r.id = rr.resource_id JOIN sys_role sr ON sr.id = rr.role_id JOIN sys_user_role ur ON sr.id = ur.role_id JOIN sys_user u on ur.user_id = u.id WHERE 1=1 AND ur.user_id = ? 
2020-04-25 22:23:24.201 [http-nio-8184-exec-1] DEBUG c.e.u.dao.SysResourceMapper.queryPermissionList - ==> Parameters: b9eabb3b63a24e1faa1d4a75262c1e99(String)
2020-04-25 22:23:24.249 [http-nio-8184-exec-1] DEBUG c.e.u.dao.SysResourceMapper.queryPermissionList - <==      Total: 21
2020-04-25 22:25:20.922 [AsyncResolver-bootstrap-executor-0] INFO  c.n.d.shared.resolver.aws.ConfigClusterResolver - Resolving eureka endpoints via configuration
2020-04-25 22:29:43.490 [http-nio-8184-exec-3] DEBUG c.e.users.dao.SysResourceMapper.queryResourceByUrl - ==>  Preparing: select id, name, code, parent_id, identifying, url, icon, type, sort_no, status, create_user, create_time, update_user, update_time from sys_resource where url like CONCAT('%',?,'%') and status = '1' 
2020-04-25 22:29:43.490 [http-nio-8184-exec-3] DEBUG c.e.users.dao.SysResourceMapper.queryResourceByUrl - ==> Parameters: /api/goods/searchList(String)
2020-04-25 22:29:43.558 [http-nio-8184-exec-3] DEBUG c.e.users.dao.SysResourceMapper.queryResourceByUrl - <==      Total: 0
2020-04-25 22:29:43.559 [http-nio-8184-exec-4] DEBUG c.e.users.dao.SysResourceMapper.queryResourceByUrl - ==>  Preparing: select id, name, code, parent_id, identifying, url, icon, type, sort_no, status, create_user, create_time, update_user, update_time from sys_resource where url like CONCAT('%',?,'%') and status = '1' 
2020-04-25 22:29:43.559 [http-nio-8184-exec-4] DEBUG c.e.users.dao.SysResourceMapper.queryResourceByUrl - ==> Parameters: /api/goodscategory/getCategoryTree3(String)
2020-04-25 22:29:43.605 [http-nio-8184-exec-4] DEBUG c.e.users.dao.SysResourceMapper.queryResourceByUrl - <==      Total: 0
2020-04-25 22:29:43.605 [http-nio-8184-exec-6] DEBUG c.e.users.dao.SysResourceMapper.queryResourceByUrl - ==>  Preparing: select id, name, code, parent_id, identifying, url, icon, type, sort_no, status, create_user, create_time, update_user, update_time from sys_resource where url like CONCAT('%',?,'%') and status = '1' 
2020-04-25 22:29:43.606 [http-nio-8184-exec-6] DEBUG c.e.users.dao.SysResourceMapper.queryResourceByUrl - ==> Parameters: /api/goodsType/getAll(String)
2020-04-25 22:29:43.655 [http-nio-8184-exec-6] DEBUG c.e.users.dao.SysResourceMapper.queryResourceByUrl - <==      Total: 0
2020-04-25 22:30:20.923 [AsyncResolver-bootstrap-executor-0] INFO  c.n.d.shared.resolver.aws.ConfigClusterResolver - Resolving eureka endpoints via configuration
2020-04-25 22:31:45.324 [http-nio-8184-exec-10] DEBUG c.e.users.dao.SysResourceMapper.queryResourceByUrl - ==>  Preparing: select id, name, code, parent_id, identifying, url, icon, type, sort_no, status, create_user, create_time, update_user, update_time from sys_resource where url like CONCAT('%',?,'%') and status = '1' 
2020-04-25 22:31:45.325 [http-nio-8184-exec-10] DEBUG c.e.users.dao.SysResourceMapper.queryResourceByUrl - ==> Parameters: /api/goodscategory/getCategoryTree3(String)
2020-04-25 22:31:45.325 [http-nio-8184-exec-9] DEBUG c.e.users.dao.SysResourceMapper.queryResourceByUrl - ==>  Preparing: select id, name, code, parent_id, identifying, url, icon, type, sort_no, status, create_user, create_time, update_user, update_time from sys_resource where url like CONCAT('%',?,'%') and status = '1' 
2020-04-25 22:31:45.326 [http-nio-8184-exec-9] DEBUG c.e.users.dao.SysResourceMapper.queryResourceByUrl - ==> Parameters: /api/goodsType/getAll(String)
2020-04-25 22:31:45.373 [http-nio-8184-exec-10] DEBUG c.e.users.dao.SysResourceMapper.queryResourceByUrl - <==      Total: 0
2020-04-25 22:31:45.373 [http-nio-8184-exec-2] DEBUG c.e.users.dao.SysResourceMapper.queryResourceByUrl - ==>  Preparing: select id, name, code, parent_id, identifying, url, icon, type, sort_no, status, create_user, create_time, update_user, update_time from sys_resource where url like CONCAT('%',?,'%') and status = '1' 
2020-04-25 22:31:45.373 [http-nio-8184-exec-2] DEBUG c.e.users.dao.SysResourceMapper.queryResourceByUrl - ==> Parameters: /api/goods/searchList(String)
2020-04-25 22:31:45.374 [http-nio-8184-exec-9] DEBUG c.e.users.dao.SysResourceMapper.queryResourceByUrl - <==      Total: 0
2020-04-25 22:31:45.374 [http-nio-8184-exec-1] DEBUG c.e.users.dao.SysResourceMapper.queryResourceByUrl - ==>  Preparing: select id, name, code, parent_id, identifying, url, icon, type, sort_no, status, create_user, create_time, update_user, update_time from sys_resource where url like CONCAT('%',?,'%') and status = '1' 
2020-04-25 22:31:45.374 [http-nio-8184-exec-1] DEBUG c.e.users.dao.SysResourceMapper.queryResourceByUrl - ==> Parameters: /api/personal/getPersonalInfo(String)
2020-04-25 22:31:45.423 [http-nio-8184-exec-1] DEBUG c.e.users.dao.SysResourceMapper.queryResourceByUrl - <==      Total: 0
2020-04-25 22:31:45.423 [http-nio-8184-exec-2] DEBUG c.e.users.dao.SysResourceMapper.queryResourceByUrl - <==      Total: 0
2020-04-25 22:31:45.427 [http-nio-8184-exec-3] DEBUG c.enjoy.users.dao.SysUserMapper.selectByPrimaryKey - ==>  Preparing: select id, user_name, password, password_rand, real_name, mobile, email, org_code, identity_code, sys_code, status, validate_code, activated_time, create_time, create_user, update_time, update_user, birthday, captcha, captcha_time,qq,wx,icon,position_level,(select cname from sys_dict_data d where d.`code` =position_level and d.type='POSITION_LEVEL') position_level_str from sys_user where id = ? 
2020-04-25 22:31:45.427 [http-nio-8184-exec-3] DEBUG c.enjoy.users.dao.SysUserMapper.selectByPrimaryKey - ==> Parameters: b9eabb3b63a24e1faa1d4a75262c1e99(String)
2020-04-25 22:31:45.474 [http-nio-8184-exec-3] DEBUG c.enjoy.users.dao.SysUserMapper.selectByPrimaryKey - <==      Total: 1
2020-04-25 22:31:45.485 [http-nio-8184-exec-4] DEBUG cn.enjoy.users.dao.DepartmentMapper.selectByUserId - ==>  Preparing: select i.id, i.department_name, i.department_code from department_info i,user_department_info di where i.ID = di.department_id and di.user_id=? 
2020-04-25 22:31:45.485 [http-nio-8184-exec-4] DEBUG cn.enjoy.users.dao.DepartmentMapper.selectByUserId - ==> Parameters: b9eabb3b63a24e1faa1d4a75262c1e99(String)
2020-04-25 22:31:45.533 [http-nio-8184-exec-4] DEBUG cn.enjoy.users.dao.DepartmentMapper.selectByUserId - <==      Total: 0
2020-04-25 22:31:45.553 [http-nio-8184-exec-6] DEBUG c.e.u.dao.SysResourceMapper.queryPermissionList - ==>  Preparing: SELECT DISTINCT r.id, r.name AS title, r.`code`, r.url, r.icon FROM sys_resource r JOIN sys_role_resource rr ON (r.parent_id = rr.resource_id AND r.type =2) or r.id = rr.resource_id JOIN sys_role sr ON sr.id = rr.role_id JOIN sys_user_role ur ON sr.id = ur.role_id JOIN sys_user u on ur.user_id = u.id WHERE 1=1 AND ur.user_id = ? 
2020-04-25 22:31:45.554 [http-nio-8184-exec-6] DEBUG c.e.u.dao.SysResourceMapper.queryPermissionList - ==> Parameters: b9eabb3b63a24e1faa1d4a75262c1e99(String)
2020-04-25 22:31:45.600 [http-nio-8184-exec-6] DEBUG c.e.u.dao.SysResourceMapper.queryPermissionList - <==      Total: 21
2020-04-25 22:35:20.925 [AsyncResolver-bootstrap-executor-0] INFO  c.n.d.shared.resolver.aws.ConfigClusterResolver - Resolving eureka endpoints via configuration
2020-04-25 22:38:27.591 [http-nio-8184-exec-1] DEBUG c.e.users.dao.SysResourceMapper.queryResourceByUrl - ==>  Preparing: select id, name, code, parent_id, identifying, url, icon, type, sort_no, status, create_user, create_time, update_user, update_time from sys_resource where url like CONCAT('%',?,'%') and status = '1' 
2020-04-25 22:38:27.592 [http-nio-8184-exec-1] DEBUG c.e.users.dao.SysResourceMapper.queryResourceByUrl - ==> Parameters: /api/personal/getPersonalInfo(String)
2020-04-25 22:38:27.636 [http-nio-8184-exec-1] DEBUG c.e.users.dao.SysResourceMapper.queryResourceByUrl - <==      Total: 0
2020-04-25 22:38:27.636 [http-nio-8184-exec-9] DEBUG c.e.users.dao.SysResourceMapper.queryResourceByUrl - ==>  Preparing: select id, name, code, parent_id, identifying, url, icon, type, sort_no, status, create_user, create_time, update_user, update_time from sys_resource where url like CONCAT('%',?,'%') and status = '1' 
2020-04-25 22:38:27.637 [http-nio-8184-exec-9] DEBUG c.e.users.dao.SysResourceMapper.queryResourceByUrl - ==> Parameters: /api/goodscategory/getCategoryTree3(String)
2020-04-25 22:38:27.680 [http-nio-8184-exec-9] DEBUG c.e.users.dao.SysResourceMapper.queryResourceByUrl - <==      Total: 0
2020-04-25 22:38:27.681 [http-nio-8184-exec-2] DEBUG c.e.users.dao.SysResourceMapper.queryResourceByUrl - ==>  Preparing: select id, name, code, parent_id, identifying, url, icon, type, sort_no, status, create_user, create_time, update_user, update_time from sys_resource where url like CONCAT('%',?,'%') and status = '1' 
2020-04-25 22:38:27.681 [http-nio-8184-exec-2] DEBUG c.e.users.dao.SysResourceMapper.queryResourceByUrl - ==> Parameters: /api/goodsType/getAll(String)
2020-04-25 22:38:27.725 [http-nio-8184-exec-2] DEBUG c.e.users.dao.SysResourceMapper.queryResourceByUrl - <==      Total: 0
2020-04-25 22:38:27.725 [http-nio-8184-exec-3] DEBUG c.e.users.dao.SysResourceMapper.queryResourceByUrl - ==>  Preparing: select id, name, code, parent_id, identifying, url, icon, type, sort_no, status, create_user, create_time, update_user, update_time from sys_resource where url like CONCAT('%',?,'%') and status = '1' 
2020-04-25 22:38:27.725 [http-nio-8184-exec-3] DEBUG c.e.users.dao.SysResourceMapper.queryResourceByUrl - ==> Parameters: /api/goods/searchList(String)
2020-04-25 22:38:27.770 [http-nio-8184-exec-3] DEBUG c.e.users.dao.SysResourceMapper.queryResourceByUrl - <==      Total: 0
2020-04-25 22:38:27.771 [http-nio-8184-exec-4] DEBUG c.enjoy.users.dao.SysUserMapper.selectByPrimaryKey - ==>  Preparing: select id, user_name, password, password_rand, real_name, mobile, email, org_code, identity_code, sys_code, status, validate_code, activated_time, create_time, create_user, update_time, update_user, birthday, captcha, captcha_time,qq,wx,icon,position_level,(select cname from sys_dict_data d where d.`code` =position_level and d.type='POSITION_LEVEL') position_level_str from sys_user where id = ? 
2020-04-25 22:38:27.772 [http-nio-8184-exec-4] DEBUG c.enjoy.users.dao.SysUserMapper.selectByPrimaryKey - ==> Parameters: b9eabb3b63a24e1faa1d4a75262c1e99(String)
2020-04-25 22:38:27.820 [http-nio-8184-exec-4] DEBUG c.enjoy.users.dao.SysUserMapper.selectByPrimaryKey - <==      Total: 1
2020-04-25 22:38:31.405 [http-nio-8184-exec-6] DEBUG cn.enjoy.users.dao.DepartmentMapper.selectByUserId - ==>  Preparing: select i.id, i.department_name, i.department_code from department_info i,user_department_info di where i.ID = di.department_id and di.user_id=? 
2020-04-25 22:38:31.406 [http-nio-8184-exec-6] DEBUG cn.enjoy.users.dao.DepartmentMapper.selectByUserId - ==> Parameters: b9eabb3b63a24e1faa1d4a75262c1e99(String)
2020-04-25 22:38:31.452 [http-nio-8184-exec-6] DEBUG cn.enjoy.users.dao.DepartmentMapper.selectByUserId - <==      Total: 0
2020-04-25 22:38:31.459 [http-nio-8184-exec-5] DEBUG c.e.u.dao.SysResourceMapper.queryPermissionList - ==>  Preparing: SELECT DISTINCT r.id, r.name AS title, r.`code`, r.url, r.icon FROM sys_resource r JOIN sys_role_resource rr ON (r.parent_id = rr.resource_id AND r.type =2) or r.id = rr.resource_id JOIN sys_role sr ON sr.id = rr.role_id JOIN sys_user_role ur ON sr.id = ur.role_id JOIN sys_user u on ur.user_id = u.id WHERE 1=1 AND ur.user_id = ? 
2020-04-25 22:38:31.460 [http-nio-8184-exec-5] DEBUG c.e.u.dao.SysResourceMapper.queryPermissionList - ==> Parameters: b9eabb3b63a24e1faa1d4a75262c1e99(String)
2020-04-25 22:38:31.511 [http-nio-8184-exec-5] DEBUG c.e.u.dao.SysResourceMapper.queryPermissionList - <==      Total: 21
2020-04-25 22:40:20.927 [AsyncResolver-bootstrap-executor-0] INFO  c.n.d.shared.resolver.aws.ConfigClusterResolver - Resolving eureka endpoints via configuration
2020-04-25 22:45:13.330 [http-nio-8184-exec-4] DEBUG c.e.users.dao.SysResourceMapper.queryResourceByUrl - ==>  Preparing: select id, name, code, parent_id, identifying, url, icon, type, sort_no, status, create_user, create_time, update_user, update_time from sys_resource where url like CONCAT('%',?,'%') and status = '1' 
2020-04-25 22:45:13.331 [http-nio-8184-exec-4] DEBUG c.e.users.dao.SysResourceMapper.queryResourceByUrl - ==> Parameters: /api/goodsType/getAll(String)
2020-04-25 22:45:13.375 [http-nio-8184-exec-4] DEBUG c.e.users.dao.SysResourceMapper.queryResourceByUrl - <==      Total: 0
2020-04-25 22:45:13.375 [http-nio-8184-exec-3] DEBUG c.e.users.dao.SysResourceMapper.queryResourceByUrl - ==>  Preparing: select id, name, code, parent_id, identifying, url, icon, type, sort_no, status, create_user, create_time, update_user, update_time from sys_resource where url like CONCAT('%',?,'%') and status = '1' 
2020-04-25 22:45:13.376 [http-nio-8184-exec-3] DEBUG c.e.users.dao.SysResourceMapper.queryResourceByUrl - ==> Parameters: /api/goodscategory/getCategoryTree3(String)
2020-04-25 22:45:13.420 [http-nio-8184-exec-3] DEBUG c.e.users.dao.SysResourceMapper.queryResourceByUrl - <==      Total: 0
2020-04-25 22:45:13.420 [http-nio-8184-exec-2] DEBUG c.e.users.dao.SysResourceMapper.queryResourceByUrl - ==>  Preparing: select id, name, code, parent_id, identifying, url, icon, type, sort_no, status, create_user, create_time, update_user, update_time from sys_resource where url like CONCAT('%',?,'%') and status = '1' 
2020-04-25 22:45:13.420 [http-nio-8184-exec-2] DEBUG c.e.users.dao.SysResourceMapper.queryResourceByUrl - ==> Parameters: /api/goods/searchList(String)
2020-04-25 22:45:13.465 [http-nio-8184-exec-2] DEBUG c.e.users.dao.SysResourceMapper.queryResourceByUrl - <==      Total: 0
2020-04-25 22:45:13.466 [http-nio-8184-exec-9] DEBUG c.e.users.dao.SysResourceMapper.queryResourceByUrl - ==>  Preparing: select id, name, code, parent_id, identifying, url, icon, type, sort_no, status, create_user, create_time, update_user, update_time from sys_resource where url like CONCAT('%',?,'%') and status = '1' 
2020-04-25 22:45:13.466 [http-nio-8184-exec-9] DEBUG c.e.users.dao.SysResourceMapper.queryResourceByUrl - ==> Parameters: /api/personal/getPersonalInfo(String)
2020-04-25 22:45:13.509 [http-nio-8184-exec-9] DEBUG c.e.users.dao.SysResourceMapper.queryResourceByUrl - <==      Total: 0
2020-04-25 22:45:20.927 [AsyncResolver-bootstrap-executor-0] INFO  c.n.d.shared.resolver.aws.ConfigClusterResolver - Resolving eureka endpoints via configuration
2020-04-25 22:45:37.563 [http-nio-8184-exec-6] DEBUG c.enjoy.users.dao.SysUserMapper.selectByPrimaryKey - ==>  Preparing: select id, user_name, password, password_rand, real_name, mobile, email, org_code, identity_code, sys_code, status, validate_code, activated_time, create_time, create_user, update_time, update_user, birthday, captcha, captcha_time,qq,wx,icon,position_level,(select cname from sys_dict_data d where d.`code` =position_level and d.type='POSITION_LEVEL') position_level_str from sys_user where id = ? 
2020-04-25 22:45:37.564 [http-nio-8184-exec-6] DEBUG c.enjoy.users.dao.SysUserMapper.selectByPrimaryKey - ==> Parameters: b9eabb3b63a24e1faa1d4a75262c1e99(String)
2020-04-25 22:45:37.616 [http-nio-8184-exec-6] DEBUG c.enjoy.users.dao.SysUserMapper.selectByPrimaryKey - <==      Total: 1
2020-04-25 22:45:37.626 [http-nio-8184-exec-5] DEBUG cn.enjoy.users.dao.DepartmentMapper.selectByUserId - ==>  Preparing: select i.id, i.department_name, i.department_code from department_info i,user_department_info di where i.ID = di.department_id and di.user_id=? 
2020-04-25 22:45:37.626 [http-nio-8184-exec-5] DEBUG cn.enjoy.users.dao.DepartmentMapper.selectByUserId - ==> Parameters: b9eabb3b63a24e1faa1d4a75262c1e99(String)
2020-04-25 22:45:37.671 [http-nio-8184-exec-5] DEBUG cn.enjoy.users.dao.DepartmentMapper.selectByUserId - <==      Total: 0
2020-04-25 22:45:37.689 [http-nio-8184-exec-8] DEBUG c.e.u.dao.SysResourceMapper.queryPermissionList - ==>  Preparing: SELECT DISTINCT r.id, r.name AS title, r.`code`, r.url, r.icon FROM sys_resource r JOIN sys_role_resource rr ON (r.parent_id = rr.resource_id AND r.type =2) or r.id = rr.resource_id JOIN sys_role sr ON sr.id = rr.role_id JOIN sys_user_role ur ON sr.id = ur.role_id JOIN sys_user u on ur.user_id = u.id WHERE 1=1 AND ur.user_id = ? 
2020-04-25 22:45:37.690 [http-nio-8184-exec-8] DEBUG c.e.u.dao.SysResourceMapper.queryPermissionList - ==> Parameters: b9eabb3b63a24e1faa1d4a75262c1e99(String)
2020-04-25 22:45:37.736 [http-nio-8184-exec-8] DEBUG c.e.u.dao.SysResourceMapper.queryPermissionList - <==      Total: 21
2020-04-25 22:45:59.887 [http-nio-8184-exec-7] DEBUG c.e.users.dao.SysResourceMapper.queryResourceByUrl - ==>  Preparing: select id, name, code, parent_id, identifying, url, icon, type, sort_no, status, create_user, create_time, update_user, update_time from sys_resource where url like CONCAT('%',?,'%') and status = '1' 
2020-04-25 22:45:59.887 [http-nio-8184-exec-7] DEBUG c.e.users.dao.SysResourceMapper.queryResourceByUrl - ==> Parameters: /api/personal/getPersonalInfo(String)
2020-04-25 22:45:59.888 [http-nio-8184-exec-10] DEBUG c.e.users.dao.SysResourceMapper.queryResourceByUrl - ==>  Preparing: select id, name, code, parent_id, identifying, url, icon, type, sort_no, status, create_user, create_time, update_user, update_time from sys_resource where url like CONCAT('%',?,'%') and status = '1' 
2020-04-25 22:45:59.888 [http-nio-8184-exec-10] DEBUG c.e.users.dao.SysResourceMapper.queryResourceByUrl - ==> Parameters: /api/goodscategory/getCategoryTree3(String)
2020-04-25 22:45:59.935 [http-nio-8184-exec-7] DEBUG c.e.users.dao.SysResourceMapper.queryResourceByUrl - <==      Total: 0
2020-04-25 22:45:59.935 [http-nio-8184-exec-10] DEBUG c.e.users.dao.SysResourceMapper.queryResourceByUrl - <==      Total: 0
2020-04-25 22:45:59.935 [http-nio-8184-exec-1] DEBUG c.e.users.dao.SysResourceMapper.queryResourceByUrl - ==>  Preparing: select id, name, code, parent_id, identifying, url, icon, type, sort_no, status, create_user, create_time, update_user, update_time from sys_resource where url like CONCAT('%',?,'%') and status = '1' 
2020-04-25 22:45:59.936 [http-nio-8184-exec-1] DEBUG c.e.users.dao.SysResourceMapper.queryResourceByUrl - ==> Parameters: /api/goods/searchList(String)
2020-04-25 22:45:59.936 [http-nio-8184-exec-4] DEBUG c.e.users.dao.SysResourceMapper.queryResourceByUrl - ==>  Preparing: select id, name, code, parent_id, identifying, url, icon, type, sort_no, status, create_user, create_time, update_user, update_time from sys_resource where url like CONCAT('%',?,'%') and status = '1' 
2020-04-25 22:45:59.936 [http-nio-8184-exec-4] DEBUG c.e.users.dao.SysResourceMapper.queryResourceByUrl - ==> Parameters: /api/goodsType/getAll(String)
2020-04-25 22:45:59.981 [http-nio-8184-exec-4] DEBUG c.e.users.dao.SysResourceMapper.queryResourceByUrl - <==      Total: 0
2020-04-25 22:45:59.982 [http-nio-8184-exec-3] DEBUG c.enjoy.users.dao.SysUserMapper.selectByPrimaryKey - ==>  Preparing: select id, user_name, password, password_rand, real_name, mobile, email, org_code, identity_code, sys_code, status, validate_code, activated_time, create_time, create_user, update_time, update_user, birthday, captcha, captcha_time,qq,wx,icon,position_level,(select cname from sys_dict_data d where d.`code` =position_level and d.type='POSITION_LEVEL') position_level_str from sys_user where id = ? 
2020-04-25 22:45:59.982 [http-nio-8184-exec-1] DEBUG c.e.users.dao.SysResourceMapper.queryResourceByUrl - <==      Total: 0
2020-04-25 22:45:59.982 [http-nio-8184-exec-3] DEBUG c.enjoy.users.dao.SysUserMapper.selectByPrimaryKey - ==> Parameters: b9eabb3b63a24e1faa1d4a75262c1e99(String)
2020-04-25 22:46:00.027 [http-nio-8184-exec-3] DEBUG c.enjoy.users.dao.SysUserMapper.selectByPrimaryKey - <==      Total: 1
2020-04-25 22:46:03.584 [http-nio-8184-exec-2] DEBUG cn.enjoy.users.dao.DepartmentMapper.selectByUserId - ==>  Preparing: select i.id, i.department_name, i.department_code from department_info i,user_department_info di where i.ID = di.department_id and di.user_id=? 
2020-04-25 22:46:03.585 [http-nio-8184-exec-2] DEBUG cn.enjoy.users.dao.DepartmentMapper.selectByUserId - ==> Parameters: b9eabb3b63a24e1faa1d4a75262c1e99(String)
2020-04-25 22:46:03.629 [http-nio-8184-exec-2] DEBUG cn.enjoy.users.dao.DepartmentMapper.selectByUserId - <==      Total: 0
2020-04-25 22:46:03.633 [http-nio-8184-exec-9] DEBUG c.e.u.dao.SysResourceMapper.queryPermissionList - ==>  Preparing: SELECT DISTINCT r.id, r.name AS title, r.`code`, r.url, r.icon FROM sys_resource r JOIN sys_role_resource rr ON (r.parent_id = rr.resource_id AND r.type =2) or r.id = rr.resource_id JOIN sys_role sr ON sr.id = rr.role_id JOIN sys_user_role ur ON sr.id = ur.role_id JOIN sys_user u on ur.user_id = u.id WHERE 1=1 AND ur.user_id = ? 
2020-04-25 22:46:03.633 [http-nio-8184-exec-9] DEBUG c.e.u.dao.SysResourceMapper.queryPermissionList - ==> Parameters: b9eabb3b63a24e1faa1d4a75262c1e99(String)
2020-04-25 22:46:03.695 [http-nio-8184-exec-9] DEBUG c.e.u.dao.SysResourceMapper.queryPermissionList - <==      Total: 21
2020-04-25 22:46:31.867 [http-nio-8184-exec-6] DEBUG c.e.users.dao.SysResourceMapper.queryResourceByUrl - ==>  Preparing: select id, name, code, parent_id, identifying, url, icon, type, sort_no, status, create_user, create_time, update_user, update_time from sys_resource where url like CONCAT('%',?,'%') and status = '1' 
2020-04-25 22:46:31.868 [http-nio-8184-exec-5] DEBUG c.e.users.dao.SysResourceMapper.queryResourceByUrl - ==>  Preparing: select id, name, code, parent_id, identifying, url, icon, type, sort_no, status, create_user, create_time, update_user, update_time from sys_resource where url like CONCAT('%',?,'%') and status = '1' 
2020-04-25 22:46:31.868 [http-nio-8184-exec-6] DEBUG c.e.users.dao.SysResourceMapper.queryResourceByUrl - ==> Parameters: /api/goodsType/getAll(String)
2020-04-25 22:46:31.868 [http-nio-8184-exec-5] DEBUG c.e.users.dao.SysResourceMapper.queryResourceByUrl - ==> Parameters: /api/goodscategory/getCategoryTree3(String)
2020-04-25 22:46:31.874 [http-nio-8184-exec-8] DEBUG c.e.users.dao.SysResourceMapper.queryResourceByUrl - ==>  Preparing: select id, name, code, parent_id, identifying, url, icon, type, sort_no, status, create_user, create_time, update_user, update_time from sys_resource where url like CONCAT('%',?,'%') and status = '1' 
2020-04-25 22:46:31.874 [http-nio-8184-exec-8] DEBUG c.e.users.dao.SysResourceMapper.queryResourceByUrl - ==> Parameters: /api/personal/getPersonalInfo(String)
2020-04-25 22:46:31.915 [http-nio-8184-exec-6] DEBUG c.e.users.dao.SysResourceMapper.queryResourceByUrl - <==      Total: 0
2020-04-25 22:46:31.915 [http-nio-8184-exec-5] DEBUG c.e.users.dao.SysResourceMapper.queryResourceByUrl - <==      Total: 0
2020-04-25 22:46:31.915 [http-nio-8184-exec-7] DEBUG c.e.users.dao.SysResourceMapper.queryResourceByUrl - ==>  Preparing: select id, name, code, parent_id, identifying, url, icon, type, sort_no, status, create_user, create_time, update_user, update_time from sys_resource where url like CONCAT('%',?,'%') and status = '1' 
2020-04-25 22:46:31.915 [http-nio-8184-exec-7] DEBUG c.e.users.dao.SysResourceMapper.queryResourceByUrl - ==> Parameters: /api/goods/searchList(String)
2020-04-25 22:46:31.920 [http-nio-8184-exec-8] DEBUG c.e.users.dao.SysResourceMapper.queryResourceByUrl - <==      Total: 0
2020-04-25 22:46:31.924 [http-nio-8184-exec-10] DEBUG c.enjoy.users.dao.SysUserMapper.selectByPrimaryKey - ==>  Preparing: select id, user_name, password, password_rand, real_name, mobile, email, org_code, identity_code, sys_code, status, validate_code, activated_time, create_time, create_user, update_time, update_user, birthday, captcha, captcha_time,qq,wx,icon,position_level,(select cname from sys_dict_data d where d.`code` =position_level and d.type='POSITION_LEVEL') position_level_str from sys_user where id = ? 
2020-04-25 22:46:31.924 [http-nio-8184-exec-10] DEBUG c.enjoy.users.dao.SysUserMapper.selectByPrimaryKey - ==> Parameters: b9eabb3b63a24e1faa1d4a75262c1e99(String)
2020-04-25 22:46:31.960 [http-nio-8184-exec-7] DEBUG c.e.users.dao.SysResourceMapper.queryResourceByUrl - <==      Total: 0
2020-04-25 22:46:31.970 [http-nio-8184-exec-10] DEBUG c.enjoy.users.dao.SysUserMapper.selectByPrimaryKey - <==      Total: 1
2020-04-25 22:46:31.973 [http-nio-8184-exec-4] DEBUG cn.enjoy.users.dao.DepartmentMapper.selectByUserId - ==>  Preparing: select i.id, i.department_name, i.department_code from department_info i,user_department_info di where i.ID = di.department_id and di.user_id=? 
2020-04-25 22:46:31.974 [http-nio-8184-exec-4] DEBUG cn.enjoy.users.dao.DepartmentMapper.selectByUserId - ==> Parameters: b9eabb3b63a24e1faa1d4a75262c1e99(String)
2020-04-25 22:46:32.018 [http-nio-8184-exec-4] DEBUG cn.enjoy.users.dao.DepartmentMapper.selectByUserId - <==      Total: 0
2020-04-25 22:46:32.022 [http-nio-8184-exec-1] DEBUG c.e.u.dao.SysResourceMapper.queryPermissionList - ==>  Preparing: SELECT DISTINCT r.id, r.name AS title, r.`code`, r.url, r.icon FROM sys_resource r JOIN sys_role_resource rr ON (r.parent_id = rr.resource_id AND r.type =2) or r.id = rr.resource_id JOIN sys_role sr ON sr.id = rr.role_id JOIN sys_user_role ur ON sr.id = ur.role_id JOIN sys_user u on ur.user_id = u.id WHERE 1=1 AND ur.user_id = ? 
2020-04-25 22:46:32.022 [http-nio-8184-exec-1] DEBUG c.e.u.dao.SysResourceMapper.queryPermissionList - ==> Parameters: b9eabb3b63a24e1faa1d4a75262c1e99(String)
2020-04-25 22:46:32.068 [http-nio-8184-exec-1] DEBUG c.e.u.dao.SysResourceMapper.queryPermissionList - <==      Total: 21
2020-04-25 22:50:20.928 [AsyncResolver-bootstrap-executor-0] INFO  c.n.d.shared.resolver.aws.ConfigClusterResolver - Resolving eureka endpoints via configuration
2020-04-25 22:52:06.189 [http-nio-8184-exec-6] DEBUG c.e.users.dao.SysResourceMapper.queryResourceByUrl - ==>  Preparing: select id, name, code, parent_id, identifying, url, icon, type, sort_no, status, create_user, create_time, update_user, update_time from sys_resource where url like CONCAT('%',?,'%') and status = '1' 
2020-04-25 22:52:06.189 [http-nio-8184-exec-6] DEBUG c.e.users.dao.SysResourceMapper.queryResourceByUrl - ==> Parameters: /api/goods/searchList(String)
2020-04-25 22:52:06.235 [http-nio-8184-exec-6] DEBUG c.e.users.dao.SysResourceMapper.queryResourceByUrl - <==      Total: 0
2020-04-25 22:55:20.930 [AsyncResolver-bootstrap-executor-0] INFO  c.n.d.shared.resolver.aws.ConfigClusterResolver - Resolving eureka endpoints via configuration
2020-04-25 22:59:52.835 [http-nio-8184-exec-8] DEBUG c.e.users.dao.SysResourceMapper.queryResourceByUrl - ==>  Preparing: select id, name, code, parent_id, identifying, url, icon, type, sort_no, status, create_user, create_time, update_user, update_time from sys_resource where url like CONCAT('%',?,'%') and status = '1' 
2020-04-25 22:59:52.836 [http-nio-8184-exec-8] DEBUG c.e.users.dao.SysResourceMapper.queryResourceByUrl - ==> Parameters: /api/system/logined(String)
2020-04-25 22:59:52.887 [http-nio-8184-exec-8] DEBUG c.e.users.dao.SysResourceMapper.queryResourceByUrl - <==      Total: 0
2020-04-25 22:59:54.005 [http-nio-8184-exec-7] DEBUG cn.enjoy.users.dao.SysUserMapper.getUserByAccount - ==>  Preparing: select id, user_name, password, password_rand, real_name, mobile, email, org_code, identity_code, sys_code, status, validate_code, activated_time, create_time, create_user, update_time, update_user, birthday, captcha, captcha_time,qq,wx,icon,position_level,(select cname from sys_dict_data d where d.`code` =position_level and d.type='POSITION_LEVEL') position_level_str from sys_user where 1=1 and ( email =? or mobile =? or user_name =? ) and status=1 
2020-04-25 22:59:54.006 [http-nio-8184-exec-7] DEBUG cn.enjoy.users.dao.SysUserMapper.getUserByAccount - ==> Parameters: admin(String), admin(String), admin(String)
2020-04-25 22:59:54.054 [http-nio-8184-exec-7] DEBUG cn.enjoy.users.dao.SysUserMapper.getUserByAccount - <==      Total: 1
2020-04-25 22:59:54.055 [http-nio-8184-exec-7] DEBUG c.e.users.dao.SysRoleMapper.queryUserRoleByUserId - ==>  Preparing: select r.id, r.role_name, r.role_code, r.role_desc, r.sys_code, r.create_time, r.create_user, r.update_user, r.update_time, r.isDefault from sys_role r,sys_user_role ur where r.id=ur.role_id and ur.user_id = ? 
2020-04-25 22:59:54.055 [http-nio-8184-exec-7] DEBUG c.e.users.dao.SysRoleMapper.queryUserRoleByUserId - ==> Parameters: b9eabb3b63a24e1faa1d4a75262c1e99(String)
2020-04-25 22:59:54.099 [http-nio-8184-exec-7] DEBUG c.e.users.dao.SysRoleMapper.queryUserRoleByUserId - <==      Total: 1
2020-04-25 22:59:54.100 [http-nio-8184-exec-7] DEBUG c.e.u.dao.SysUserMapper.getUserByAccountWithLogin - ==>  Preparing: SELECT u.id, u.user_name, u.real_name, u.mobile, u.email, u.create_time, u.create_user, u.update_time, u.update_user, u.birthday, u.icon, u.qq, u.wx, u.position_level, (SELECT min(dd.cname) from sys_dict_data dd where dd.type='POSITION_LEVEL' and dd.code=u.position_level) AS position, GROUP_CONCAT(d.department_name) department_name FROM sys_user u LEFT JOIN user_department_info udi on u.id = udi.user_id LEFT JOIN department_info d on d.ID = udi.department_id WHERE 1 = 1 and ( u.email =? or u.mobile =? or u.user_name =? ) and u.status=1 group by u.id, u.user_name, u.real_name, u.mobile, u.email, u.create_time, u.create_user, u.update_time, u.update_user, u.birthday, u.qq, u.wx, u.position_level 
2020-04-25 22:59:54.100 [http-nio-8184-exec-7] DEBUG c.e.u.dao.SysUserMapper.getUserByAccountWithLogin - ==> Parameters: admin(String), admin(String), admin(String)
2020-04-25 22:59:54.146 [http-nio-8184-exec-7] DEBUG c.e.u.dao.SysUserMapper.getUserByAccountWithLogin - <==      Total: 1
2020-04-25 22:59:54.163 [http-nio-8184-exec-10] DEBUG cn.enjoy.users.dao.SysResourceMapper.queryMenus - ==>  Preparing: SELECT r.id, r.name AS title, r.`code`, r.url, r.icon FROM sys_resource r WHERE r. STATUS = 1 AND r.type = 0 AND (r.parent_id IS NULL OR r.parent_id = '') AND r.id IN ( SELECT rr.resource_id FROM sys_role_resource rr, sys_role sr, sys_user_role ur, sys_user u WHERE rr.role_id = sr.id AND sr.id = ur.role_id and ur.user_id = u.id AND ur.user_id = ? ) ORDER BY r.sort_no 
2020-04-25 22:59:54.164 [http-nio-8184-exec-10] DEBUG cn.enjoy.users.dao.SysResourceMapper.queryMenus - ==> Parameters: b9eabb3b63a24e1faa1d4a75262c1e99(String)
2020-04-25 22:59:54.208 [http-nio-8184-exec-10] DEBUG cn.enjoy.users.dao.SysResourceMapper.queryMenus - <==      Total: 0
2020-04-25 22:59:54.223 [http-nio-8184-exec-4] DEBUG c.e.u.dao.SysResourceMapper.queryPermissionList - ==>  Preparing: SELECT DISTINCT r.id, r.name AS title, r.`code`, r.url, r.icon FROM sys_resource r JOIN sys_role_resource rr ON (r.parent_id = rr.resource_id AND r.type =2) or r.id = rr.resource_id JOIN sys_role sr ON sr.id = rr.role_id JOIN sys_user_role ur ON sr.id = ur.role_id JOIN sys_user u on ur.user_id = u.id WHERE 1=1 AND ur.user_id = ? 
2020-04-25 22:59:54.224 [http-nio-8184-exec-4] DEBUG c.e.u.dao.SysResourceMapper.queryPermissionList - ==> Parameters: b9eabb3b63a24e1faa1d4a75262c1e99(String)
2020-04-25 22:59:54.271 [http-nio-8184-exec-4] DEBUG c.e.u.dao.SysResourceMapper.queryPermissionList - <==      Total: 21
2020-04-25 22:59:54.277 [http-nio-8184-exec-1] DEBUG cn.enjoy.users.dao.DepartmentMapper.selectByUserId - ==>  Preparing: select i.id, i.department_name, i.department_code from department_info i,user_department_info di where i.ID = di.department_id and di.user_id=? 
2020-04-25 22:59:54.277 [http-nio-8184-exec-1] DEBUG cn.enjoy.users.dao.DepartmentMapper.selectByUserId - ==> Parameters: b9eabb3b63a24e1faa1d4a75262c1e99(String)
2020-04-25 22:59:54.324 [http-nio-8184-exec-1] DEBUG cn.enjoy.users.dao.DepartmentMapper.selectByUserId - <==      Total: 0
2020-04-25 22:59:54.570 [http-nio-8184-exec-5] DEBUG c.e.users.dao.SysResourceMapper.queryResourceByUrl - ==>  Preparing: select id, name, code, parent_id, identifying, url, icon, type, sort_no, status, create_user, create_time, update_user, update_time from sys_resource where url like CONCAT('%',?,'%') and status = '1' 
2020-04-25 22:59:54.571 [http-nio-8184-exec-5] DEBUG c.e.users.dao.SysResourceMapper.queryResourceByUrl - ==> Parameters: /api/personal/getPersonalInfo(String)
2020-04-25 22:59:54.614 [http-nio-8184-exec-5] DEBUG c.e.users.dao.SysResourceMapper.queryResourceByUrl - <==      Total: 0
2020-04-25 22:59:54.618 [http-nio-8184-exec-2] DEBUG c.enjoy.users.dao.SysUserMapper.selectByPrimaryKey - ==>  Preparing: select id, user_name, password, password_rand, real_name, mobile, email, org_code, identity_code, sys_code, status, validate_code, activated_time, create_time, create_user, update_time, update_user, birthday, captcha, captcha_time,qq,wx,icon,position_level,(select cname from sys_dict_data d where d.`code` =position_level and d.type='POSITION_LEVEL') position_level_str from sys_user where id = ? 
2020-04-25 22:59:54.618 [http-nio-8184-exec-2] DEBUG c.enjoy.users.dao.SysUserMapper.selectByPrimaryKey - ==> Parameters: b9eabb3b63a24e1faa1d4a75262c1e99(String)
2020-04-25 22:59:54.663 [http-nio-8184-exec-2] DEBUG c.enjoy.users.dao.SysUserMapper.selectByPrimaryKey - <==      Total: 1
2020-04-25 22:59:54.673 [http-nio-8184-exec-9] DEBUG cn.enjoy.users.dao.DepartmentMapper.selectByUserId - ==>  Preparing: select i.id, i.department_name, i.department_code from department_info i,user_department_info di where i.ID = di.department_id and di.user_id=? 
2020-04-25 22:59:54.673 [http-nio-8184-exec-9] DEBUG cn.enjoy.users.dao.DepartmentMapper.selectByUserId - ==> Parameters: b9eabb3b63a24e1faa1d4a75262c1e99(String)
2020-04-25 22:59:54.718 [http-nio-8184-exec-9] DEBUG cn.enjoy.users.dao.DepartmentMapper.selectByUserId - <==      Total: 0
2020-04-25 22:59:54.721 [http-nio-8184-exec-3] DEBUG c.e.u.dao.SysResourceMapper.queryPermissionList - ==>  Preparing: SELECT DISTINCT r.id, r.name AS title, r.`code`, r.url, r.icon FROM sys_resource r JOIN sys_role_resource rr ON (r.parent_id = rr.resource_id AND r.type =2) or r.id = rr.resource_id JOIN sys_role sr ON sr.id = rr.role_id JOIN sys_user_role ur ON sr.id = ur.role_id JOIN sys_user u on ur.user_id = u.id WHERE 1=1 AND ur.user_id = ? 
2020-04-25 22:59:54.722 [http-nio-8184-exec-3] DEBUG c.e.u.dao.SysResourceMapper.queryPermissionList - ==> Parameters: b9eabb3b63a24e1faa1d4a75262c1e99(String)
2020-04-25 22:59:54.770 [http-nio-8184-exec-3] DEBUG c.e.u.dao.SysResourceMapper.queryPermissionList - <==      Total: 21
2020-04-25 23:00:08.969 [http-nio-8184-exec-6] DEBUG c.e.users.dao.SysResourceMapper.queryResourceByUrl - ==>  Preparing: select id, name, code, parent_id, identifying, url, icon, type, sort_no, status, create_user, create_time, update_user, update_time from sys_resource where url like CONCAT('%',?,'%') and status = '1' 
2020-04-25 23:00:08.969 [http-nio-8184-exec-6] DEBUG c.e.users.dao.SysResourceMapper.queryResourceByUrl - ==> Parameters: /api/goodscategory/getCategoryTree3(String)
2020-04-25 23:00:09.013 [http-nio-8184-exec-6] DEBUG c.e.users.dao.SysResourceMapper.queryResourceByUrl - <==      Total: 0
2020-04-25 23:00:09.013 [http-nio-8184-exec-8] DEBUG c.e.users.dao.SysResourceMapper.queryResourceByUrl - ==>  Preparing: select id, name, code, parent_id, identifying, url, icon, type, sort_no, status, create_user, create_time, update_user, update_time from sys_resource where url like CONCAT('%',?,'%') and status = '1' 
2020-04-25 23:00:09.013 [http-nio-8184-exec-8] DEBUG c.e.users.dao.SysResourceMapper.queryResourceByUrl - ==> Parameters: /api/goodsType/getAll(String)
2020-04-25 23:00:09.057 [http-nio-8184-exec-8] DEBUG c.e.users.dao.SysResourceMapper.queryResourceByUrl - <==      Total: 0
2020-04-25 23:00:09.058 [http-nio-8184-exec-7] DEBUG c.e.users.dao.SysResourceMapper.queryResourceByUrl - ==>  Preparing: select id, name, code, parent_id, identifying, url, icon, type, sort_no, status, create_user, create_time, update_user, update_time from sys_resource where url like CONCAT('%',?,'%') and status = '1' 
2020-04-25 23:00:09.058 [http-nio-8184-exec-7] DEBUG c.e.users.dao.SysResourceMapper.queryResourceByUrl - ==> Parameters: /api/goods/searchList(String)
2020-04-25 23:00:09.113 [http-nio-8184-exec-7] DEBUG c.e.users.dao.SysResourceMapper.queryResourceByUrl - <==      Total: 0
2020-04-25 23:00:20.930 [AsyncResolver-bootstrap-executor-0] INFO  c.n.d.shared.resolver.aws.ConfigClusterResolver - Resolving eureka endpoints via configuration
2020-04-25 23:04:22.989 [http-nio-8184-exec-9] DEBUG c.e.users.dao.SysResourceMapper.queryResourceByUrl - ==>  Preparing: select id, name, code, parent_id, identifying, url, icon, type, sort_no, status, create_user, create_time, update_user, update_time from sys_resource where url like CONCAT('%',?,'%') and status = '1' 
2020-04-25 23:04:22.990 [http-nio-8184-exec-9] DEBUG c.e.users.dao.SysResourceMapper.queryResourceByUrl - ==> Parameters: /api/goods/searchList(String)
2020-04-25 23:04:23.035 [http-nio-8184-exec-9] DEBUG c.e.users.dao.SysResourceMapper.queryResourceByUrl - <==      Total: 0
2020-04-25 23:04:23.035 [http-nio-8184-exec-3] DEBUG c.e.users.dao.SysResourceMapper.queryResourceByUrl - ==>  Preparing: select id, name, code, parent_id, identifying, url, icon, type, sort_no, status, create_user, create_time, update_user, update_time from sys_resource where url like CONCAT('%',?,'%') and status = '1' 
2020-04-25 23:04:23.036 [http-nio-8184-exec-3] DEBUG c.e.users.dao.SysResourceMapper.queryResourceByUrl - ==> Parameters: /api/goodsType/getAll(String)
2020-04-25 23:04:23.084 [http-nio-8184-exec-3] DEBUG c.e.users.dao.SysResourceMapper.queryResourceByUrl - <==      Total: 0
2020-04-25 23:04:41.584 [http-nio-8184-exec-2] DEBUG c.e.users.dao.SysResourceMapper.queryResourceByUrl - ==>  Preparing: select id, name, code, parent_id, identifying, url, icon, type, sort_no, status, create_user, create_time, update_user, update_time from sys_resource where url like CONCAT('%',?,'%') and status = '1' 
2020-04-25 23:04:41.585 [http-nio-8184-exec-2] DEBUG c.e.users.dao.SysResourceMapper.queryResourceByUrl - ==> Parameters: /api/personal/getPersonalInfo(String)
2020-04-25 23:04:41.589 [http-nio-8184-exec-5] DEBUG c.e.users.dao.SysResourceMapper.queryResourceByUrl - ==>  Preparing: select id, name, code, parent_id, identifying, url, icon, type, sort_no, status, create_user, create_time, update_user, update_time from sys_resource where url like CONCAT('%',?,'%') and status = '1' 
2020-04-25 23:04:41.589 [http-nio-8184-exec-5] DEBUG c.e.users.dao.SysResourceMapper.queryResourceByUrl - ==> Parameters: /api/goodscategory/getCategoryTree3(String)
2020-04-25 23:04:41.631 [http-nio-8184-exec-2] DEBUG c.e.users.dao.SysResourceMapper.queryResourceByUrl - <==      Total: 0
2020-04-25 23:04:41.635 [http-nio-8184-exec-6] DEBUG c.enjoy.users.dao.SysUserMapper.selectByPrimaryKey - ==>  Preparing: select id, user_name, password, password_rand, real_name, mobile, email, org_code, identity_code, sys_code, status, validate_code, activated_time, create_time, create_user, update_time, update_user, birthday, captcha, captcha_time,qq,wx,icon,position_level,(select cname from sys_dict_data d where d.`code` =position_level and d.type='POSITION_LEVEL') position_level_str from sys_user where id = ? 
2020-04-25 23:04:41.635 [http-nio-8184-exec-6] DEBUG c.enjoy.users.dao.SysUserMapper.selectByPrimaryKey - ==> Parameters: b9eabb3b63a24e1faa1d4a75262c1e99(String)
2020-04-25 23:04:41.636 [http-nio-8184-exec-5] DEBUG c.e.users.dao.SysResourceMapper.queryResourceByUrl - <==      Total: 0
2020-04-25 23:04:41.685 [http-nio-8184-exec-6] DEBUG c.enjoy.users.dao.SysUserMapper.selectByPrimaryKey - <==      Total: 1
2020-04-25 23:04:41.690 [http-nio-8184-exec-8] DEBUG cn.enjoy.users.dao.DepartmentMapper.selectByUserId - ==>  Preparing: select i.id, i.department_name, i.department_code from department_info i,user_department_info di where i.ID = di.department_id and di.user_id=? 
2020-04-25 23:04:41.690 [http-nio-8184-exec-8] DEBUG cn.enjoy.users.dao.DepartmentMapper.selectByUserId - ==> Parameters: b9eabb3b63a24e1faa1d4a75262c1e99(String)
2020-04-25 23:04:41.736 [http-nio-8184-exec-8] DEBUG cn.enjoy.users.dao.DepartmentMapper.selectByUserId - <==      Total: 0
2020-04-25 23:04:41.740 [http-nio-8184-exec-7] DEBUG c.e.u.dao.SysResourceMapper.queryPermissionList - ==>  Preparing: SELECT DISTINCT r.id, r.name AS title, r.`code`, r.url, r.icon FROM sys_resource r JOIN sys_role_resource rr ON (r.parent_id = rr.resource_id AND r.type =2) or r.id = rr.resource_id JOIN sys_role sr ON sr.id = rr.role_id JOIN sys_user_role ur ON sr.id = ur.role_id JOIN sys_user u on ur.user_id = u.id WHERE 1=1 AND ur.user_id = ? 
2020-04-25 23:04:41.740 [http-nio-8184-exec-7] DEBUG c.e.u.dao.SysResourceMapper.queryPermissionList - ==> Parameters: b9eabb3b63a24e1faa1d4a75262c1e99(String)
2020-04-25 23:04:41.788 [http-nio-8184-exec-7] DEBUG c.e.u.dao.SysResourceMapper.queryPermissionList - <==      Total: 21
2020-04-25 23:05:20.931 [AsyncResolver-bootstrap-executor-0] INFO  c.n.d.shared.resolver.aws.ConfigClusterResolver - Resolving eureka endpoints via configuration
2020-04-25 23:10:20.933 [AsyncResolver-bootstrap-executor-0] INFO  c.n.d.shared.resolver.aws.ConfigClusterResolver - Resolving eureka endpoints via configuration
2020-04-25 23:11:10.651 [http-nio-8184-exec-3] DEBUG c.e.users.dao.SysResourceMapper.queryResourceByUrl - ==>  Preparing: select id, name, code, parent_id, identifying, url, icon, type, sort_no, status, create_user, create_time, update_user, update_time from sys_resource where url like CONCAT('%',?,'%') and status = '1' 
2020-04-25 23:11:10.651 [http-nio-8184-exec-3] DEBUG c.e.users.dao.SysResourceMapper.queryResourceByUrl - ==> Parameters: /api/brand/getAll(String)
2020-04-25 23:11:10.697 [http-nio-8184-exec-3] DEBUG c.e.users.dao.SysResourceMapper.queryResourceByUrl - <==      Total: 0
2020-04-25 23:11:10.698 [http-nio-8184-exec-6] DEBUG c.e.users.dao.SysResourceMapper.queryResourceByUrl - ==>  Preparing: select id, name, code, parent_id, identifying, url, icon, type, sort_no, status, create_user, create_time, update_user, update_time from sys_resource where url like CONCAT('%',?,'%') and status = '1' 
2020-04-25 23:11:10.699 [http-nio-8184-exec-6] DEBUG c.e.users.dao.SysResourceMapper.queryResourceByUrl - ==> Parameters: /api/goodsType/getAll(String)
2020-04-25 23:11:10.743 [http-nio-8184-exec-6] DEBUG c.e.users.dao.SysResourceMapper.queryResourceByUrl - <==      Total: 0
2020-04-25 23:11:10.743 [http-nio-8184-exec-2] DEBUG c.e.users.dao.SysResourceMapper.queryResourceByUrl - ==>  Preparing: select id, name, code, parent_id, identifying, url, icon, type, sort_no, status, create_user, create_time, update_user, update_time from sys_resource where url like CONCAT('%',?,'%') and status = '1' 
2020-04-25 23:11:10.744 [http-nio-8184-exec-2] DEBUG c.e.users.dao.SysResourceMapper.queryResourceByUrl - ==> Parameters: /api/goodscategory/getCategoryTree3(String)
2020-04-25 23:11:10.786 [http-nio-8184-exec-2] DEBUG c.e.users.dao.SysResourceMapper.queryResourceByUrl - <==      Total: 0
2020-04-25 23:11:10.787 [http-nio-8184-exec-5] DEBUG c.e.users.dao.SysResourceMapper.queryResourceByUrl - ==>  Preparing: select id, name, code, parent_id, identifying, url, icon, type, sort_no, status, create_user, create_time, update_user, update_time from sys_resource where url like CONCAT('%',?,'%') and status = '1' 
2020-04-25 23:11:10.787 [http-nio-8184-exec-5] DEBUG c.e.users.dao.SysResourceMapper.queryResourceByUrl - ==> Parameters: /api/goods/detail(String)
2020-04-25 23:11:10.829 [http-nio-8184-exec-5] DEBUG c.e.users.dao.SysResourceMapper.queryResourceByUrl - <==      Total: 0
2020-04-25 23:11:14.861 [http-nio-8184-exec-8] DEBUG c.e.users.dao.SysResourceMapper.queryResourceByUrl - ==>  Preparing: select id, name, code, parent_id, identifying, url, icon, type, sort_no, status, create_user, create_time, update_user, update_time from sys_resource where url like CONCAT('%',?,'%') and status = '1' 
2020-04-25 23:11:14.862 [http-nio-8184-exec-8] DEBUG c.e.users.dao.SysResourceMapper.queryResourceByUrl - ==> Parameters: /api/goods/querySpecAndAttrByType(String)
2020-04-25 23:11:14.907 [http-nio-8184-exec-8] DEBUG c.e.users.dao.SysResourceMapper.queryResourceByUrl - <==      Total: 0
2020-04-25 23:11:37.581 [http-nio-8184-exec-7] DEBUG c.e.users.dao.SysResourceMapper.queryResourceByUrl - ==>  Preparing: select id, name, code, parent_id, identifying, url, icon, type, sort_no, status, create_user, create_time, update_user, update_time from sys_resource where url like CONCAT('%',?,'%') and status = '1' 
2020-04-25 23:11:37.582 [http-nio-8184-exec-7] DEBUG c.e.users.dao.SysResourceMapper.queryResourceByUrl - ==> Parameters: /api/goods/save(String)
2020-04-25 23:11:37.629 [http-nio-8184-exec-7] DEBUG c.e.users.dao.SysResourceMapper.queryResourceByUrl - <==      Total: 0
2020-04-25 23:11:45.957 [http-nio-8184-exec-4] DEBUG c.e.users.dao.SysResourceMapper.queryResourceByUrl - ==>  Preparing: select id, name, code, parent_id, identifying, url, icon, type, sort_no, status, create_user, create_time, update_user, update_time from sys_resource where url like CONCAT('%',?,'%') and status = '1' 
2020-04-25 23:11:45.957 [http-nio-8184-exec-4] DEBUG c.e.users.dao.SysResourceMapper.queryResourceByUrl - ==> Parameters: /api/goodscategory/getCategoryTree3(String)
2020-04-25 23:11:45.958 [http-nio-8184-exec-10] DEBUG c.e.users.dao.SysResourceMapper.queryResourceByUrl - ==>  Preparing: select id, name, code, parent_id, identifying, url, icon, type, sort_no, status, create_user, create_time, update_user, update_time from sys_resource where url like CONCAT('%',?,'%') and status = '1' 
2020-04-25 23:11:45.958 [http-nio-8184-exec-10] DEBUG c.e.users.dao.SysResourceMapper.queryResourceByUrl - ==> Parameters: /api/goodsType/getAll(String)
2020-04-25 23:11:46.001 [http-nio-8184-exec-10] DEBUG c.e.users.dao.SysResourceMapper.queryResourceByUrl - <==      Total: 0
2020-04-25 23:11:46.001 [http-nio-8184-exec-4] DEBUG c.e.users.dao.SysResourceMapper.queryResourceByUrl - <==      Total: 0
